#
# There is insufficient memory for the Java Runtime Environment to continue.
# Native memory allocation (malloc) failed to allocate 290576 bytes for Chunk::new
# Possible reasons:
#   The system is out of physical RAM or swap space
#   The process is running with CompressedOops enabled, and the Java Heap may be blocking the growth of the native heap
# Possible solutions:
#   Reduce memory load on the system
#   Increase physical memory or swap space
#   Check if swap backing store is full
#   Decrease Java heap size (-Xmx/-Xms)
#   Decrease number of Java threads
#   Decrease Java thread stack sizes (-Xss)
#   Set larger code cache with -XX:ReservedCodeCacheSize=
#   JVM is running with Unscaled Compressed Oops mode in which the Java heap is
#     placed in the first 4GB address space. The Java Heap base address is the
#     maximum limit for the native heap growth. Please use -XX:HeapBaseMinAddress
#     to set the Java Heap base and to place the Java Heap above 4GB virtual address.
# This output file may be truncated or incomplete.
#
#  Out of Memory Error (arena.cpp:168), pid=35752, tid=28444
#
# JRE version: Java(TM) SE Runtime Environment (21.0.1+12) (build 21.0.1+12-LTS-29)
# Java VM: Java HotSpot(TM) 64-Bit Server VM (21.0.1+12-LTS-29, mixed mode, sharing, tiered, compressed oops, compressed class ptrs, g1 gc, windows-amd64)
# No core dump will be written. Minidumps are not enabled by default on client versions of Windows
#

---------------  S U M M A R Y ------------

Command Line: -ea -Dfile.encoding=UTF-8 -Dstdout.encoding=UTF-8 -Dstderr.encoding=UTF-8 -XX:+ShowCodeDetailsInExceptionMessages org.testng.remote.RemoteTestNG -serport 54161 -protocol json -d C:\Users\abhay\eclipse-workspace\DDFWP1\test-output C:\Users\abhay\AppData\Local\Temp\testng-eclipse-1355853935\testng-customsuite.xml

Host: Intel(R) Core(TM) i3-6100U CPU @ 2.30GHz, 4 cores, 3G,  Windows 10 , 64 bit Build 19041 (10.0.19041.3636)
Time: Fri Aug 30 16:52:47 2024 India Standard Time elapsed time: 8.476018 seconds (0d 0h 0m 8s)

---------------  T H R E A D  ---------------

Current thread (0x000002c0c0de2ab0):  JavaThread "C2 CompilerThread0" daemon [_thread_in_native, id=28444, stack(0x000000ec46f00000,0x000000ec47000000) (1024K)]


Current CompileTask:
C2:   8476 2013       4       jdk.internal.loader.URLClassPath::getResource (74 bytes)

Stack: [0x000000ec46f00000,0x000000ec47000000]
Native frames: (J=compiled Java code, j=interpreted, Vv=VM code, C=native code)
V  [jvm.dll+0x6c9029]
V  [jvm.dll+0x854b81]
V  [jvm.dll+0x856e5e]
V  [jvm.dll+0x857543]
V  [jvm.dll+0x280c06]
V  [jvm.dll+0xc3ead]
V  [jvm.dll+0xc43c3]
V  [jvm.dll+0x2f3f3f]
V  [jvm.dll+0x5f40a6]
V  [jvm.dll+0x252bef]
V  [jvm.dll+0x252fbf]
V  [jvm.dll+0x24b734]
V  [jvm.dll+0x248fa3]
V  [jvm.dll+0x1c9ca1]
V  [jvm.dll+0x2586b9]
V  [jvm.dll+0x256c9a]
V  [jvm.dll+0x3ef1b6]
V  [jvm.dll+0x7fd728]
V  [jvm.dll+0x6c777d]
C  [ucrtbase.dll+0x21bb2]
C  [KERNEL32.DLL+0x17344]
C  [ntdll.dll+0x526b1]


---------------  P R O C E S S  ---------------

Threads class SMR info:
_java_thread_list=0x000002c106f92d10, length=12, elements={
0x000002c0a61795d0, 0x000002c0c0dd3df0, 0x000002c0c0dd53a0, 0x000002c0c0dd7be0,
0x000002c0c0dd8840, 0x000002c0c0ddbc00, 0x000002c0c0ddea70, 0x000002c0c0de2ab0,
0x000002c0c0deefc0, 0x000002c106096ff0, 0x000002c1060a2ff0, 0x000002c106f32020
}

Java Threads: ( => current thread )
  0x000002c0a61795d0 JavaThread "main"                              [_thread_in_native, id=34440, stack(0x000000ec46100000,0x000000ec46200000) (1024K)]
  0x000002c0c0dd3df0 JavaThread "Reference Handler"          daemon [_thread_blocked, id=33616, stack(0x000000ec46900000,0x000000ec46a00000) (1024K)]
  0x000002c0c0dd53a0 JavaThread "Finalizer"                  daemon [_thread_blocked, id=10968, stack(0x000000ec46a00000,0x000000ec46b00000) (1024K)]
  0x000002c0c0dd7be0 JavaThread "Signal Dispatcher"          daemon [_thread_blocked, id=9816, stack(0x000000ec46b00000,0x000000ec46c00000) (1024K)]
  0x000002c0c0dd8840 JavaThread "Attach Listener"            daemon [_thread_blocked, id=4384, stack(0x000000ec46c00000,0x000000ec46d00000) (1024K)]
  0x000002c0c0ddbc00 JavaThread "Service Thread"             daemon [_thread_blocked, id=15012, stack(0x000000ec46d00000,0x000000ec46e00000) (1024K)]
  0x000002c0c0ddea70 JavaThread "Monitor Deflation Thread"   daemon [_thread_blocked, id=8160, stack(0x000000ec46e00000,0x000000ec46f00000) (1024K)]
=>0x000002c0c0de2ab0 JavaThread "C2 CompilerThread0"         daemon [_thread_in_native, id=28444, stack(0x000000ec46f00000,0x000000ec47000000) (1024K)]
  0x000002c0c0deefc0 JavaThread "C1 CompilerThread0"         daemon [_thread_blocked, id=31568, stack(0x000000ec47000000,0x000000ec47100000) (1024K)]
  0x000002c106096ff0 JavaThread "Notification Thread"        daemon [_thread_blocked, id=34708, stack(0x000000ec47100000,0x000000ec47200000) (1024K)]
  0x000002c1060a2ff0 JavaThread "Common-Cleaner"             daemon [_thread_blocked, id=35828, stack(0x000000ec47200000,0x000000ec47300000) (1024K)]
  0x000002c106f32020 JavaThread "ReaderThread"                      [_thread_in_native, id=14816, stack(0x000000ec47700000,0x000000ec47800000) (1024K)]
Total: 12

Other Threads:
  0x000002c0a6237a50 VMThread "VM Thread"                           [id=15532, stack(0x000000ec46800000,0x000000ec46900000) (1024K)]
  0x000002c0a621f050 WatcherThread "VM Periodic Task Thread"        [id=23172, stack(0x000000ec46700000,0x000000ec46800000) (1024K)]
  0x000002c0a61af8c0 WorkerThread "GC Thread#0"                     [id=35480, stack(0x000000ec46200000,0x000000ec46300000) (1024K)]
  0x000002c1067c81a0 WorkerThread "GC Thread#1"                     [id=31120, stack(0x000000ec47300000,0x000000ec47400000) (1024K)]
  0x000002c1067e2090 WorkerThread "GC Thread#2"                     [id=28516, stack(0x000000ec47400000,0x000000ec47500000) (1024K)]
  0x000002c106c7eae0 WorkerThread "GC Thread#3"                     [id=34524, stack(0x000000ec47500000,0x000000ec47600000) (1024K)]
  0x000002c0a61b8c80 ConcurrentGCThread "G1 Main Marker"            [id=19552, stack(0x000000ec46300000,0x000000ec46400000) (1024K)]
  0x000002c0a61b9690 WorkerThread "G1 Conc#0"                       [id=24244, stack(0x000000ec46400000,0x000000ec46500000) (1024K)]
  0x000002c0a620c3a0 ConcurrentGCThread "G1 Refine#0"               [id=23148, stack(0x000000ec46500000,0x000000ec46600000) (1024K)]
  0x000002c0a620ce20 ConcurrentGCThread "G1 Service"                [id=18012, stack(0x000000ec46600000,0x000000ec46700000) (1024K)]
Total: 10

Threads with active compile tasks:
C2 CompilerThread0     8626 2013       4       jdk.internal.loader.URLClassPath::getResource (74 bytes)
Total: 1

VM state: not at safepoint (normal execution)

VM Mutex/Monitor currently owned by a thread: None

Heap address: 0x00000000c1a00000, size: 998 MB, Compressed Oops mode: 32-bit

CDS archive(s) mapped at: [0x000002c0c1000000-0x000002c0c1c90000-0x000002c0c1c90000), size 13172736, SharedBaseAddress: 0x000002c0c1000000, ArchiveRelocationMode: 1.
Compressed class space mapped at: 0x000002c0c2000000-0x000002c102000000, reserved size: 1073741824
Narrow klass base: 0x000002c0c1000000, Narrow klass shift: 0, Narrow klass range: 0x100000000

GC Precious Log:
 CardTable entry size: 512
 Card Set container configuration: InlinePtr #cards 5 size 8 Array Of Cards #cards 12 size 40 Howl #buckets 4 coarsen threshold 1843 Howl Bitmap #cards 512 size 80 coarsen threshold 460 Card regions per heap region 1 cards per card region 2048
 CPUs: 4 total, 4 available
 Memory: 3987M
 Large Page Support: Disabled
 NUMA Support: Disabled
 Compressed Oops: Enabled (32-bit)
 Heap Region Size: 1M
 Heap Min Capacity: 8M
 Heap Initial Capacity: 64M
 Heap Max Capacity: 998M
 Pre-touch: Disabled
 Parallel Workers: 4
 Concurrent Workers: 1
 Concurrent Refinement Workers: 4
 Periodic GC: Disabled

Heap:
 garbage-first heap   total 65536K, used 32254K [0x00000000c1a00000, 0x0000000100000000)
  region size 1024K, 27 young (27648K), 2 survivors (2048K)
 Metaspace       used 15483K, committed 15744K, reserved 1114112K
  class space    used 1747K, committed 1856K, reserved 1048576K

Heap Regions: E=young(eden), S=young(survivor), O=old, HS=humongous(starts), HC=humongous(continues), CS=collection set, F=free, TAMS=top-at-mark-start, PB=parsable bottom
|   0|0x00000000c1a00000, 0x00000000c1b00000, 0x00000000c1b00000|100%| O|  |TAMS 0x00000000c1a00000| PB 0x00000000c1a00000| Untracked 
|   1|0x00000000c1b00000, 0x00000000c1c00000, 0x00000000c1c00000|100%| O|  |TAMS 0x00000000c1b00000| PB 0x00000000c1b00000| Untracked 
|   2|0x00000000c1c00000, 0x00000000c1d00000, 0x00000000c1d00000|100%| O|  |TAMS 0x00000000c1c00000| PB 0x00000000c1c00000| Untracked 
|   3|0x00000000c1d00000, 0x00000000c1e00000, 0x00000000c1e00000|100%| O|  |TAMS 0x00000000c1d00000| PB 0x00000000c1d00000| Untracked 
|   4|0x00000000c1e00000, 0x00000000c1f00000, 0x00000000c1f00000|100%| O|  |TAMS 0x00000000c1e00000| PB 0x00000000c1e00000| Untracked 
|   5|0x00000000c1f00000, 0x00000000c2000000, 0x00000000c2000000|100%| O|  |TAMS 0x00000000c1f00000| PB 0x00000000c1f00000| Untracked 
|   6|0x00000000c2000000, 0x00000000c203add0, 0x00000000c2100000| 22%| O|  |TAMS 0x00000000c2000000| PB 0x00000000c2000000| Untracked 
|   7|0x00000000c2100000, 0x00000000c2100000, 0x00000000c2200000|  0%| F|  |TAMS 0x00000000c2100000| PB 0x00000000c2100000| Untracked 
|   8|0x00000000c2200000, 0x00000000c2200000, 0x00000000c2300000|  0%| F|  |TAMS 0x00000000c2200000| PB 0x00000000c2200000| Untracked 
|   9|0x00000000c2300000, 0x00000000c2300000, 0x00000000c2400000|  0%| F|  |TAMS 0x00000000c2300000| PB 0x00000000c2300000| Untracked 
|  10|0x00000000c2400000, 0x00000000c2400000, 0x00000000c2500000|  0%| F|  |TAMS 0x00000000c2400000| PB 0x00000000c2400000| Untracked 
|  11|0x00000000c2500000, 0x00000000c2500000, 0x00000000c2600000|  0%| F|  |TAMS 0x00000000c2500000| PB 0x00000000c2500000| Untracked 
|  12|0x00000000c2600000, 0x00000000c2600000, 0x00000000c2700000|  0%| F|  |TAMS 0x00000000c2600000| PB 0x00000000c2600000| Untracked 
|  13|0x00000000c2700000, 0x00000000c2700000, 0x00000000c2800000|  0%| F|  |TAMS 0x00000000c2700000| PB 0x00000000c2700000| Untracked 
|  14|0x00000000c2800000, 0x00000000c2800000, 0x00000000c2900000|  0%| F|  |TAMS 0x00000000c2800000| PB 0x00000000c2800000| Untracked 
|  15|0x00000000c2900000, 0x00000000c2900000, 0x00000000c2a00000|  0%| F|  |TAMS 0x00000000c2900000| PB 0x00000000c2900000| Untracked 
|  16|0x00000000c2a00000, 0x00000000c2a00000, 0x00000000c2b00000|  0%| F|  |TAMS 0x00000000c2a00000| PB 0x00000000c2a00000| Untracked 
|  17|0x00000000c2b00000, 0x00000000c2b00000, 0x00000000c2c00000|  0%| F|  |TAMS 0x00000000c2b00000| PB 0x00000000c2b00000| Untracked 
|  18|0x00000000c2c00000, 0x00000000c2c00000, 0x00000000c2d00000|  0%| F|  |TAMS 0x00000000c2c00000| PB 0x00000000c2c00000| Untracked 
|  19|0x00000000c2d00000, 0x00000000c2d00000, 0x00000000c2e00000|  0%| F|  |TAMS 0x00000000c2d00000| PB 0x00000000c2d00000| Untracked 
|  20|0x00000000c2e00000, 0x00000000c2e00000, 0x00000000c2f00000|  0%| F|  |TAMS 0x00000000c2e00000| PB 0x00000000c2e00000| Untracked 
|  21|0x00000000c2f00000, 0x00000000c2f00000, 0x00000000c3000000|  0%| F|  |TAMS 0x00000000c2f00000| PB 0x00000000c2f00000| Untracked 
|  22|0x00000000c3000000, 0x00000000c3000000, 0x00000000c3100000|  0%| F|  |TAMS 0x00000000c3000000| PB 0x00000000c3000000| Untracked 
|  23|0x00000000c3100000, 0x00000000c3100000, 0x00000000c3200000|  0%| F|  |TAMS 0x00000000c3100000| PB 0x00000000c3100000| Untracked 
|  24|0x00000000c3200000, 0x00000000c3200000, 0x00000000c3300000|  0%| F|  |TAMS 0x00000000c3200000| PB 0x00000000c3200000| Untracked 
|  25|0x00000000c3300000, 0x00000000c3300000, 0x00000000c3400000|  0%| F|  |TAMS 0x00000000c3300000| PB 0x00000000c3300000| Untracked 
|  26|0x00000000c3400000, 0x00000000c3400000, 0x00000000c3500000|  0%| F|  |TAMS 0x00000000c3400000| PB 0x00000000c3400000| Untracked 
|  27|0x00000000c3500000, 0x00000000c3500000, 0x00000000c3600000|  0%| F|  |TAMS 0x00000000c3500000| PB 0x00000000c3500000| Untracked 
|  28|0x00000000c3600000, 0x00000000c3600000, 0x00000000c3700000|  0%| F|  |TAMS 0x00000000c3600000| PB 0x00000000c3600000| Untracked 
|  29|0x00000000c3700000, 0x00000000c3700000, 0x00000000c3800000|  0%| F|  |TAMS 0x00000000c3700000| PB 0x00000000c3700000| Untracked 
|  30|0x00000000c3800000, 0x00000000c3800000, 0x00000000c3900000|  0%| F|  |TAMS 0x00000000c3800000| PB 0x00000000c3800000| Untracked 
|  31|0x00000000c3900000, 0x00000000c3900000, 0x00000000c3a00000|  0%| F|  |TAMS 0x00000000c3900000| PB 0x00000000c3900000| Untracked 
|  32|0x00000000c3a00000, 0x00000000c3a00000, 0x00000000c3b00000|  0%| F|  |TAMS 0x00000000c3a00000| PB 0x00000000c3a00000| Untracked 
|  33|0x00000000c3b00000, 0x00000000c3b00000, 0x00000000c3c00000|  0%| F|  |TAMS 0x00000000c3b00000| PB 0x00000000c3b00000| Untracked 
|  34|0x00000000c3c00000, 0x00000000c3c00000, 0x00000000c3d00000|  0%| F|  |TAMS 0x00000000c3c00000| PB 0x00000000c3c00000| Untracked 
|  35|0x00000000c3d00000, 0x00000000c3d00000, 0x00000000c3e00000|  0%| F|  |TAMS 0x00000000c3d00000| PB 0x00000000c3d00000| Untracked 
|  36|0x00000000c3e00000, 0x00000000c3e00000, 0x00000000c3f00000|  0%| F|  |TAMS 0x00000000c3e00000| PB 0x00000000c3e00000| Untracked 
|  37|0x00000000c3f00000, 0x00000000c4000000, 0x00000000c4000000|100%| E|  |TAMS 0x00000000c3f00000| PB 0x00000000c3f00000| Complete 
|  38|0x00000000c4000000, 0x00000000c4100000, 0x00000000c4100000|100%| E|CS|TAMS 0x00000000c4000000| PB 0x00000000c4000000| Complete 
|  39|0x00000000c4100000, 0x00000000c4200000, 0x00000000c4200000|100%| E|CS|TAMS 0x00000000c4100000| PB 0x00000000c4100000| Complete 
|  40|0x00000000c4200000, 0x00000000c4300000, 0x00000000c4300000|100%| E|CS|TAMS 0x00000000c4200000| PB 0x00000000c4200000| Complete 
|  41|0x00000000c4300000, 0x00000000c4400000, 0x00000000c4400000|100%| E|CS|TAMS 0x00000000c4300000| PB 0x00000000c4300000| Complete 
|  42|0x00000000c4400000, 0x00000000c4500000, 0x00000000c4500000|100%| E|CS|TAMS 0x00000000c4400000| PB 0x00000000c4400000| Complete 
|  43|0x00000000c4500000, 0x00000000c4600000, 0x00000000c4600000|100%| E|CS|TAMS 0x00000000c4500000| PB 0x00000000c4500000| Complete 
|  44|0x00000000c4600000, 0x00000000c4700000, 0x00000000c4700000|100%| E|CS|TAMS 0x00000000c4600000| PB 0x00000000c4600000| Complete 
|  45|0x00000000c4700000, 0x00000000c4800000, 0x00000000c4800000|100%| E|CS|TAMS 0x00000000c4700000| PB 0x00000000c4700000| Complete 
|  46|0x00000000c4800000, 0x00000000c4900000, 0x00000000c4900000|100%| E|CS|TAMS 0x00000000c4800000| PB 0x00000000c4800000| Complete 
|  47|0x00000000c4900000, 0x00000000c4a00000, 0x00000000c4a00000|100%| E|CS|TAMS 0x00000000c4900000| PB 0x00000000c4900000| Complete 
|  48|0x00000000c4a00000, 0x00000000c4b00000, 0x00000000c4b00000|100%| E|CS|TAMS 0x00000000c4a00000| PB 0x00000000c4a00000| Complete 
|  49|0x00000000c4b00000, 0x00000000c4c00000, 0x00000000c4c00000|100%| E|CS|TAMS 0x00000000c4b00000| PB 0x00000000c4b00000| Complete 
|  50|0x00000000c4c00000, 0x00000000c4d00000, 0x00000000c4d00000|100%| E|CS|TAMS 0x00000000c4c00000| PB 0x00000000c4c00000| Complete 
|  51|0x00000000c4d00000, 0x00000000c4e00000, 0x00000000c4e00000|100%| E|CS|TAMS 0x00000000c4d00000| PB 0x00000000c4d00000| Complete 
|  52|0x00000000c4e00000, 0x00000000c4e44d90, 0x00000000c4f00000| 26%| S|CS|TAMS 0x00000000c4e00000| PB 0x00000000c4e00000| Complete 
|  53|0x00000000c4f00000, 0x00000000c5000000, 0x00000000c5000000|100%| S|CS|TAMS 0x00000000c4f00000| PB 0x00000000c4f00000| Complete 
|  54|0x00000000c5000000, 0x00000000c5100000, 0x00000000c5100000|100%| E|CS|TAMS 0x00000000c5000000| PB 0x00000000c5000000| Complete 
|  55|0x00000000c5100000, 0x00000000c5200000, 0x00000000c5200000|100%| E|CS|TAMS 0x00000000c5100000| PB 0x00000000c5100000| Complete 
|  56|0x00000000c5200000, 0x00000000c5300000, 0x00000000c5300000|100%| E|CS|TAMS 0x00000000c5200000| PB 0x00000000c5200000| Complete 
|  57|0x00000000c5300000, 0x00000000c5400000, 0x00000000c5400000|100%| E|CS|TAMS 0x00000000c5300000| PB 0x00000000c5300000| Complete 
|  58|0x00000000c5400000, 0x00000000c5500000, 0x00000000c5500000|100%| E|CS|TAMS 0x00000000c5400000| PB 0x00000000c5400000| Complete 
|  59|0x00000000c5500000, 0x00000000c5600000, 0x00000000c5600000|100%| E|CS|TAMS 0x00000000c5500000| PB 0x00000000c5500000| Complete 
|  60|0x00000000c5600000, 0x00000000c5700000, 0x00000000c5700000|100%| E|CS|TAMS 0x00000000c5600000| PB 0x00000000c5600000| Complete 
|  61|0x00000000c5700000, 0x00000000c5800000, 0x00000000c5800000|100%| E|CS|TAMS 0x00000000c5700000| PB 0x00000000c5700000| Complete 
|  62|0x00000000c5800000, 0x00000000c5900000, 0x00000000c5900000|100%| E|CS|TAMS 0x00000000c5800000| PB 0x00000000c5800000| Complete 
|  63|0x00000000c5900000, 0x00000000c5a00000, 0x00000000c5a00000|100%| E|CS|TAMS 0x00000000c5900000| PB 0x00000000c5900000| Complete 

Card table byte_map: [0x000002c0bd7d0000,0x000002c0bd9d0000] _byte_map_base: 0x000002c0bd1c3000

Marking Bits: (CMBitMap*) 0x000002c0a61b06e0
 Bits: [0x000002c0bd9d0000, 0x000002c0be968000)

Polling page: 0x000002c0a4160000

Metaspace:

Usage:
  Non-class:     13.45 MB used.
      Class:      1.71 MB used.
       Both:     15.17 MB used.

Virtual space:
  Non-class space:       64.00 MB reserved,      13.62 MB ( 21%) committed,  1 nodes.
      Class space:        1.00 GB reserved,       1.88 MB ( <1%) committed,  1 nodes.
             Both:        1.06 GB reserved,      15.50 MB (  1%) committed. 

Chunk freelists:
   Non-Class:  1.72 MB
       Class:  13.98 MB
        Both:  15.70 MB

MaxMetaspaceSize: unlimited
CompressedClassSpaceSize: 1.00 GB
Initial GC threshold: 21.00 MB
Current GC threshold: 21.00 MB
CDS: on
 - commit_granule_bytes: 65536.
 - commit_granule_words: 8192.
 - virtual_space_node_default_size: 8388608.
 - enlarge_chunks_in_place: 1.
 - use_allocation_guard: 0.


Internal statistics:

num_allocs_failed_limit: 0.
num_arena_births: 288.
num_arena_deaths: 0.
num_vsnodes_births: 2.
num_vsnodes_deaths: 0.
num_space_committed: 248.
num_space_uncommitted: 0.
num_chunks_returned_to_freelist: 0.
num_chunks_taken_from_freelist: 684.
num_chunk_merges: 0.
num_chunk_splits: 438.
num_chunks_enlarged: 295.
num_inconsistent_stats: 0.

CodeHeap 'non-profiled nmethods': size=120000Kb used=760Kb max_used=760Kb free=119239Kb
 bounds [0x000002c0b60a0000, 0x000002c0b6310000, 0x000002c0bd5d0000]
CodeHeap 'profiled nmethods': size=120000Kb used=4054Kb max_used=4054Kb free=115945Kb
 bounds [0x000002c0ae5d0000, 0x000002c0ae9d0000, 0x000002c0b5b00000]
CodeHeap 'non-nmethods': size=5760Kb used=1472Kb max_used=1485Kb free=4287Kb
 bounds [0x000002c0b5b00000, 0x000002c0b5d70000, 0x000002c0b60a0000]
 total_blobs=2627 nmethods=2077 adapters=454
 compilation: enabled
              stopped_count=0, restarted_count=0
 full_count=0

Compilation events (20 events):
Event: 8.411 Thread 0x000002c0c0deefc0 nmethod 2008 0x000002c0ae9a4110 code [0x000002c0ae9a4320, 0x000002c0ae9a4888]
Event: 8.414 Thread 0x000002c0c0deefc0 2009       3       java.util.LinkedHashMap$LinkedHashIterator::<init> (47 bytes)
Event: 8.415 Thread 0x000002c0c0deefc0 nmethod 2009 0x000002c0ae9a4a90 code [0x000002c0ae9a4c40, 0x000002c0ae9a4f08]
Event: 8.415 Thread 0x000002c0c0deefc0 2010       3       java.lang.invoke.MethodHandles$Lookup::restrictProtectedReceiver (51 bytes)
Event: 8.416 Thread 0x000002c0c0deefc0 nmethod 2010 0x000002c0ae9a5010 code [0x000002c0ae9a5200, 0x000002c0ae9a5730]
Event: 8.416 Thread 0x000002c0c0deefc0 2012       3       java.lang.invoke.TypeConvertingMethodAdapter::convertType (299 bytes)
Event: 8.420 Thread 0x000002c0c0deefc0 nmethod 2012 0x000002c0ae9a5890 code [0x000002c0ae9a5f40, 0x000002c0ae9a9ae8]
Event: 8.420 Thread 0x000002c0c0deefc0 2011       3       java.lang.invoke.MemberName::isProtected (8 bytes)
Event: 8.420 Thread 0x000002c0c0deefc0 nmethod 2011 0x000002c0ae9aae90 code [0x000002c0ae9ab040, 0x000002c0ae9ab210]
Event: 8.424 Thread 0x000002c0c0de2ab0 nmethod 1999 0x000002c0b6157010 code [0x000002c0b61572e0, 0x000002c0b6158938]
Event: 8.424 Thread 0x000002c0c0de2ab0 2013       4       jdk.internal.loader.URLClassPath::getResource (74 bytes)
Event: 8.430 Thread 0x000002c0c0deefc0 2014       3       java.lang.System::getProperty (25 bytes)
Event: 8.431 Thread 0x000002c0c0deefc0 nmethod 2014 0x000002c0ae9ab310 code [0x000002c0ae9ab520, 0x000002c0ae9abb28]
Event: 8.438 Thread 0x000002c0c0deefc0 2016       3       jdk.internal.misc.Unsafe::storeFence (5 bytes)
Event: 8.438 Thread 0x000002c0c0deefc0 nmethod 2016 0x000002c0ae9abd90 code [0x000002c0ae9abf20, 0x000002c0ae9ac048]
Event: 8.458 Thread 0x000002c0c0deefc0 2021       3       sun.invoke.util.Wrapper::isDoubleWord (15 bytes)
Event: 8.458 Thread 0x000002c0c0deefc0 nmethod 2021 0x000002c0ae9ac110 code [0x000002c0ae9ac2a0, 0x000002c0ae9ac410]
Event: 8.459 Thread 0x000002c0c0deefc0 2022       3       java.lang.invoke.LambdaForm::useCount (61 bytes)
Event: 8.459 Thread 0x000002c0c0deefc0 nmethod 2022 0x000002c0ae9ac490 code [0x000002c0ae9ac660, 0x000002c0ae9ac9c8]
Event: 8.459 Thread 0x000002c0c0deefc0 2023       3       java.lang.invoke.LambdaForm$Name::<init> (19 bytes)

GC Heap History (4 events):
Event: 3.471 GC heap before
{Heap before GC invocations=0 (full 0):
 garbage-first heap   total 65536K, used 12288K [0x00000000c1a00000, 0x0000000100000000)
  region size 1024K, 13 young (13312K), 0 survivors (0K)
 Metaspace       used 2889K, committed 3008K, reserved 1114112K
  class space    used 277K, committed 320K, reserved 1048576K
}
Event: 3.485 GC heap after
{Heap after GC invocations=1 (full 0):
 garbage-first heap   total 65536K, used 6579K [0x00000000c1a00000, 0x0000000100000000)
  region size 1024K, 2 young (2048K), 2 survivors (2048K)
 Metaspace       used 2889K, committed 3008K, reserved 1114112K
  class space    used 277K, committed 320K, reserved 1048576K
}
Event: 4.678 GC heap before
{Heap before GC invocations=1 (full 0):
 garbage-first heap   total 65536K, used 16819K [0x00000000c1a00000, 0x0000000100000000)
  region size 1024K, 12 young (12288K), 2 survivors (2048K)
 Metaspace       used 5704K, committed 5888K, reserved 1114112K
  class space    used 670K, committed 768K, reserved 1048576K
}
Event: 4.686 GC heap after
{Heap after GC invocations=2 (full 0):
 garbage-first heap   total 65536K, used 7678K [0x00000000c1a00000, 0x0000000100000000)
  region size 1024K, 2 young (2048K), 2 survivors (2048K)
 Metaspace       used 5704K, committed 5888K, reserved 1114112K
  class space    used 670K, committed 768K, reserved 1048576K
}

Dll operation events (10 events):
Event: 0.404 Loaded shared library C:\Program Files\Java\jdk-21\bin\java.dll
Event: 0.777 Loaded shared library C:\Program Files\Java\jdk-21\bin\jsvml.dll
Event: 1.263 Loaded shared library C:\Program Files\Java\jdk-21\bin\net.dll
Event: 1.266 Loaded shared library C:\Program Files\Java\jdk-21\bin\nio.dll
Event: 1.276 Loaded shared library C:\Program Files\Java\jdk-21\bin\zip.dll
Event: 2.352 Loaded shared library C:\Program Files\Java\jdk-21\bin\jimage.dll
Event: 2.939 Loaded shared library C:\Program Files\Java\jdk-21\bin\verify.dll
Event: 4.253 Loaded shared library C:\Program Files\Java\jdk-21\bin\management.dll
Event: 4.296 Loaded shared library C:\Program Files\Java\jdk-21\bin\management_ext.dll
Event: 6.563 Loaded shared library C:\Program Files\Java\jdk-21\bin\extnet.dll

Deoptimization events (20 events):
Event: 6.574 Thread 0x000002c0a61795d0 DEOPT PACKING pc=0x000002c0b6147ddc sp=0x000000ec461fec80
Event: 6.574 Thread 0x000002c0a61795d0 DEOPT UNPACKING pc=0x000002c0b5b546a2 sp=0x000000ec461febf8 mode 2
Event: 6.585 Thread 0x000002c0a61795d0 Uncommon trap: trap_request=0xffffff45 fr.pc=0x000002c0b611e4cc relative=0x000000000000088c
Event: 6.585 Thread 0x000002c0a61795d0 Uncommon trap: reason=unstable_if action=reinterpret pc=0x000002c0b611e4cc method=java.util.HashMap.hash(Ljava/lang/Object;)I @ 1 c2
Event: 6.585 Thread 0x000002c0a61795d0 DEOPT PACKING pc=0x000002c0b611e4cc sp=0x000000ec461fcf60
Event: 6.585 Thread 0x000002c0a61795d0 DEOPT UNPACKING pc=0x000002c0b5b546a2 sp=0x000000ec461fcee0 mode 2
Event: 6.682 Thread 0x000002c0a61795d0 Uncommon trap: trap_request=0xffffff45 fr.pc=0x000002c0b60c1cc0 relative=0x0000000000000200
Event: 6.682 Thread 0x000002c0a61795d0 Uncommon trap: reason=unstable_if action=reinterpret pc=0x000002c0b60c1cc0 method=java.lang.String.startsWith(Ljava/lang/String;I)Z @ 1 c2
Event: 6.682 Thread 0x000002c0a61795d0 DEOPT PACKING pc=0x000002c0b60c1cc0 sp=0x000000ec461fc3b0
Event: 6.682 Thread 0x000002c0a61795d0 DEOPT UNPACKING pc=0x000002c0b5b546a2 sp=0x000000ec461fc340 mode 2
Event: 8.211 Thread 0x000002c0a61795d0 DEOPT PACKING pc=0x000002c0ae97219f sp=0x000000ec461fccf0
Event: 8.211 Thread 0x000002c0a61795d0 DEOPT UNPACKING pc=0x000002c0b5b54e42 sp=0x000000ec461fc188 mode 0
Event: 8.277 Thread 0x000002c0a61795d0 Uncommon trap: trap_request=0xffffff45 fr.pc=0x000002c0b610c808 relative=0x00000000000003a8
Event: 8.277 Thread 0x000002c0a61795d0 Uncommon trap: reason=unstable_if action=reinterpret pc=0x000002c0b610c808 method=java.util.regex.Pattern$BmpCharPropertyGreedy.match(Ljava/util/regex/Matcher;ILjava/lang/CharSequence;)Z @ 73 c2
Event: 8.277 Thread 0x000002c0a61795d0 DEOPT PACKING pc=0x000002c0b610c808 sp=0x000000ec461fe170
Event: 8.277 Thread 0x000002c0a61795d0 DEOPT UNPACKING pc=0x000002c0b5b546a2 sp=0x000000ec461fe110 mode 2
Event: 8.388 Thread 0x000002c0a61795d0 Uncommon trap: trap_request=0xffffff45 fr.pc=0x000002c0b612b504 relative=0x0000000000001ce4
Event: 8.388 Thread 0x000002c0a61795d0 Uncommon trap: reason=unstable_if action=reinterpret pc=0x000002c0b612b504 method=jdk.internal.org.objectweb.asm.Frame.execute(IILjdk/internal/org/objectweb/asm/Symbol;Ljdk/internal/org/objectweb/asm/SymbolTable;)V @ 1 c2
Event: 8.388 Thread 0x000002c0a61795d0 DEOPT PACKING pc=0x000002c0b612b504 sp=0x000000ec461fdd30
Event: 8.388 Thread 0x000002c0a61795d0 DEOPT UNPACKING pc=0x000002c0b5b546a2 sp=0x000000ec461fdc98 mode 2

Classes loaded (20 events):
Event: 8.220 Loading class sun/security/provider/AbstractDrbg$NonceProvider
Event: 8.221 Loading class sun/security/provider/AbstractDrbg$NonceProvider done
Event: 8.221 Loading class sun/security/provider/SHA2$SHA256
Event: 8.222 Loading class sun/security/provider/SHA2
Event: 8.223 Loading class sun/security/provider/SHA2 done
Event: 8.223 Loading class sun/security/provider/SHA2$SHA256 done
Event: 8.256 Loading class java/lang/ExceptionInInitializerError
Event: 8.257 Loading class java/lang/ExceptionInInitializerError done
Event: 8.315 Loading class java/util/LinkedList
Event: 8.316 Loading class java/util/AbstractSequentialList
Event: 8.317 Loading class java/util/AbstractSequentialList done
Event: 8.317 Loading class java/util/LinkedList done
Event: 8.351 Loading class java/util/concurrent/atomic/AtomicIntegerArray
Event: 8.352 Loading class java/util/concurrent/atomic/AtomicIntegerArray done
Event: 8.354 Loading class java/util/Currency
Event: 8.355 Loading class java/util/Currency done
Event: 8.362 Loading class java/util/concurrent/atomic/AtomicLongArray
Event: 8.363 Loading class java/util/concurrent/atomic/AtomicLongArray done
Event: 8.383 Loading class java/lang/reflect/AnnotatedType
Event: 8.387 Loading class java/lang/reflect/AnnotatedType done

Classes unloaded (0 events):
No events

Classes redefined (0 events):
No events

Internal exceptions (20 events):
Event: 3.294 Thread 0x000002c0a61795d0 Exception <a 'java/lang/IncompatibleClassChangeError'{0x00000000c4d3cc58}: Found class java.lang.Object, but interface was expected> (0x00000000c4d3cc58) 
thrown [s\open\src\hotspot\share\interpreter\linkResolver.cpp, line 840]
Event: 3.302 Thread 0x000002c0a61795d0 Exception <a 'java/lang/NoSuchMethodError'{0x00000000c4d46368}: 'void java.lang.invoke.DirectMethodHandle$Holder.invokeSpecial(java.lang.Object, java.lang.Object, java.lang.Object)'> (0x00000000c4d46368) 
thrown [s\open\src\hotspot\share\interpreter\linkResolver.cpp, line 773]
Event: 3.331 Thread 0x000002c0a61795d0 Exception <a 'java/lang/NoSuchMethodError'{0x00000000c4d60430}: 'java.lang.Object java.lang.invoke.DirectMethodHandle$Holder.newInvokeSpecial(java.lang.Object, java.lang.Object, java.lang.Object, int, java.lang.Object)'> (0x00000000c4d60430) 
thrown [s\open\src\hotspot\share\interpreter\linkResolver.cpp, line 773]
Event: 3.332 Thread 0x000002c0a61795d0 Exception <a 'java/lang/NoSuchMethodError'{0x00000000c4d67ad8}: 'java.lang.Object java.lang.invoke.Invokers$Holder.linkToTargetMethod(java.lang.Object, java.lang.Object, int, java.lang.Object, java.lang.Object)'> (0x00000000c4d67ad8) 
thrown [s\open\src\hotspot\share\interpreter\linkResolver.cpp, line 773]
Event: 4.150 Thread 0x000002c0a61795d0 Exception <a 'java/lang/NoSuchMethodError'{0x00000000c5347998}: 'java.lang.Object java.lang.invoke.DirectMethodHandle$Holder.newInvokeSpecial(java.lang.Object, long, int, java.lang.Object)'> (0x00000000c5347998) 
thrown [s\open\src\hotspot\share\interpreter\linkResolver.cpp, line 773]
Event: 4.191 Thread 0x000002c0a61795d0 Exception <a 'java/lang/NoSuchMethodError'{0x00000000c5398d20}: 'void java.lang.invoke.DirectMethodHandle$Holder.invokeStaticInit(java.lang.Object, java.lang.Object, java.lang.Object, java.lang.Object)'> (0x00000000c5398d20) 
thrown [s\open\src\hotspot\share\interpreter\linkResolver.cpp, line 773]
Event: 4.626 Thread 0x000002c0a61795d0 Exception <a 'java/lang/NoSuchMethodError'{0x00000000c50b9038}: 'java.lang.Object java.lang.invoke.Invokers$Holder.invokeExact_MT(java.lang.Object, java.lang.Object, java.lang.Object, java.lang.Object, java.lang.Object)'> (0x00000000c50b9038) 
thrown [s\open\src\hotspot\share\interpreter\linkResolver.cpp, line 773]
Event: 5.520 Thread 0x000002c0a61795d0 Exception <a 'java/lang/NoSuchMethodError'{0x00000000c5198408}: 'java.lang.Object java.lang.invoke.DirectMethodHandle$Holder.newInvokeSpecial(java.lang.Object, java.lang.Object, java.lang.Object, java.lang.Object, java.lang.Object)'> (0x00000000c5198408) 
thrown [s\open\src\hotspot\share\interpreter\linkResolver.cpp, line 773]
Event: 5.681 Thread 0x000002c0a61795d0 Exception <a 'sun/nio/fs/WindowsException'{0x00000000c4d0d728}> (0x00000000c4d0d728) 
thrown [s\open\src\hotspot\share\prims\jni.cpp, line 520]
Event: 5.727 Thread 0x000002c0a61795d0 Exception <a 'java/lang/NoSuchMethodError'{0x00000000c4d596a0}: 'java.lang.Object java.lang.invoke.Invokers$Holder.invokeExact_MT(java.lang.Object, java.lang.Object, java.lang.Object, java.lang.Object, java.lang.Object, java.lang.Object)'> (0x00000000c4d596a0) 
thrown [s\open\src\hotspot\share\interpreter\linkResolver.cpp, line 773]
Event: 5.817 Thread 0x000002c0a61795d0 Exception <a 'java/lang/NoSuchMethodError'{0x00000000c4dab680}: 'int java.lang.invoke.DirectMethodHandle$Holder.invokeInterface(java.lang.Object, java.lang.Object)'> (0x00000000c4dab680) 
thrown [s\open\src\hotspot\share\interpreter\linkResolver.cpp, line 773]
Event: 5.818 Thread 0x000002c0a61795d0 Exception <a 'java/lang/IncompatibleClassChangeError'{0x00000000c4dae930}: Found class java.lang.Object, but interface was expected> (0x00000000c4dae930) 
thrown [s\open\src\hotspot\share\interpreter\linkResolver.cpp, line 840]
Event: 5.819 Thread 0x000002c0a61795d0 Exception <a 'java/lang/NoSuchMethodError'{0x00000000c4db3920}: 'void java.lang.invoke.DirectMethodHandle$Holder.invokeStatic(java.lang.Object, java.lang.Object)'> (0x00000000c4db3920) 
thrown [s\open\src\hotspot\share\interpreter\linkResolver.cpp, line 773]
Event: 6.073 Thread 0x000002c0a61795d0 Exception <a 'java/lang/NoSuchMethodError'{0x00000000c4b27110}: 'java.lang.Object java.lang.invoke.DirectMethodHandle$Holder.invokeStaticInit(java.lang.Object, java.lang.Object, java.lang.Object)'> (0x00000000c4b27110) 
thrown [s\open\src\hotspot\share\interpreter\linkResolver.cpp, line 773]
Event: 6.513 Thread 0x000002c0a61795d0 Exception <a 'java/lang/NoSuchMethodError'{0x00000000c47909f8}: 'void java.lang.invoke.DirectMethodHandle$Holder.invokeVirtual(java.lang.Object, java.lang.Object, int)'> (0x00000000c47909f8) 
thrown [s\open\src\hotspot\share\interpreter\linkResolver.cpp, line 773]
Event: 6.585 Thread 0x000002c0a61795d0 Implicit null exception at 0x000002c0b611dc89 to 0x000002c0b611e4b0
Event: 6.634 Thread 0x000002c0a61795d0 Exception <a 'java/lang/ClassNotFoundException'{0x00000000c452a0d8}: com/sun/org/apache/xerces/internal/impl/msg/spi/SAXMessagesProvider> (0x00000000c452a0d8) 
thrown [s\open\src\hotspot\share\classfile\systemDictionary.cpp, line 312]
Event: 6.759 Thread 0x000002c0a61795d0 Exception <a 'java/lang/NoSuchMethodError'{0x00000000c45c2bd8}: 'java.lang.Object java.lang.invoke.DirectMethodHandle$Holder.invokeStaticInit(java.lang.Object, int, int, int, int)'> (0x00000000c45c2bd8) 
thrown [s\open\src\hotspot\share\interpreter\linkResolver.cpp, line 773]
Event: 8.214 Thread 0x000002c0a61795d0 Exception <a 'java/lang/NoSuchMethodError'{0x00000000c448c1f0}: 'java.lang.Object java.lang.invoke.DirectMethodHandle$Holder.invokeStaticInit(java.lang.Object, java.lang.Object, int, int, int, int)'> (0x00000000c448c1f0) 
thrown [s\open\src\hotspot\share\interpreter\linkResolver.cpp, line 773]
Event: 8.436 Thread 0x000002c0a61795d0 Exception <a 'java/lang/NoSuchMethodError'{0x00000000c4170ee0}: 'int java.lang.invoke.DirectMethodHandle$Holder.invokeVirtual(java.lang.Object, java.lang.Object)'> (0x00000000c4170ee0) 
thrown [s\open\src\hotspot\share\interpreter\linkResolver.cpp, line 773]

ZGC Phase Switch (0 events):
No events

VM Operations (20 events):
Event: 4.489 Executing VM operation: HandshakeAllThreads (Deoptimize)
Event: 4.489 Executing VM operation: HandshakeAllThreads (Deoptimize) done
Event: 4.678 Executing VM operation: G1CollectForAllocation (G1 Evacuation Pause)
Event: 4.687 Executing VM operation: G1CollectForAllocation (G1 Evacuation Pause) done
Event: 4.952 Executing VM operation: HandshakeAllThreads (Deoptimize)
Event: 4.952 Executing VM operation: HandshakeAllThreads (Deoptimize) done
Event: 5.072 Executing VM operation: HandshakeAllThreads (Deoptimize)
Event: 5.072 Executing VM operation: HandshakeAllThreads (Deoptimize) done
Event: 5.072 Executing VM operation: HandshakeAllThreads (Deoptimize)
Event: 5.072 Executing VM operation: HandshakeAllThreads (Deoptimize) done
Event: 5.546 Executing VM operation: HandshakeAllThreads (Deoptimize)
Event: 5.546 Executing VM operation: HandshakeAllThreads (Deoptimize) done
Event: 6.557 Executing VM operation: Cleanup
Event: 6.557 Executing VM operation: Cleanup done
Event: 6.661 Executing VM operation: HandshakeAllThreads (Deoptimize)
Event: 6.661 Executing VM operation: HandshakeAllThreads (Deoptimize) done
Event: 6.676 Executing VM operation: HandshakeAllThreads (Deoptimize)
Event: 6.676 Executing VM operation: HandshakeAllThreads (Deoptimize) done
Event: 7.690 Executing VM operation: Cleanup
Event: 7.691 Executing VM operation: Cleanup done

Events (12 events):
Event: 0.681 Thread 0x000002c0a61795d0 Thread added: 0x000002c0a61795d0
Event: 0.770 Thread 0x000002c0c0dd3df0 Thread added: 0x000002c0c0dd3df0
Event: 0.770 Thread 0x000002c0c0dd53a0 Thread added: 0x000002c0c0dd53a0
Event: 0.771 Thread 0x000002c0c0dd7be0 Thread added: 0x000002c0c0dd7be0
Event: 0.771 Thread 0x000002c0c0dd8840 Thread added: 0x000002c0c0dd8840
Event: 0.771 Thread 0x000002c0c0ddbc00 Thread added: 0x000002c0c0ddbc00
Event: 0.771 Thread 0x000002c0c0ddea70 Thread added: 0x000002c0c0ddea70
Event: 0.771 Thread 0x000002c0c0de2ab0 Thread added: 0x000002c0c0de2ab0
Event: 0.772 Thread 0x000002c0c0deefc0 Thread added: 0x000002c0c0deefc0
Event: 1.234 Thread 0x000002c106096ff0 Thread added: 0x000002c106096ff0
Event: 1.259 Thread 0x000002c1060a2ff0 Thread added: 0x000002c1060a2ff0
Event: 6.577 Thread 0x000002c106f32020 Thread added: 0x000002c106f32020


Dynamic libraries:
0x00007ff7c99e0000 - 0x00007ff7c99f0000 	C:\Program Files\Java\jdk-21\bin\javaw.exe
0x00007ffebd930000 - 0x00007ffebdb28000 	C:\Windows\SYSTEM32\ntdll.dll
0x00007ffebcbf0000 - 0x00007ffebccad000 	C:\Windows\System32\KERNEL32.DLL
0x00007ffebb470000 - 0x00007ffebb766000 	C:\Windows\System32\KERNELBASE.dll
0x00007ffebb190000 - 0x00007ffebb290000 	C:\Windows\System32\ucrtbase.dll
0x00007ffe9d9d0000 - 0x00007ffe9d9eb000 	C:\Program Files\Java\jdk-21\bin\VCRUNTIME140.dll
0x00007ffe9d9b0000 - 0x00007ffe9d9c9000 	C:\Program Files\Java\jdk-21\bin\jli.dll
0x00007ffebbad0000 - 0x00007ffebbb80000 	C:\Windows\System32\ADVAPI32.dll
0x00007ffebbb80000 - 0x00007ffebbc1e000 	C:\Windows\System32\msvcrt.dll
0x00007ffebd420000 - 0x00007ffebd4c0000 	C:\Windows\System32\sechost.dll
0x00007ffebd670000 - 0x00007ffebd793000 	C:\Windows\System32\RPCRT4.dll
0x00007ffebaff0000 - 0x00007ffebb017000 	C:\Windows\System32\bcrypt.dll
0x00007ffebc530000 - 0x00007ffebc6cf000 	C:\Windows\System32\USER32.dll
0x00007ffebb020000 - 0x00007ffebb042000 	C:\Windows\System32\win32u.dll
0x00007ffebcbc0000 - 0x00007ffebcbeb000 	C:\Windows\System32\GDI32.dll
0x00007ffebb300000 - 0x00007ffebb417000 	C:\Windows\System32\gdi32full.dll
0x00007ffebb8d0000 - 0x00007ffebb96d000 	C:\Windows\System32\msvcp_win.dll
0x00007ffeb50d0000 - 0x00007ffeb50da000 	C:\Windows\SYSTEM32\VERSION.dll
0x00007ffea3e90000 - 0x00007ffea412a000 	C:\Windows\WinSxS\amd64_microsoft.windows.common-controls_6595b64144ccf1df_6.0.19041.4355_none_60b8b9eb71f62e16\COMCTL32.dll
0x00007ffebb970000 - 0x00007ffebb99f000 	C:\Windows\System32\IMM32.DLL
0x00007ffe9d970000 - 0x00007ffe9d97c000 	C:\Program Files\Java\jdk-21\bin\vcruntime140_1.dll
0x00007ffe9d8e0000 - 0x00007ffe9d96e000 	C:\Program Files\Java\jdk-21\bin\msvcp140.dll
0x00007ffe9cbc0000 - 0x00007ffe9d8d5000 	C:\Program Files\Java\jdk-21\bin\server\jvm.dll
0x00007ffebc840000 - 0x00007ffebc8ab000 	C:\Windows\System32\WS2_32.dll
0x00007ffebae40000 - 0x00007ffebae8b000 	C:\Windows\SYSTEM32\POWRPROF.dll
0x00007ffeaf500000 - 0x00007ffeaf527000 	C:\Windows\SYSTEM32\WINMM.dll
0x00007ffebae20000 - 0x00007ffebae32000 	C:\Windows\SYSTEM32\UMPDC.dll
0x00007ffeb8e70000 - 0x00007ffeb8e82000 	C:\Windows\SYSTEM32\kernel.appcore.dll
0x00007ffe9c5f0000 - 0x00007ffe9c5fa000 	C:\Program Files\Java\jdk-21\bin\jimage.dll
0x00007ffea7140000 - 0x00007ffea7324000 	C:\Windows\SYSTEM32\DBGHELP.DLL
0x00007ffea6a60000 - 0x00007ffea6a94000 	C:\Windows\SYSTEM32\dbgcore.DLL
0x00007ffebb050000 - 0x00007ffebb0d2000 	C:\Windows\System32\bcryptPrimitives.dll
0x00007ffe9c5d0000 - 0x00007ffe9c5ef000 	C:\Program Files\Java\jdk-21\bin\java.dll
0x00007ffebccb0000 - 0x00007ffebd41a000 	C:\Windows\System32\SHELL32.dll
0x00007ffeb9070000 - 0x00007ffeb980d000 	C:\Windows\SYSTEM32\windows.storage.dll
0x00007ffebbcb0000 - 0x00007ffebc003000 	C:\Windows\System32\combase.dll
0x00007ffeba940000 - 0x00007ffeba96e000 	C:\Windows\SYSTEM32\Wldp.dll
0x00007ffebd800000 - 0x00007ffebd8cd000 	C:\Windows\System32\OLEAUT32.dll
0x00007ffebc010000 - 0x00007ffebc0bd000 	C:\Windows\System32\SHCORE.dll
0x00007ffebcac0000 - 0x00007ffebcb15000 	C:\Windows\System32\shlwapi.dll
0x00007ffebaf20000 - 0x00007ffebaf44000 	C:\Windows\SYSTEM32\profapi.dll
0x00007ffe9c4f0000 - 0x00007ffe9c5c7000 	C:\Program Files\Java\jdk-21\bin\jsvml.dll
0x00007ffea7ad0000 - 0x00007ffea7ae0000 	C:\Program Files\Java\jdk-21\bin\net.dll
0x00007ffeb29b0000 - 0x00007ffeb2aba000 	C:\Windows\SYSTEM32\WINHTTP.dll
0x00007ffeba6a0000 - 0x00007ffeba70a000 	C:\Windows\system32\mswsock.dll
0x00007ffea7ab0000 - 0x00007ffea7ac6000 	C:\Program Files\Java\jdk-21\bin\nio.dll
0x00007ffe9c4d0000 - 0x00007ffe9c4e8000 	C:\Program Files\Java\jdk-21\bin\zip.dll
0x00007ffe9a390000 - 0x00007ffe9a3a0000 	C:\Program Files\Java\jdk-21\bin\verify.dll
0x00007ffe98650000 - 0x00007ffe9865a000 	C:\Program Files\Java\jdk-21\bin\management.dll
0x00007ffe98640000 - 0x00007ffe9864b000 	C:\Program Files\Java\jdk-21\bin\management_ext.dll
0x00007ffebcb20000 - 0x00007ffebcb28000 	C:\Windows\System32\PSAPI.DLL
0x00007ffea2b10000 - 0x00007ffea2b27000 	C:\Windows\system32\napinsp.dll
0x00007ffe9e820000 - 0x00007ffe9e83b000 	C:\Windows\system32\pnrpnsp.dll
0x00007ffeb51e0000 - 0x00007ffeb51f5000 	C:\Windows\system32\wshbth.dll
0x00007ffeb6960000 - 0x00007ffeb697d000 	C:\Windows\system32\NLAapi.dll
0x00007ffeba380000 - 0x00007ffeba3bb000 	C:\Windows\SYSTEM32\IPHLPAPI.DLL
0x00007ffeba3c0000 - 0x00007ffeba48a000 	C:\Windows\SYSTEM32\DNSAPI.dll
0x00007ffebbc20000 - 0x00007ffebbc28000 	C:\Windows\System32\NSI.dll
0x00007ffe9e800000 - 0x00007ffe9e812000 	C:\Windows\System32\winrnr.dll
0x00007ffeae920000 - 0x00007ffeae92a000 	C:\Windows\System32\rasadhlp.dll
0x00007ffeaea70000 - 0x00007ffeaeaf0000 	C:\Windows\System32\fwpuclnt.dll
0x00007ffe9a410000 - 0x00007ffe9a417000 	C:\Program Files\Java\jdk-21\bin\extnet.dll
0x00007ffeba8a0000 - 0x00007ffeba8b8000 	C:\Windows\SYSTEM32\CRYPTSP.dll
0x00007ffeb9fc0000 - 0x00007ffeb9ff4000 	C:\Windows\system32\rsaenh.dll
0x00007ffebae90000 - 0x00007ffebaebe000 	C:\Windows\SYSTEM32\USERENV.dll
0x00007ffeba890000 - 0x00007ffeba89c000 	C:\Windows\SYSTEM32\CRYPTBASE.dll

dbghelp: loaded successfully - version: 4.0.5 - missing functions: none
symbol engine: initialized successfully - sym options: 0x614 - pdb path: .;C:\Program Files\Java\jdk-21\bin;C:\Windows\SYSTEM32;C:\Windows\WinSxS\amd64_microsoft.windows.common-controls_6595b64144ccf1df_6.0.19041.4355_none_60b8b9eb71f62e16;C:\Program Files\Java\jdk-21\bin\server

VM Arguments:
jvm_args: -ea -Dfile.encoding=UTF-8 -Dstdout.encoding=UTF-8 -Dstderr.encoding=UTF-8 -XX:+ShowCodeDetailsInExceptionMessages 
java_command: org.testng.remote.RemoteTestNG -serport 54161 -protocol json -d C:\Users\abhay\eclipse-workspace\DDFWP1\test-output C:\Users\abhay\AppData\Local\Temp\testng-eclipse-1355853935\testng-customsuite.xml
java_class_path (initial): C:\Users\abhay\eclipse\java-2023-12\eclipse\configuration\org.eclipse.osgi\520\0\.cp\lib\testng-remote.jar;C:\Users\abhay\eclipse-workspace\DDFWP1\target\test-classes;C:\Users\abhay\eclipse-workspace\DDFWP1\target\classes;C:\Users\abhay\.m2\repository\junit\junit\3.8.1\junit-3.8.1.jar;C:\Users\abhay\.m2\repository\org\apache\logging\log4j\log4j-core\2.23.1\log4j-core-2.23.1.jar;C:\Users\abhay\.m2\repository\org\apache\logging\log4j\log4j-api\2.23.1\log4j-api-2.23.1.jar;C:\Users\abhay\.m2\repository\org\projectlombok\lombok\1.18.32\lombok-1.18.32.jar;C:\Users\abhay\.m2\repository\org\apache\poi\poi\5.2.5\poi-5.2.5.jar;C:\Users\abhay\.m2\repository\commons-codec\commons-codec\1.16.0\commons-codec-1.16.0.jar;C:\Users\abhay\.m2\repository\org\apache\commons\commons-collections4\4.4\commons-collections4-4.4.jar;C:\Users\abhay\.m2\repository\org\apache\commons\commons-math3\3.6.1\commons-math3-3.6.1.jar;C:\Users\abhay\.m2\repository\com\zaxxer\SparseBitSet\1.3\SparseBitSet-1.3.jar;C:\Users\abhay\.m2\repository\org\apache\poi\poi-ooxml\5.2.5\poi-ooxml-5.2.5.jar;C:\Users\abhay\.m2\repository\org\apache\poi\poi-ooxml-lite\5.2.5\poi-ooxml-lite-5.2.5.jar;C:\Users\abhay\.m2\repository\org\apache\xmlbeans\xmlbeans\5.2.0\xmlbeans-5.2.0.jar;C:\Users\abhay\.m2\repository\org\apache\commons\commons-compress\1.25.0\commons-compress-1.25.0.jar;C:\Users\abhay\.m2\repository\com\github\virtuald\curvesapi\1.08\curvesapi-1.08.jar;C:\Users\abhay\.m2\repository\commons-io\commons-io\2.16.1\commons-io-2.16.1.jar;C:\Users\abhay\.m2\repository\org\seleniumhq\selenium\selenium-java\4.19.1\selenium-java-4.19.1.jar;C:\Users\abhay\.m2\repository\org\seleniumhq\selenium\selenium-api\4.19.1\selenium-api-4.19.1.jar;C:\Users\abhay\.m2\repository\org\seleniumhq\selenium\selenium-chrome-driver\4.19.1\selenium-chrome-driver-4.19.1.jar;C:\Users\abhay\.m2\repository\com\google\auto\service\auto-service-annotations\1.1.1\auto-service-annotations-1.1.1.jar;C:\Users\abhay\.m2\repository\org\seleniumhq\selenium\selenium-chromium-driver\4.19.1\selenium-chromium-driver-4.19.1.jar;C:\Users\abhay\.m2\repository\org\seleniumhq\selenium\selenium-json\4.19.1\selenium-json-4.19.1.jar;C:\Users\abhay\.m2\repository\org\seleniumhq\selenium\selenium-manager\4.19.1\selenium-manager-4.19.1.jar;C:\Users\abhay\.m2\repository\org\seleniumhq\selenium\selenium-devtools-v121\4.19.1\selenium-devtools-v121-4.19.1.jar;C:\Users\abhay\.m2\repository\org\seleniumhq\selenium\selenium-devtools-v122\4.19.1\selenium-devtools-v122-4.19.1.jar;C:\Users\abhay\.m2\repository\org\seleniumhq\selenium\selenium-devtools-v123\4.19.1\selenium-devtools-v123-4.19.1.jar;C:\Users\abhay\.m2\repository\org\seleniumhq\selenium\selenium-devtools-v85\4.19.1\selenium-devtools-v85-4.19.1.jar;C:\Users\abhay\.m2\repository\org\seleniumhq\selenium\selenium-edge-driver\4.19.1\selenium-edge-driver-4.19.1.jar;C:\Users\abhay\.m2\repository\org\seleniumhq\selenium\selenium-firefox-driver\4.19.1\selenium-firefox-driver-4.19.1.jar;C:\Users\abhay\.m2\repository\org\seleniumhq\selenium\selenium-http\4.19.1\selenium-http-4.19.1.jar;C:\Users\abhay\.m2\repository\dev\failsafe\failsafe\3.3.2\failsafe-3.3.2.jar;C:\Users\abhay\.m2\repository\org\seleniumhq\selenium\selenium-ie-driver\4.19.1\selenium-ie-driver-4.19.1.jar;C:\Users\abhay\.m2\repository\org\seleniumhq\selenium\selenium-remote-driver\4.19.1\selenium-remote-driver-4.19.1.jar;C:\Users\abhay\.m2\repository\io\opentelemetry\semconv\opentelemetry-semconv\1.23.1-alpha\opentelemetry-semconv-1.23.1-alpha.jar;C:\Users\abhay\.m2\repository\io\opentelemetry\opentelemetry-api\1.36.0\opentelemetry-api-1.36.0.jar;C:\Users\abhay\.m2\repository\io\opentelemetry\opentelemetry-context\1.36.0\opentelemetry-context-1.36.0.jar;C:\Users\abhay\.m2\repository\io\opentelemetry\opentelemetry-exporter-logging\1.36.0\opentelemetry-exporter-logging-1.36.0.jar;C:\Users\abhay\.m2\repository\io\opentelemetry\opentelemetry-sdk-common\1.36.0\opentelemetry-sdk-common-1.36.0.jar;C:\Users\abhay\.m2\repository\io\opentelemetry\opentelemetry-sdk-extension-autoconfigure-spi\1.36.0\opentelemetry-sdk-extension-autoconfigure-spi-1.36.0.jar;C:\Users\abhay\.m2\repository\io\opentelemetry\opentelemetry-sdk-extension-autoconfigure\1.36.0\opentelemetry-sdk-extension-autoconfigure-1.36.0.jar;C:\Users\abhay\.m2\repository\io\opentelemetry\opentelemetry-api-events\1.36.0-alpha\opentelemetry-api-events-1.36.0-alpha.jar;C:\Users\abhay\.m2\repository\io\opentelemetry\opentelemetry-sdk-trace\1.36.0\opentelemetry-sdk-trace-1.36.0.jar;C:\Users\abhay\.m2\repository\io\opentelemetry\opentelemetry-extension-incubator\1.36.0-alpha\opentelemetry-extension-incubator-1.36.0-alpha.jar;C:\Users\abhay\.m2\repository\io\opentelemetry\opentelemetry-sdk\1.36.0\opentelemetry-sdk-1.36.0.jar;C:\Users\abhay\.m2\repository\io\opentelemetry\opentelemetry-sdk-metrics\1.36.0\opentelemetry-sdk-metrics-1.36.0.jar;C:\Users\abhay\.m2\repository\io\opentelemetry\opentelemetry-sdk-logs\1.36.0\opentelemetry-sdk-logs-1.36.0.jar;C:\Users\abhay\.m2\repository\net\bytebuddy\byte-buddy\1.14.12\byte-buddy-1.14.12.jar;C:\Users\abhay\.m2\repository\org\seleniumhq\selenium\selenium-os\4.19.1\selenium-os-4.19.1.jar;C:\Users\abhay\.m2\repository\org\apache\commons\commons-exec\1.3\commons-exec-1.3.jar;C:\Users\abhay\.m2\repository\org\seleniumhq\selenium\selenium-safari-driver\4.19.1\selenium-safari-driver-4.19.1.jar;C:\Users\abhay\.m2\repository\org\seleniumhq\selenium\selenium-support\4.19.1\selenium-support-4.19.1.jar;C:\Users\abhay\.m2\repository\org\testng\testng\7.10.1\testng-7.10.1.jar;C:\Users\abhay\.m2\repository\org\slf4j\slf4j-api\1.7.36\slf4j-api-1.7.36.jar;C:\Users\abhay\.m2\repository\com\beust\jcommander\1.82\jcommander-1.82.jar;C:\Users\abhay\.m2\repository\org\webjars\jquery\3.7.1\jquery-3.7.1.jar;C:\Users\abhay\.m2\repository\org\catools\extentreport\1.0.1\extentreport-1.0.1.jar;C:\Users\abhay\.m2\repository\org\catools\common.testng\1.0.1\common.testng-1.0.1.jar;C:\Users\abhay\.m2\repository\org\catools\common.logger\1.0.1\common.logger-1.0.1.jar;C:\Users\abhay\.m2\repository\org\catools\common.utils\1.0.1\common.utils-1.0.1.jar;C:\Users\abhay\.m2\repository\org\catools\common.config\1.0.1\common.config-1.0.1.jar;C:\Users\abhay\.m2\repository\org\catools\common.extension\1.0.1\common.extension-1.0.1.jar;C:\Users\abhay\.m2\repository\org\catools\common.security\1.0.1\common.security-1.0.1.jar;C:\Users\abhay\.m2\repository\com\aventstack\extentreports\5.0.9\extentreports-5.0.9.jar;C:\Users\abhay\.m2\repository\io\reactivex\rxjava3\rxjava\3.0.4\rxjava-3.0.4.jar;C:\Users\abhay\.m2\repository\org\reactivestreams\reactive-streams\1.0.3\reactive-streams-1.0.3.jar;C:\Users\abhay\.m2\repository\org\freemarker\freemarker\2.3.30\freemarker-2.3.30.jar;C:\Users\abhay\.m2\repository\com\google\code\gson\gson\2.8.6\gson-2.8.6.jar;C:\Users\abhay\.m2\repository\com\github\lalyos\jfiglet\0.0.8\jfiglet-0.0.8.jar;C:\Users\abhay\.m2\repository\com\diogonunes\JCDP\2.0.3.1\JCDP-2.0.3.1.jar;C:\Users\abhay\.m2\repository\org\fusesource\jansi\jansi\1.15\jansi-1.15.jar;C:\Users\abhay\.m2\repository\org\codehaus\groovy\groovy-jsr223\2.5.7\groovy-jsr223-2.5.7.jar;C:\Users\abhay\.m2\repository\org\codehaus\groovy\groovy\2.5.7\groovy-2.5.7.jar;C:\Users\abhay\.m2\repository\org\apache\logging\log4j\log4j-slf4j-impl\2.17.1\log4j-slf4j-impl-2.17.1.jar;C:\Users\abhay\.m2\repository\javax\xml\bind\jaxb-api\2.3.1\jaxb-api-2.3.1.jar;C:\Users\abhay\.m2\repository\javax\activation\javax.activation-api\1.2.0\javax.activation-api-1.2.0.jar;C:\Users\abhay\.m2\repository\javax\xml\bind\activation\1.0.2\activation-1.0.2.jar;C:\Users\abhay\.m2\repository\org\glassfish\jaxb\jaxb-runtime\2.4.0-b180830.0438\jaxb-runtime-2.4.0-b180830.0438.jar;C:\Users\abhay\.m2\repository\org\glassfish\jaxb\txw2\2.4.0-b180830.0438\txw2-2.4.0-b180830.0438.jar;C:\Users\abhay\.m2\repository\com\sun\istack\istack-commons-runtime\3.0.7\istack-commons-runtime-3.0.7.jar;C:\Users\abhay\.m2\repository\org\jvnet\staxex\stax-ex\1.8\stax-ex-1.8.jar;C:\Users\abhay\.m2\repository\com\sun\xml\fastinfoset\FastInfoset\1.2.15\FastInfoset-1.2.15.jar;C:\Users\abhay\.m2\repository\javax\ws\rs\javax.ws.rs-api\2.1.1\javax.ws.rs-api-2.1.1.jar;C:\Users\abhay\.m2\repository\org\codehaus\jettison\jettison\1.4.0\jettison-1.4.0.jar;C:\Users\abhay\.m2\repository\org\apache\commons\commons-text\1.6\commons-text-1.6.jar;C:\Users\abhay\.m2\repository\org\apache\commons\commons-lang3\3.8.1\commons-lang3-3.8.1.jar;C:\Users\abhay\.m2\repository\org\apache\commons\commons-csv\1.6\commons-csv-1.6.jar;C:\Users\abhay\.m2\repository\com\fasterxml\jackson\core\jackson-core\2.10.2\jackson-core-2.10.2.jar;C:\Users\abhay\.m2\repository\com\fasterxml\jackson\dataformat\jackson-dataformat-yaml\2.10.2\jackson-dataformat-yaml-2.10.2.jar;C:\Users\abhay\.m2\repository\org\yaml\snakeyaml\1.24\snakeyaml-1.24.jar;C:\Users\abhay\.m2\repository\com\fasterxml\jackson\core\jackson-databind\2.10.2\jackson-databind-2.10.2.jar;C:\Users\abhay\.m2\repository\com\fasterxml\jackson\core\jackson-annotations\2.10.2\jackson-annotations-2.10.2.jar;C:\Users\abhay\.m2\repository\commons-collections\commons-collections\3.2.1\commons-collections-3.2.1.jar;C:\Users\abhay\.m2\repository\com\google\guava\guava\31.0.1-jre\guava-31.0.1-jre.jar;C:\Users\abhay\.m2\repository\com\google\guava\failureaccess\1.0.1\failureaccess-1.0.1.jar;C:\Users\abhay\.m2\repository\com\google\guava\listenablefuture\9999.0-empty-to-avoid-conflict-with-guava\listenablefuture-9999.0-empty-to-avoid-conflict-with-guava.jar;C:\Users\abhay\.m2\repository\com\google\code\findbugs\jsr305\3.0.2\jsr305-3.0.2.jar;C:\Users\abhay\.m2\repository\org\checkerframework\checker-qual\3.12.0\checker-qual-3.12.0.jar;C:\Users\abhay\.m2\repository\com\google\errorprone\error_prone_annotations\2.7.1\error_prone_annotations-2.7.1.jar;C:\Users\abhay\.m2\repository\com\google\j2objc\j2objc-annotations\1.3\j2objc-annotations-1.3.jar;C:\Users\abhay\.m2\repository\org\bitbucket\cowwoc\diff-match-patch\1.2\diff-match-patch-1.2.jar;C:\Users\abhay\.m2\repository\uk\com\robust-it\cloning\1.9.12\cloning-1.9.12.jar;C:\Users\abhay\.m2\repository\org\objenesis\objenesis\3.0.1\objenesis-3.0.1.jar
Launcher Type: SUN_STANDARD

[Global flags]
     intx CICompilerCount                          = 3                                         {product} {ergonomic}
     uint ConcGCThreads                            = 1                                         {product} {ergonomic}
     uint G1ConcRefinementThreads                  = 4                                         {product} {ergonomic}
   size_t G1HeapRegionSize                         = 1048576                                   {product} {ergonomic}
    uintx GCDrainStackTargetSize                   = 64                                        {product} {ergonomic}
   size_t InitialHeapSize                          = 67108864                                  {product} {ergonomic}
   size_t MarkStackSize                            = 4194304                                   {product} {ergonomic}
   size_t MaxHeapSize                              = 1046478848                                {product} {ergonomic}
   size_t MaxNewSize                               = 627048448                                 {product} {ergonomic}
   size_t MinHeapDeltaBytes                        = 1048576                                   {product} {ergonomic}
   size_t MinHeapSize                              = 8388608                                   {product} {ergonomic}
    uintx NonNMethodCodeHeapSize                   = 5832780                                {pd product} {ergonomic}
    uintx NonProfiledCodeHeapSize                  = 122912730                              {pd product} {ergonomic}
    uintx ProfiledCodeHeapSize                     = 122912730                              {pd product} {ergonomic}
    uintx ReservedCodeCacheSize                    = 251658240                              {pd product} {ergonomic}
     bool SegmentedCodeCache                       = true                                      {product} {ergonomic}
     bool ShowCodeDetailsInExceptionMessages       = true                                   {manageable} {command line}
   size_t SoftMaxHeapSize                          = 1046478848                             {manageable} {ergonomic}
     bool UseCompressedOops                        = true                           {product lp64_product} {ergonomic}
     bool UseG1GC                                  = true                                      {product} {ergonomic}
     bool UseLargePagesIndividualAllocation        = false                                  {pd product} {ergonomic}

Logging:
Log output configuration:
 #0: stdout all=warning uptime,level,tags foldmultilines=false
 #1: stderr all=off uptime,level,tags foldmultilines=false

Environment Variables:
PATH=C:/Program Files/Java/jdk-21/bin/server;C:/Program Files/Java/jdk-21/bin;C:\Program Files\Common Files\Oracle\Java\javapath;C:\Windows\system32;C:\Windows;C:\Windows\System32\Wbem;C:\Windows\System32\WindowsPowerShell\v1.0\;C:\Windows\System32\OpenSSH\;C:\apache-maven-3.9.6-bin\apache-maven-3.9.6\bin;C:\Program Files\Java\jdk-21\bin;C:\Program Files\MySQL\MySQL Shell 8.0\bin\;C:\Users\abhay\AppData\Local\Microsoft\WindowsApps;;C:\Users\abhay\OneDrive\Desktop;
USERNAME=abhay
OS=Windows_NT
PROCESSOR_IDENTIFIER=Intel64 Family 6 Model 78 Stepping 3, GenuineIntel
TMP=C:\Users\abhay\AppData\Local\Temp
TEMP=C:\Users\abhay\AppData\Local\Temp




Periodic native trim disabled

---------------  S Y S T E M  ---------------

OS:
 Windows 10 , 64 bit Build 19041 (10.0.19041.3636)
OS uptime: 59 days 2:00 hours

CPU: total 4 (initial active 4) (2 cores per cpu, 2 threads per core) family 6 model 78 stepping 3 microcode 0xcc, cx8, cmov, fxsr, ht, mmx, 3dnowpref, sse, sse2, sse3, ssse3, sse4.1, sse4.2, popcnt, lzcnt, tsc, tscinvbit, avx, avx2, aes, erms, clmul, bmi1, bmi2, rtm, adx, fma, vzeroupper, clflush, clflushopt, rdtscp, f16c
Processor Information for all 4 processors :
  Max Mhz: 2301, Current Mhz: 2301, Mhz Limit: 2301

Memory: 4k page, system-wide physical 3987M (308M free)
TotalPageFile size 16275M (AvailPageFile size 1M)
current process WorkingSet (physical memory assigned to process): 105M, peak: 105M
current process commit charge ("private bytes"): 168M, peak: 168M

vm_info: Java HotSpot(TM) 64-Bit Server VM (21.0.1+12-LTS-29) for windows-amd64 JRE (21.0.1+12-LTS-29), built on 2023-10-05T13:27:09Z by "mach5one" with MS VC++ 17.1 (VS2022)

END.
