#
# There is insufficient memory for the Java Runtime Environment to continue.
# Native memory allocation (malloc) failed to allocate 369968 bytes for Chunk::new
# Possible reasons:
#   The system is out of physical RAM or swap space
#   The process is running with CompressedOops enabled, and the Java Heap may be blocking the growth of the native heap
# Possible solutions:
#   Reduce memory load on the system
#   Increase physical memory or swap space
#   Check if swap backing store is full
#   Decrease Java heap size (-Xmx/-Xms)
#   Decrease number of Java threads
#   Decrease Java thread stack sizes (-Xss)
#   Set larger code cache with -XX:ReservedCodeCacheSize=
#   JVM is running with Unscaled Compressed Oops mode in which the Java heap is
#     placed in the first 4GB address space. The Java Heap base address is the
#     maximum limit for the native heap growth. Please use -XX:HeapBaseMinAddress
#     to set the Java Heap base and to place the Java Heap above 4GB virtual address.
# This output file may be truncated or incomplete.
#
#  Out of Memory Error (arena.cpp:168), pid=1960, tid=31616
#
# JRE version: Java(TM) SE Runtime Environment (21.0.1+12) (build 21.0.1+12-LTS-29)
# Java VM: Java HotSpot(TM) 64-Bit Server VM (21.0.1+12-LTS-29, mixed mode, sharing, tiered, compressed oops, compressed class ptrs, g1 gc, windows-amd64)
# No core dump will be written. Minidumps are not enabled by default on client versions of Windows
#

---------------  S U M M A R Y ------------

Command Line: -ea -Dfile.encoding=UTF-8 -Dstdout.encoding=UTF-8 -Dstderr.encoding=UTF-8 -XX:+ShowCodeDetailsInExceptionMessages org.testng.remote.RemoteTestNG -serport 54321 -protocol json -d C:\Users\abhay\eclipse-workspace\DDFWP1\test-output C:\Users\abhay\AppData\Local\Temp\testng-eclipse-516192273\testng-customsuite.xml

Host: Intel(R) Core(TM) i3-6100U CPU @ 2.30GHz, 4 cores, 3G,  Windows 10 , 64 bit Build 19041 (10.0.19041.3636)
Time: Fri Aug 30 16:57:53 2024 India Standard Time elapsed time: 3.263629 seconds (0d 0h 0m 3s)

---------------  T H R E A D  ---------------

Current thread (0x00000220b7d37790):  JavaThread "C2 CompilerThread0" daemon [_thread_in_native, id=31616, stack(0x000000e0d5d00000,0x000000e0d5e00000) (1024K)]


Current CompileTask:
C2:   3263 1112       4       java.io.DataInputStream::readUTF (501 bytes)

Stack: [0x000000e0d5d00000,0x000000e0d5e00000]
Native frames: (J=compiled Java code, j=interpreted, Vv=VM code, C=native code)
V  [jvm.dll+0x6c9029]
V  [jvm.dll+0x854b81]
V  [jvm.dll+0x856e5e]
V  [jvm.dll+0x857543]
V  [jvm.dll+0x280c06]
V  [jvm.dll+0xc3ead]
V  [jvm.dll+0xc43c3]
V  [jvm.dll+0x3b576c]
V  [jvm.dll+0x1e20b9]
V  [jvm.dll+0x249c22]
V  [jvm.dll+0x2490b1]
V  [jvm.dll+0x1c9ca1]
V  [jvm.dll+0x2586b9]
V  [jvm.dll+0x256c9a]
V  [jvm.dll+0x3ef1b6]
V  [jvm.dll+0x7fd728]
V  [jvm.dll+0x6c777d]
C  [ucrtbase.dll+0x21bb2]
C  [KERNEL32.DLL+0x17344]
C  [ntdll.dll+0x526b1]


---------------  P R O C E S S  ---------------

Threads class SMR info:
_java_thread_list=0x00000220fd09d3e0, length=11, elements={
0x000002209af2cb80, 0x00000220b7d04dc0, 0x00000220b7d074e0, 0x00000220b7d0a530,
0x00000220b7d0d0a0, 0x00000220b7d0eda0, 0x00000220b7d12d10, 0x00000220b7d37790,
0x00000220b7d3ab90, 0x00000220fd0b9be0, 0x00000220fd0c3be0
}

Java Threads: ( => current thread )
  0x000002209af2cb80 JavaThread "main"                              [_thread_in_native, id=33580, stack(0x000000e0d4f00000,0x000000e0d5000000) (1024K)]
  0x00000220b7d04dc0 JavaThread "Reference Handler"          daemon [_thread_blocked, id=29000, stack(0x000000e0d5700000,0x000000e0d5800000) (1024K)]
  0x00000220b7d074e0 JavaThread "Finalizer"                  daemon [_thread_blocked, id=31440, stack(0x000000e0d5800000,0x000000e0d5900000) (1024K)]
  0x00000220b7d0a530 JavaThread "Signal Dispatcher"          daemon [_thread_blocked, id=33912, stack(0x000000e0d5900000,0x000000e0d5a00000) (1024K)]
  0x00000220b7d0d0a0 JavaThread "Attach Listener"            daemon [_thread_blocked, id=33776, stack(0x000000e0d5a00000,0x000000e0d5b00000) (1024K)]
  0x00000220b7d0eda0 JavaThread "Service Thread"             daemon [_thread_blocked, id=31912, stack(0x000000e0d5b00000,0x000000e0d5c00000) (1024K)]
  0x00000220b7d12d10 JavaThread "Monitor Deflation Thread"   daemon [_thread_blocked, id=31324, stack(0x000000e0d5c00000,0x000000e0d5d00000) (1024K)]
=>0x00000220b7d37790 JavaThread "C2 CompilerThread0"         daemon [_thread_in_native, id=31616, stack(0x000000e0d5d00000,0x000000e0d5e00000) (1024K)]
  0x00000220b7d3ab90 JavaThread "C1 CompilerThread0"         daemon [_thread_blocked, id=2252, stack(0x000000e0d5e00000,0x000000e0d5f00000) (1024K)]
  0x00000220fd0b9be0 JavaThread "Notification Thread"        daemon [_thread_blocked, id=33260, stack(0x000000e0d5f00000,0x000000e0d6000000) (1024K)]
  0x00000220fd0c3be0 JavaThread "Common-Cleaner"             daemon [_thread_blocked, id=32932, stack(0x000000e0d6000000,0x000000e0d6100000) (1024K)]
Total: 11

Other Threads:
  0x000002209d156aa0 VMThread "VM Thread"                           [id=35544, stack(0x000000e0d5600000,0x000000e0d5700000) (1024K)]
  0x000002209d13d0c0 WatcherThread "VM Periodic Task Thread"        [id=34536, stack(0x000000e0d5500000,0x000000e0d5600000) (1024K)]
  0x000002209d0cf660 WorkerThread "GC Thread#0"                     [id=35552, stack(0x000000e0d5000000,0x000000e0d5100000) (1024K)]
  0x00000220fd75b5b0 WorkerThread "GC Thread#1"                     [id=34428, stack(0x000000e0d6100000,0x000000e0d6200000) (1024K)]
  0x00000220fd7581c0 WorkerThread "GC Thread#2"                     [id=35780, stack(0x000000e0d6200000,0x000000e0d6300000) (1024K)]
  0x00000220fd7df610 WorkerThread "GC Thread#3"                     [id=28848, stack(0x000000e0d6300000,0x000000e0d6400000) (1024K)]
  0x000002209d0da380 ConcurrentGCThread "G1 Main Marker"            [id=6532, stack(0x000000e0d5100000,0x000000e0d5200000) (1024K)]
  0x000002209d0dad90 WorkerThread "G1 Conc#0"                       [id=31576, stack(0x000000e0d5200000,0x000000e0d5300000) (1024K)]
  0x000002209d12f400 ConcurrentGCThread "G1 Refine#0"               [id=33976, stack(0x000000e0d5300000,0x000000e0d5400000) (1024K)]
  0x000002209d12fe80 ConcurrentGCThread "G1 Service"                [id=35356, stack(0x000000e0d5400000,0x000000e0d5500000) (1024K)]
Total: 10

Threads with active compile tasks:
C2 CompilerThread0     3467 1112       4       java.io.DataInputStream::readUTF (501 bytes)
Total: 1

VM state: not at safepoint (normal execution)

VM Mutex/Monitor currently owned by a thread: None

Heap address: 0x00000000c1a00000, size: 998 MB, Compressed Oops mode: 32-bit

CDS archive(s) mapped at: [0x00000220b8000000-0x00000220b8c90000-0x00000220b8c90000), size 13172736, SharedBaseAddress: 0x00000220b8000000, ArchiveRelocationMode: 1.
Compressed class space mapped at: 0x00000220b9000000-0x00000220f9000000, reserved size: 1073741824
Narrow klass base: 0x00000220b8000000, Narrow klass shift: 0, Narrow klass range: 0x100000000

GC Precious Log:
 CardTable entry size: 512
 Card Set container configuration: InlinePtr #cards 5 size 8 Array Of Cards #cards 12 size 40 Howl #buckets 4 coarsen threshold 1843 Howl Bitmap #cards 512 size 80 coarsen threshold 460 Card regions per heap region 1 cards per card region 2048
 CPUs: 4 total, 4 available
 Memory: 3987M
 Large Page Support: Disabled
 NUMA Support: Disabled
 Compressed Oops: Enabled (32-bit)
 Heap Region Size: 1M
 Heap Min Capacity: 8M
 Heap Initial Capacity: 64M
 Heap Max Capacity: 998M
 Pre-touch: Disabled
 Parallel Workers: 4
 Concurrent Workers: 1
 Concurrent Refinement Workers: 4
 Periodic GC: Disabled

Heap:
 garbage-first heap   total 65536K, used 9686K [0x00000000c1a00000, 0x0000000100000000)
  region size 1024K, 5 young (5120K), 2 survivors (2048K)
 Metaspace       used 6256K, committed 6400K, reserved 1114112K
  class space    used 703K, committed 768K, reserved 1048576K

Heap Regions: E=young(eden), S=young(survivor), O=old, HS=humongous(starts), HC=humongous(continues), CS=collection set, F=free, TAMS=top-at-mark-start, PB=parsable bottom
|   0|0x00000000c1a00000, 0x00000000c1b00000, 0x00000000c1b00000|100%| O|  |TAMS 0x00000000c1a00000| PB 0x00000000c1a00000| Untracked 
|   1|0x00000000c1b00000, 0x00000000c1c00000, 0x00000000c1c00000|100%| O|  |TAMS 0x00000000c1b00000| PB 0x00000000c1b00000| Untracked 
|   2|0x00000000c1c00000, 0x00000000c1d00000, 0x00000000c1d00000|100%| O|  |TAMS 0x00000000c1c00000| PB 0x00000000c1c00000| Untracked 
|   3|0x00000000c1d00000, 0x00000000c1e00000, 0x00000000c1e00000|100%| O|  |TAMS 0x00000000c1d00000| PB 0x00000000c1d00000| Untracked 
|   4|0x00000000c1e00000, 0x00000000c1f00000, 0x00000000c1f00000|100%| O|  |TAMS 0x00000000c1e00000| PB 0x00000000c1e00000| Untracked 
|   5|0x00000000c1f00000, 0x00000000c2000000, 0x00000000c2000000|100%| O|  |TAMS 0x00000000c1f00000| PB 0x00000000c1f00000| Untracked 
|   6|0x00000000c2000000, 0x00000000c202fb38, 0x00000000c2100000| 18%| O|  |TAMS 0x00000000c2000000| PB 0x00000000c2000000| Untracked 
|   7|0x00000000c2100000, 0x00000000c2100000, 0x00000000c2200000|  0%| F|  |TAMS 0x00000000c2100000| PB 0x00000000c2100000| Untracked 
|   8|0x00000000c2200000, 0x00000000c2200000, 0x00000000c2300000|  0%| F|  |TAMS 0x00000000c2200000| PB 0x00000000c2200000| Untracked 
|   9|0x00000000c2300000, 0x00000000c2300000, 0x00000000c2400000|  0%| F|  |TAMS 0x00000000c2300000| PB 0x00000000c2300000| Untracked 
|  10|0x00000000c2400000, 0x00000000c2400000, 0x00000000c2500000|  0%| F|  |TAMS 0x00000000c2400000| PB 0x00000000c2400000| Untracked 
|  11|0x00000000c2500000, 0x00000000c2500000, 0x00000000c2600000|  0%| F|  |TAMS 0x00000000c2500000| PB 0x00000000c2500000| Untracked 
|  12|0x00000000c2600000, 0x00000000c2600000, 0x00000000c2700000|  0%| F|  |TAMS 0x00000000c2600000| PB 0x00000000c2600000| Untracked 
|  13|0x00000000c2700000, 0x00000000c2700000, 0x00000000c2800000|  0%| F|  |TAMS 0x00000000c2700000| PB 0x00000000c2700000| Untracked 
|  14|0x00000000c2800000, 0x00000000c2800000, 0x00000000c2900000|  0%| F|  |TAMS 0x00000000c2800000| PB 0x00000000c2800000| Untracked 
|  15|0x00000000c2900000, 0x00000000c2900000, 0x00000000c2a00000|  0%| F|  |TAMS 0x00000000c2900000| PB 0x00000000c2900000| Untracked 
|  16|0x00000000c2a00000, 0x00000000c2a00000, 0x00000000c2b00000|  0%| F|  |TAMS 0x00000000c2a00000| PB 0x00000000c2a00000| Untracked 
|  17|0x00000000c2b00000, 0x00000000c2b00000, 0x00000000c2c00000|  0%| F|  |TAMS 0x00000000c2b00000| PB 0x00000000c2b00000| Untracked 
|  18|0x00000000c2c00000, 0x00000000c2c00000, 0x00000000c2d00000|  0%| F|  |TAMS 0x00000000c2c00000| PB 0x00000000c2c00000| Untracked 
|  19|0x00000000c2d00000, 0x00000000c2d00000, 0x00000000c2e00000|  0%| F|  |TAMS 0x00000000c2d00000| PB 0x00000000c2d00000| Untracked 
|  20|0x00000000c2e00000, 0x00000000c2e00000, 0x00000000c2f00000|  0%| F|  |TAMS 0x00000000c2e00000| PB 0x00000000c2e00000| Untracked 
|  21|0x00000000c2f00000, 0x00000000c2f00000, 0x00000000c3000000|  0%| F|  |TAMS 0x00000000c2f00000| PB 0x00000000c2f00000| Untracked 
|  22|0x00000000c3000000, 0x00000000c3000000, 0x00000000c3100000|  0%| F|  |TAMS 0x00000000c3000000| PB 0x00000000c3000000| Untracked 
|  23|0x00000000c3100000, 0x00000000c3100000, 0x00000000c3200000|  0%| F|  |TAMS 0x00000000c3100000| PB 0x00000000c3100000| Untracked 
|  24|0x00000000c3200000, 0x00000000c3200000, 0x00000000c3300000|  0%| F|  |TAMS 0x00000000c3200000| PB 0x00000000c3200000| Untracked 
|  25|0x00000000c3300000, 0x00000000c3300000, 0x00000000c3400000|  0%| F|  |TAMS 0x00000000c3300000| PB 0x00000000c3300000| Untracked 
|  26|0x00000000c3400000, 0x00000000c3400000, 0x00000000c3500000|  0%| F|  |TAMS 0x00000000c3400000| PB 0x00000000c3400000| Untracked 
|  27|0x00000000c3500000, 0x00000000c3500000, 0x00000000c3600000|  0%| F|  |TAMS 0x00000000c3500000| PB 0x00000000c3500000| Untracked 
|  28|0x00000000c3600000, 0x00000000c3600000, 0x00000000c3700000|  0%| F|  |TAMS 0x00000000c3600000| PB 0x00000000c3600000| Untracked 
|  29|0x00000000c3700000, 0x00000000c3700000, 0x00000000c3800000|  0%| F|  |TAMS 0x00000000c3700000| PB 0x00000000c3700000| Untracked 
|  30|0x00000000c3800000, 0x00000000c3800000, 0x00000000c3900000|  0%| F|  |TAMS 0x00000000c3800000| PB 0x00000000c3800000| Untracked 
|  31|0x00000000c3900000, 0x00000000c3900000, 0x00000000c3a00000|  0%| F|  |TAMS 0x00000000c3900000| PB 0x00000000c3900000| Untracked 
|  32|0x00000000c3a00000, 0x00000000c3a00000, 0x00000000c3b00000|  0%| F|  |TAMS 0x00000000c3a00000| PB 0x00000000c3a00000| Untracked 
|  33|0x00000000c3b00000, 0x00000000c3b00000, 0x00000000c3c00000|  0%| F|  |TAMS 0x00000000c3b00000| PB 0x00000000c3b00000| Untracked 
|  34|0x00000000c3c00000, 0x00000000c3c00000, 0x00000000c3d00000|  0%| F|  |TAMS 0x00000000c3c00000| PB 0x00000000c3c00000| Untracked 
|  35|0x00000000c3d00000, 0x00000000c3d00000, 0x00000000c3e00000|  0%| F|  |TAMS 0x00000000c3d00000| PB 0x00000000c3d00000| Untracked 
|  36|0x00000000c3e00000, 0x00000000c3e00000, 0x00000000c3f00000|  0%| F|  |TAMS 0x00000000c3e00000| PB 0x00000000c3e00000| Untracked 
|  37|0x00000000c3f00000, 0x00000000c3f00000, 0x00000000c4000000|  0%| F|  |TAMS 0x00000000c3f00000| PB 0x00000000c3f00000| Untracked 
|  38|0x00000000c4000000, 0x00000000c4000000, 0x00000000c4100000|  0%| F|  |TAMS 0x00000000c4000000| PB 0x00000000c4000000| Untracked 
|  39|0x00000000c4100000, 0x00000000c4100000, 0x00000000c4200000|  0%| F|  |TAMS 0x00000000c4100000| PB 0x00000000c4100000| Untracked 
|  40|0x00000000c4200000, 0x00000000c4200000, 0x00000000c4300000|  0%| F|  |TAMS 0x00000000c4200000| PB 0x00000000c4200000| Untracked 
|  41|0x00000000c4300000, 0x00000000c4300000, 0x00000000c4400000|  0%| F|  |TAMS 0x00000000c4300000| PB 0x00000000c4300000| Untracked 
|  42|0x00000000c4400000, 0x00000000c4400000, 0x00000000c4500000|  0%| F|  |TAMS 0x00000000c4400000| PB 0x00000000c4400000| Untracked 
|  43|0x00000000c4500000, 0x00000000c4500000, 0x00000000c4600000|  0%| F|  |TAMS 0x00000000c4500000| PB 0x00000000c4500000| Untracked 
|  44|0x00000000c4600000, 0x00000000c4600000, 0x00000000c4700000|  0%| F|  |TAMS 0x00000000c4600000| PB 0x00000000c4600000| Untracked 
|  45|0x00000000c4700000, 0x00000000c4700000, 0x00000000c4800000|  0%| F|  |TAMS 0x00000000c4700000| PB 0x00000000c4700000| Untracked 
|  46|0x00000000c4800000, 0x00000000c4800000, 0x00000000c4900000|  0%| F|  |TAMS 0x00000000c4800000| PB 0x00000000c4800000| Untracked 
|  47|0x00000000c4900000, 0x00000000c4900000, 0x00000000c4a00000|  0%| F|  |TAMS 0x00000000c4900000| PB 0x00000000c4900000| Untracked 
|  48|0x00000000c4a00000, 0x00000000c4a00000, 0x00000000c4b00000|  0%| F|  |TAMS 0x00000000c4a00000| PB 0x00000000c4a00000| Untracked 
|  49|0x00000000c4b00000, 0x00000000c4b00000, 0x00000000c4c00000|  0%| F|  |TAMS 0x00000000c4b00000| PB 0x00000000c4b00000| Untracked 
|  50|0x00000000c4c00000, 0x00000000c4c00000, 0x00000000c4d00000|  0%| F|  |TAMS 0x00000000c4c00000| PB 0x00000000c4c00000| Untracked 
|  51|0x00000000c4d00000, 0x00000000c4d00000, 0x00000000c4e00000|  0%| F|  |TAMS 0x00000000c4d00000| PB 0x00000000c4d00000| Untracked 
|  52|0x00000000c4e00000, 0x00000000c4e45ed0, 0x00000000c4f00000| 27%| S|CS|TAMS 0x00000000c4e00000| PB 0x00000000c4e00000| Complete 
|  53|0x00000000c4f00000, 0x00000000c5000000, 0x00000000c5000000|100%| S|CS|TAMS 0x00000000c4f00000| PB 0x00000000c4f00000| Complete 
|  54|0x00000000c5000000, 0x00000000c5000000, 0x00000000c5100000|  0%| F|  |TAMS 0x00000000c5000000| PB 0x00000000c5000000| Untracked 
|  55|0x00000000c5100000, 0x00000000c5100000, 0x00000000c5200000|  0%| F|  |TAMS 0x00000000c5100000| PB 0x00000000c5100000| Untracked 
|  56|0x00000000c5200000, 0x00000000c5200000, 0x00000000c5300000|  0%| F|  |TAMS 0x00000000c5200000| PB 0x00000000c5200000| Untracked 
|  57|0x00000000c5300000, 0x00000000c5300000, 0x00000000c5400000|  0%| F|  |TAMS 0x00000000c5300000| PB 0x00000000c5300000| Untracked 
|  58|0x00000000c5400000, 0x00000000c5400000, 0x00000000c5500000|  0%| F|  |TAMS 0x00000000c5400000| PB 0x00000000c5400000| Untracked 
|  59|0x00000000c5500000, 0x00000000c5500000, 0x00000000c5600000|  0%| F|  |TAMS 0x00000000c5500000| PB 0x00000000c5500000| Untracked 
|  60|0x00000000c5600000, 0x00000000c5600000, 0x00000000c5700000|  0%| F|  |TAMS 0x00000000c5600000| PB 0x00000000c5600000| Untracked 
|  61|0x00000000c5700000, 0x00000000c5731dd8, 0x00000000c5800000| 19%| E|  |TAMS 0x00000000c5700000| PB 0x00000000c5700000| Complete 
|  62|0x00000000c5800000, 0x00000000c5900000, 0x00000000c5900000|100%| E|CS|TAMS 0x00000000c5800000| PB 0x00000000c5800000| Complete 
|  63|0x00000000c5900000, 0x00000000c5a00000, 0x00000000c5a00000|100%| E|CS|TAMS 0x00000000c5900000| PB 0x00000000c5900000| Complete 

Card table byte_map: [0x00000220b46f0000,0x00000220b48f0000] _byte_map_base: 0x00000220b40e3000

Marking Bits: (CMBitMap*) 0x000002209d0d0480
 Bits: [0x00000220b48f0000, 0x00000220b5888000)

Polling page: 0x000002209aee0000

Metaspace:

Usage:
  Non-class:      5.42 MB used.
      Class:    703.41 KB used.
       Both:      6.11 MB used.

Virtual space:
  Non-class space:       64.00 MB reserved,       5.50 MB (  9%) committed,  1 nodes.
      Class space:        1.00 GB reserved,     768.00 KB ( <1%) committed,  1 nodes.
             Both:        1.06 GB reserved,       6.25 MB ( <1%) committed. 

Chunk freelists:
   Non-Class:  8.70 MB
       Class:  15.20 MB
        Both:  23.91 MB

MaxMetaspaceSize: unlimited
CompressedClassSpaceSize: 1.00 GB
Initial GC threshold: 21.00 MB
Current GC threshold: 21.00 MB
CDS: on
 - commit_granule_bytes: 65536.
 - commit_granule_words: 8192.
 - virtual_space_node_default_size: 8388608.
 - enlarge_chunks_in_place: 1.
 - use_allocation_guard: 0.


Internal statistics:

num_allocs_failed_limit: 0.
num_arena_births: 130.
num_arena_deaths: 0.
num_vsnodes_births: 2.
num_vsnodes_deaths: 0.
num_space_committed: 100.
num_space_uncommitted: 0.
num_chunks_returned_to_freelist: 0.
num_chunks_taken_from_freelist: 311.
num_chunk_merges: 0.
num_chunk_splits: 205.
num_chunks_enlarged: 148.
num_inconsistent_stats: 0.

CodeHeap 'non-profiled nmethods': size=120000Kb used=381Kb max_used=381Kb free=119618Kb
 bounds [0x00000220acfc0000, 0x00000220ad230000, 0x00000220b44f0000]
CodeHeap 'profiled nmethods': size=120000Kb used=2264Kb max_used=2264Kb free=117735Kb
 bounds [0x00000220a54f0000, 0x00000220a5760000, 0x00000220aca20000]
CodeHeap 'non-nmethods': size=5760Kb used=1350Kb max_used=1354Kb free=4409Kb
 bounds [0x00000220aca20000, 0x00000220acc90000, 0x00000220acfc0000]
 total_blobs=1681 nmethods=1226 adapters=360
 compilation: enabled
              stopped_count=0, restarted_count=0
 full_count=0

Compilation events (20 events):
Event: 3.211 Thread 0x00000220b7d3ab90 nmethod 1145 0x00000220a56ec890 code [0x00000220a56eca40, 0x00000220a56eccf0]
Event: 3.211 Thread 0x00000220b7d3ab90 1146       3       sun.util.locale.LocaleUtils::isAlpha (30 bytes)
Event: 3.212 Thread 0x00000220b7d3ab90 nmethod 1146 0x00000220a56ece10 code [0x00000220a56ecfc0, 0x00000220a56ed1b8]
Event: 3.212 Thread 0x00000220b7d3ab90 1147       1       sun.util.locale.StringTokenIterator::currentEnd (5 bytes)
Event: 3.212 Thread 0x00000220b7d3ab90 nmethod 1147 0x00000220ad01d590 code [0x00000220ad01d720, 0x00000220ad01d7e8]
Event: 3.212 Thread 0x00000220b7d3ab90 1149       3       sun.util.locale.LocaleUtils::isLower (18 bytes)
Event: 3.212 Thread 0x00000220b7d3ab90 nmethod 1149 0x00000220a56ed290 code [0x00000220a56ed420, 0x00000220a56ed5a0]
Event: 3.212 Thread 0x00000220b7d3ab90 1150       3       sun.util.locale.ParseStatus::isError (13 bytes)
Event: 3.212 Thread 0x00000220b7d3ab90 nmethod 1150 0x00000220a56ed610 code [0x00000220a56ed7a0, 0x00000220a56ed910]
Event: 3.212 Thread 0x00000220b7d3ab90 1148       1       sun.util.locale.BaseLocale$Key::hashCode (5 bytes)
Event: 3.212 Thread 0x00000220b7d3ab90 nmethod 1148 0x00000220ad01d890 code [0x00000220ad01da20, 0x00000220ad01dae8]
Event: 3.212 Thread 0x00000220b7d3ab90 1151       3       sun.util.locale.BaseLocale::hashCode (67 bytes)
Event: 3.212 Thread 0x00000220b7d3ab90 nmethod 1151 0x00000220a56ed990 code [0x00000220a56edb60, 0x00000220a56ede20]
Event: 3.212 Thread 0x00000220b7d3ab90 1152       3       java.lang.ref.SoftReference::<init> (13 bytes)
Event: 3.213 Thread 0x00000220b7d3ab90 nmethod 1152 0x00000220a56edf90 code [0x00000220a56ee160, 0x00000220a56ee480]
Event: 3.213 Thread 0x00000220b7d3ab90 1153       3       sun.util.locale.LocaleUtils::toLowerString (95 bytes)
Event: 3.214 Thread 0x00000220b7d3ab90 nmethod 1153 0x00000220a56ee590 code [0x00000220a56ee860, 0x00000220a56ef9b0]
Event: 3.214 Thread 0x00000220b7d3ab90 1154       3       sun.util.locale.StringTokenIterator::nextDelimiter (116 bytes)
Event: 3.216 Thread 0x00000220b7d3ab90 nmethod 1154 0x00000220a56f0010 code [0x00000220a56f0340, 0x00000220a56f1768]
Event: 3.216 Thread 0x00000220b7d3ab90 1160       3       sun.util.locale.LocaleUtils::isAlphaString (33 bytes)

GC Heap History (2 events):
Event: 2.315 GC heap before
{Heap before GC invocations=0 (full 0):
 garbage-first heap   total 65536K, used 12288K [0x00000000c1a00000, 0x0000000100000000)
  region size 1024K, 13 young (13312K), 0 survivors (0K)
 Metaspace       used 2975K, committed 3072K, reserved 1114112K
  class space    used 286K, committed 320K, reserved 1048576K
}
Event: 2.330 GC heap after
{Heap after GC invocations=1 (full 0):
 garbage-first heap   total 65536K, used 6611K [0x00000000c1a00000, 0x0000000100000000)
  region size 1024K, 2 young (2048K), 2 survivors (2048K)
 Metaspace       used 2975K, committed 3072K, reserved 1114112K
  class space    used 286K, committed 320K, reserved 1048576K
}

Dll operation events (9 events):
Event: 0.069 Loaded shared library C:\Program Files\Java\jdk-21\bin\java.dll
Event: 0.149 Loaded shared library C:\Program Files\Java\jdk-21\bin\jsvml.dll
Event: 0.307 Loaded shared library C:\Program Files\Java\jdk-21\bin\net.dll
Event: 0.322 Loaded shared library C:\Program Files\Java\jdk-21\bin\nio.dll
Event: 0.356 Loaded shared library C:\Program Files\Java\jdk-21\bin\zip.dll
Event: 1.605 Loaded shared library C:\Program Files\Java\jdk-21\bin\jimage.dll
Event: 1.965 Loaded shared library C:\Program Files\Java\jdk-21\bin\verify.dll
Event: 2.951 Loaded shared library C:\Program Files\Java\jdk-21\bin\management.dll
Event: 2.983 Loaded shared library C:\Program Files\Java\jdk-21\bin\management_ext.dll

Deoptimization events (20 events):
Event: 2.445 Thread 0x000002209af2cb80 DEOPT PACKING pc=0x00000220a551360e sp=0x000000e0d4ffd120
Event: 2.445 Thread 0x000002209af2cb80 DEOPT UNPACKING pc=0x00000220aca74e42 sp=0x000000e0d4ffc590 mode 0
Event: 2.458 Thread 0x000002209af2cb80 DEOPT PACKING pc=0x00000220a551360e sp=0x000000e0d4ffd090
Event: 2.458 Thread 0x000002209af2cb80 DEOPT UNPACKING pc=0x00000220aca74e42 sp=0x000000e0d4ffc500 mode 0
Event: 3.024 Thread 0x000002209af2cb80 Uncommon trap: trap_request=0xffffffde fr.pc=0x00000220ad0156dc relative=0x000000000000013c
Event: 3.024 Thread 0x000002209af2cb80 Uncommon trap: reason=class_check action=maybe_recompile pc=0x00000220ad0156dc method=jdk.internal.misc.Unsafe.allocateUninitializedArray(Ljava/lang/Class;I)Ljava/lang/Object; @ 51 c2
Event: 3.024 Thread 0x000002209af2cb80 DEOPT PACKING pc=0x00000220ad0156dc sp=0x000000e0d4ff92e0
Event: 3.024 Thread 0x000002209af2cb80 DEOPT UNPACKING pc=0x00000220aca746a2 sp=0x000000e0d4ff9258 mode 2
Event: 3.024 Thread 0x000002209af2cb80 Uncommon trap: trap_request=0xffffffde fr.pc=0x00000220ad0156dc relative=0x000000000000013c
Event: 3.024 Thread 0x000002209af2cb80 Uncommon trap: reason=class_check action=maybe_recompile pc=0x00000220ad0156dc method=jdk.internal.misc.Unsafe.allocateUninitializedArray(Ljava/lang/Class;I)Ljava/lang/Object; @ 51 c2
Event: 3.024 Thread 0x000002209af2cb80 DEOPT PACKING pc=0x00000220ad0156dc sp=0x000000e0d4ff9380
Event: 3.024 Thread 0x000002209af2cb80 DEOPT UNPACKING pc=0x00000220aca746a2 sp=0x000000e0d4ff92f8 mode 2
Event: 3.024 Thread 0x000002209af2cb80 Uncommon trap: trap_request=0xffffffde fr.pc=0x00000220ad0156dc relative=0x000000000000013c
Event: 3.024 Thread 0x000002209af2cb80 Uncommon trap: reason=class_check action=maybe_recompile pc=0x00000220ad0156dc method=jdk.internal.misc.Unsafe.allocateUninitializedArray(Ljava/lang/Class;I)Ljava/lang/Object; @ 51 c2
Event: 3.024 Thread 0x000002209af2cb80 DEOPT PACKING pc=0x00000220ad0156dc sp=0x000000e0d4ff8ce0
Event: 3.024 Thread 0x000002209af2cb80 DEOPT UNPACKING pc=0x00000220aca746a2 sp=0x000000e0d4ff8c58 mode 2
Event: 3.024 Thread 0x000002209af2cb80 Uncommon trap: trap_request=0xffffffde fr.pc=0x00000220ad0156dc relative=0x000000000000013c
Event: 3.024 Thread 0x000002209af2cb80 Uncommon trap: reason=class_check action=maybe_recompile pc=0x00000220ad0156dc method=jdk.internal.misc.Unsafe.allocateUninitializedArray(Ljava/lang/Class;I)Ljava/lang/Object; @ 51 c2
Event: 3.024 Thread 0x000002209af2cb80 DEOPT PACKING pc=0x00000220ad0156dc sp=0x000000e0d4ff9190
Event: 3.024 Thread 0x000002209af2cb80 DEOPT UNPACKING pc=0x00000220aca746a2 sp=0x000000e0d4ff9108 mode 2

Classes loaded (20 events):
Event: 3.044 Loading class java/util/concurrent/ScheduledExecutorService
Event: 3.045 Loading class java/util/concurrent/ScheduledExecutorService done
Event: 3.049 Loading class java/util/UUID
Event: 3.050 Loading class java/util/UUID done
Event: 3.051 Loading class jdk/internal/foreign/MemorySessionImpl
Event: 3.052 Loading class java/lang/foreign/MemorySegment$Scope
Event: 3.053 Loading class java/lang/foreign/MemorySegment$Scope done
Event: 3.053 Loading class jdk/internal/foreign/MemorySessionImpl done
Event: 3.071 Loading class java/lang/annotation/Documented
Event: 3.072 Loading class java/lang/annotation/Documented done
Event: 3.163 Loading class sun/util/calendar/ZoneInfoFile$Checksum
Event: 3.172 Loading class sun/util/calendar/ZoneInfoFile$Checksum done
Event: 3.179 Loading class java/time/temporal/UnsupportedTemporalTypeException
Event: 3.183 Loading class java/time/DateTimeException
Event: 3.187 Loading class java/time/DateTimeException done
Event: 3.187 Loading class java/time/temporal/UnsupportedTemporalTypeException done
Event: 3.190 Loading class jdk/internal/module/ModulePatcher$PatchedModuleReader
Event: 3.195 Loading class jdk/internal/module/ModulePatcher$PatchedModuleReader done
Event: 3.196 Loading class sun/net/www/protocol/jrt/Handler
Event: 3.200 Loading class sun/net/www/protocol/jrt/Handler done

Classes unloaded (0 events):
No events

Classes redefined (0 events):
No events

Internal exceptions (18 events):
Event: 1.504 Thread 0x000002209af2cb80 Exception <a 'java/lang/NoSuchMethodError'{0x00000000c53ea770}: 'int java.lang.invoke.DirectMethodHandle$Holder.invokeSpecial(java.lang.Object, java.lang.Object, java.lang.Object)'> (0x00000000c53ea770) 
thrown [s\open\src\hotspot\share\interpreter\linkResolver.cpp, line 773]
Event: 1.510 Thread 0x000002209af2cb80 Exception <a 'java/lang/NoSuchMethodError'{0x00000000c53f4e38}: 'void java.lang.invoke.DelegatingMethodHandle$Holder.reinvoke_L(java.lang.Object, java.lang.Object, int)'> (0x00000000c53f4e38) 
thrown [s\open\src\hotspot\share\interpreter\linkResolver.cpp, line 773]
Event: 1.514 Thread 0x000002209af2cb80 Exception <a 'java/lang/NoSuchMethodError'{0x00000000c53fb6f8}: 'int java.lang.invoke.Invokers$Holder.invokeExact_MT(java.lang.Object, java.lang.Object, java.lang.Object)'> (0x00000000c53fb6f8) 
thrown [s\open\src\hotspot\share\interpreter\linkResolver.cpp, line 773]
Event: 1.544 Thread 0x000002209af2cb80 Exception <a 'java/lang/NoSuchMethodError'{0x00000000c52292e8}: 'void java.lang.invoke.Invokers$Holder.invokeExact_MT(java.lang.Object, java.lang.Object, java.lang.Object, java.lang.Object)'> (0x00000000c52292e8) 
thrown [s\open\src\hotspot\share\interpreter\linkResolver.cpp, line 773]
Event: 2.097 Thread 0x000002209af2cb80 Exception <a 'java/lang/NoSuchMethodError'{0x00000000c4ffbfe8}: 'void java.lang.invoke.DirectMethodHandle$Holder.invokeStatic(java.lang.Object, java.lang.Object, java.lang.Object, java.lang.Object)'> (0x00000000c4ffbfe8) 
thrown [s\open\src\hotspot\share\interpreter\linkResolver.cpp, line 773]
Event: 2.139 Thread 0x000002209af2cb80 Exception <a 'java/lang/NoSuchMethodError'{0x00000000c4e48eb0}: 'int java.lang.invoke.DirectMethodHandle$Holder.invokeStatic(java.lang.Object)'> (0x00000000c4e48eb0) 
thrown [s\open\src\hotspot\share\interpreter\linkResolver.cpp, line 773]
Event: 2.140 Thread 0x000002209af2cb80 Exception <a 'java/lang/NoSuchMethodError'{0x00000000c4e4c2b8}: 'int java.lang.invoke.DirectMethodHandle$Holder.invokeStaticInit(java.lang.Object)'> (0x00000000c4e4c2b8) 
thrown [s\open\src\hotspot\share\interpreter\linkResolver.cpp, line 773]
Event: 2.159 Thread 0x000002209af2cb80 Exception <a 'java/lang/NoSuchMethodError'{0x00000000c4e59dd8}: 'int java.lang.invoke.DirectMethodHandle$Holder.invokeStaticInit(java.lang.Object, java.lang.Object)'> (0x00000000c4e59dd8) 
thrown [s\open\src\hotspot\share\interpreter\linkResolver.cpp, line 773]
Event: 2.189 Thread 0x000002209af2cb80 Exception <a 'java/lang/NoSuchMethodError'{0x00000000c4e984c0}: 'void java.lang.invoke.DirectMethodHandle$Holder.invokeStatic(java.lang.Object, java.lang.Object, java.lang.Object)'> (0x00000000c4e984c0) 
thrown [s\open\src\hotspot\share\interpreter\linkResolver.cpp, line 773]
Event: 2.202 Thread 0x000002209af2cb80 Exception <a 'java/lang/NoSuchMethodError'{0x00000000c4eb8300}: 'java.lang.Object java.lang.invoke.DirectMethodHandle$Holder.invokeStatic(java.lang.Object, java.lang.Object, int)'> (0x00000000c4eb8300) 
thrown [s\open\src\hotspot\share\interpreter\linkResolver.cpp, line 773]
Event: 2.205 Thread 0x000002209af2cb80 Exception <a 'java/lang/NoSuchMethodError'{0x00000000c4ec3750}: 'void java.lang.invoke.DelegatingMethodHandle$Holder.delegate(java.lang.Object, java.lang.Object, int, java.lang.Object)'> (0x00000000c4ec3750) 
thrown [s\open\src\hotspot\share\interpreter\linkResolver.cpp, line 773]
Event: 2.223 Thread 0x000002209af2cb80 Exception <a 'java/lang/NoSuchMethodError'{0x00000000c4d05240}: 'java.lang.Object java.lang.invoke.DirectMethodHandle$Holder.invokeInterface(java.lang.Object, java.lang.Object)'> (0x00000000c4d05240) 
thrown [s\open\src\hotspot\share\interpreter\linkResolver.cpp, line 773]
Event: 2.224 Thread 0x000002209af2cb80 Exception <a 'java/lang/IncompatibleClassChangeError'{0x00000000c4d08758}: Found class java.lang.Object, but interface was expected> (0x00000000c4d08758) 
thrown [s\open\src\hotspot\share\interpreter\linkResolver.cpp, line 840]
Event: 2.227 Thread 0x000002209af2cb80 Exception <a 'java/lang/NoSuchMethodError'{0x00000000c4d11c28}: 'void java.lang.invoke.DirectMethodHandle$Holder.invokeSpecial(java.lang.Object, java.lang.Object, java.lang.Object)'> (0x00000000c4d11c28) 
thrown [s\open\src\hotspot\share\interpreter\linkResolver.cpp, line 773]
Event: 2.236 Thread 0x000002209af2cb80 Exception <a 'java/lang/NoSuchMethodError'{0x00000000c4d2bcf0}: 'java.lang.Object java.lang.invoke.DirectMethodHandle$Holder.newInvokeSpecial(java.lang.Object, java.lang.Object, java.lang.Object, int, java.lang.Object)'> (0x00000000c4d2bcf0) 
thrown [s\open\src\hotspot\share\interpreter\linkResolver.cpp, line 773]
Event: 2.237 Thread 0x000002209af2cb80 Exception <a 'java/lang/NoSuchMethodError'{0x00000000c4d33398}: 'java.lang.Object java.lang.invoke.Invokers$Holder.linkToTargetMethod(java.lang.Object, java.lang.Object, int, java.lang.Object, java.lang.Object)'> (0x00000000c4d33398) 
thrown [s\open\src\hotspot\share\interpreter\linkResolver.cpp, line 773]
Event: 2.842 Thread 0x000002209af2cb80 Exception <a 'java/lang/NoSuchMethodError'{0x00000000c530f798}: 'java.lang.Object java.lang.invoke.DirectMethodHandle$Holder.newInvokeSpecial(java.lang.Object, long, int, java.lang.Object)'> (0x00000000c530f798) 
thrown [s\open\src\hotspot\share\interpreter\linkResolver.cpp, line 773]
Event: 2.910 Thread 0x000002209af2cb80 Exception <a 'java/lang/NoSuchMethodError'{0x00000000c5361370}: 'void java.lang.invoke.DirectMethodHandle$Holder.invokeStaticInit(java.lang.Object, java.lang.Object, java.lang.Object, java.lang.Object)'> (0x00000000c5361370) 
thrown [s\open\src\hotspot\share\interpreter\linkResolver.cpp, line 773]

ZGC Phase Switch (0 events):
No events

VM Operations (20 events):
Event: 0.357 Executing VM operation: HandshakeAllThreads (Deoptimize)
Event: 0.357 Executing VM operation: HandshakeAllThreads (Deoptimize) done
Event: 1.360 Executing VM operation: Cleanup
Event: 1.361 Executing VM operation: Cleanup done
Event: 1.588 Executing VM operation: HandshakeAllThreads (Deoptimize)
Event: 1.588 Executing VM operation: HandshakeAllThreads (Deoptimize) done
Event: 1.738 Executing VM operation: HandshakeAllThreads (Deoptimize)
Event: 1.738 Executing VM operation: HandshakeAllThreads (Deoptimize) done
Event: 1.873 Executing VM operation: HandshakeAllThreads (Deoptimize)
Event: 1.873 Executing VM operation: HandshakeAllThreads (Deoptimize) done
Event: 2.079 Executing VM operation: HandshakeAllThreads (Deoptimize)
Event: 2.079 Executing VM operation: HandshakeAllThreads (Deoptimize) done
Event: 2.202 Executing VM operation: HandshakeAllThreads (Deoptimize)
Event: 2.202 Executing VM operation: HandshakeAllThreads (Deoptimize) done
Event: 2.315 Executing VM operation: G1CollectForAllocation (G1 Evacuation Pause)
Event: 2.330 Executing VM operation: G1CollectForAllocation (G1 Evacuation Pause) done
Event: 2.924 Executing VM operation: HandshakeAllThreads (Deoptimize)
Event: 2.924 Executing VM operation: HandshakeAllThreads (Deoptimize) done
Event: 3.173 Executing VM operation: HandshakeAllThreads (Deoptimize)
Event: 3.173 Executing VM operation: HandshakeAllThreads (Deoptimize) done

Events (11 events):
Event: 0.109 Thread 0x000002209af2cb80 Thread added: 0x000002209af2cb80
Event: 0.140 Thread 0x00000220b7d04dc0 Thread added: 0x00000220b7d04dc0
Event: 0.140 Thread 0x00000220b7d074e0 Thread added: 0x00000220b7d074e0
Event: 0.141 Thread 0x00000220b7d0a530 Thread added: 0x00000220b7d0a530
Event: 0.141 Thread 0x00000220b7d0d0a0 Thread added: 0x00000220b7d0d0a0
Event: 0.142 Thread 0x00000220b7d0eda0 Thread added: 0x00000220b7d0eda0
Event: 0.142 Thread 0x00000220b7d12d10 Thread added: 0x00000220b7d12d10
Event: 0.142 Thread 0x00000220b7d37790 Thread added: 0x00000220b7d37790
Event: 0.142 Thread 0x00000220b7d3ab90 Thread added: 0x00000220b7d3ab90
Event: 0.290 Thread 0x00000220fd0b9be0 Thread added: 0x00000220fd0b9be0
Event: 0.304 Thread 0x00000220fd0c3be0 Thread added: 0x00000220fd0c3be0


Dynamic libraries:
0x00007ff6acf60000 - 0x00007ff6acf70000 	C:\Program Files\Java\jdk-21\bin\javaw.exe
0x00007ffebd930000 - 0x00007ffebdb28000 	C:\Windows\SYSTEM32\ntdll.dll
0x00007ffebcbf0000 - 0x00007ffebccad000 	C:\Windows\System32\KERNEL32.DLL
0x00007ffebb470000 - 0x00007ffebb766000 	C:\Windows\System32\KERNELBASE.dll
0x00007ffebb190000 - 0x00007ffebb290000 	C:\Windows\System32\ucrtbase.dll
0x00007ffe9d9d0000 - 0x00007ffe9d9eb000 	C:\Program Files\Java\jdk-21\bin\VCRUNTIME140.dll
0x00007ffe9d9b0000 - 0x00007ffe9d9c9000 	C:\Program Files\Java\jdk-21\bin\jli.dll
0x00007ffebbad0000 - 0x00007ffebbb80000 	C:\Windows\System32\ADVAPI32.dll
0x00007ffebbb80000 - 0x00007ffebbc1e000 	C:\Windows\System32\msvcrt.dll
0x00007ffebd420000 - 0x00007ffebd4c0000 	C:\Windows\System32\sechost.dll
0x00007ffebd670000 - 0x00007ffebd793000 	C:\Windows\System32\RPCRT4.dll
0x00007ffebaff0000 - 0x00007ffebb017000 	C:\Windows\System32\bcrypt.dll
0x00007ffebc530000 - 0x00007ffebc6cf000 	C:\Windows\System32\USER32.dll
0x00007ffebb020000 - 0x00007ffebb042000 	C:\Windows\System32\win32u.dll
0x00007ffea3e90000 - 0x00007ffea412a000 	C:\Windows\WinSxS\amd64_microsoft.windows.common-controls_6595b64144ccf1df_6.0.19041.4355_none_60b8b9eb71f62e16\COMCTL32.dll
0x00007ffebcbc0000 - 0x00007ffebcbeb000 	C:\Windows\System32\GDI32.dll
0x00007ffebb300000 - 0x00007ffebb417000 	C:\Windows\System32\gdi32full.dll
0x00007ffebb8d0000 - 0x00007ffebb96d000 	C:\Windows\System32\msvcp_win.dll
0x00007ffeb50d0000 - 0x00007ffeb50da000 	C:\Windows\SYSTEM32\VERSION.dll
0x00007ffebb970000 - 0x00007ffebb99f000 	C:\Windows\System32\IMM32.DLL
0x00007ffe9d970000 - 0x00007ffe9d97c000 	C:\Program Files\Java\jdk-21\bin\vcruntime140_1.dll
0x00007ffe9d8e0000 - 0x00007ffe9d96e000 	C:\Program Files\Java\jdk-21\bin\msvcp140.dll
0x00007ffe9cbc0000 - 0x00007ffe9d8d5000 	C:\Program Files\Java\jdk-21\bin\server\jvm.dll
0x00007ffebc840000 - 0x00007ffebc8ab000 	C:\Windows\System32\WS2_32.dll
0x00007ffebae40000 - 0x00007ffebae8b000 	C:\Windows\SYSTEM32\POWRPROF.dll
0x00007ffeaf500000 - 0x00007ffeaf527000 	C:\Windows\SYSTEM32\WINMM.dll
0x00007ffebae20000 - 0x00007ffebae32000 	C:\Windows\SYSTEM32\UMPDC.dll
0x00007ffeb8e70000 - 0x00007ffeb8e82000 	C:\Windows\SYSTEM32\kernel.appcore.dll
0x00007ffe9c5f0000 - 0x00007ffe9c5fa000 	C:\Program Files\Java\jdk-21\bin\jimage.dll
0x00007ffea7140000 - 0x00007ffea7324000 	C:\Windows\SYSTEM32\DBGHELP.DLL
0x00007ffea6a60000 - 0x00007ffea6a94000 	C:\Windows\SYSTEM32\dbgcore.DLL
0x00007ffebb050000 - 0x00007ffebb0d2000 	C:\Windows\System32\bcryptPrimitives.dll
0x00007ffe9c5d0000 - 0x00007ffe9c5ef000 	C:\Program Files\Java\jdk-21\bin\java.dll
0x00007ffebccb0000 - 0x00007ffebd41a000 	C:\Windows\System32\SHELL32.dll
0x00007ffeb9070000 - 0x00007ffeb980d000 	C:\Windows\SYSTEM32\windows.storage.dll
0x00007ffebbcb0000 - 0x00007ffebc003000 	C:\Windows\System32\combase.dll
0x00007ffeba940000 - 0x00007ffeba96e000 	C:\Windows\SYSTEM32\Wldp.dll
0x00007ffebd800000 - 0x00007ffebd8cd000 	C:\Windows\System32\OLEAUT32.dll
0x00007ffebc010000 - 0x00007ffebc0bd000 	C:\Windows\System32\SHCORE.dll
0x00007ffebcac0000 - 0x00007ffebcb15000 	C:\Windows\System32\shlwapi.dll
0x00007ffebaf20000 - 0x00007ffebaf44000 	C:\Windows\SYSTEM32\profapi.dll
0x00007ffe9c4f0000 - 0x00007ffe9c5c7000 	C:\Program Files\Java\jdk-21\bin\jsvml.dll
0x00007ffea7ad0000 - 0x00007ffea7ae0000 	C:\Program Files\Java\jdk-21\bin\net.dll
0x00007ffeb29b0000 - 0x00007ffeb2aba000 	C:\Windows\SYSTEM32\WINHTTP.dll
0x00007ffeba6a0000 - 0x00007ffeba70a000 	C:\Windows\system32\mswsock.dll
0x00007ffea7ab0000 - 0x00007ffea7ac6000 	C:\Program Files\Java\jdk-21\bin\nio.dll
0x00007ffe9c4d0000 - 0x00007ffe9c4e8000 	C:\Program Files\Java\jdk-21\bin\zip.dll
0x00007ffe9a390000 - 0x00007ffe9a3a0000 	C:\Program Files\Java\jdk-21\bin\verify.dll
0x00007ffe98650000 - 0x00007ffe9865a000 	C:\Program Files\Java\jdk-21\bin\management.dll
0x00007ffe98640000 - 0x00007ffe9864b000 	C:\Program Files\Java\jdk-21\bin\management_ext.dll
0x00007ffebcb20000 - 0x00007ffebcb28000 	C:\Windows\System32\PSAPI.DLL

dbghelp: loaded successfully - version: 4.0.5 - missing functions: none
symbol engine: initialized successfully - sym options: 0x614 - pdb path: .;C:\Program Files\Java\jdk-21\bin;C:\Windows\SYSTEM32;C:\Windows\WinSxS\amd64_microsoft.windows.common-controls_6595b64144ccf1df_6.0.19041.4355_none_60b8b9eb71f62e16;C:\Program Files\Java\jdk-21\bin\server

VM Arguments:
jvm_args: -ea -Dfile.encoding=UTF-8 -Dstdout.encoding=UTF-8 -Dstderr.encoding=UTF-8 -XX:+ShowCodeDetailsInExceptionMessages 
java_command: org.testng.remote.RemoteTestNG -serport 54321 -protocol json -d C:\Users\abhay\eclipse-workspace\DDFWP1\test-output C:\Users\abhay\AppData\Local\Temp\testng-eclipse-516192273\testng-customsuite.xml
java_class_path (initial): C:\Users\abhay\eclipse\java-2023-12\eclipse\configuration\org.eclipse.osgi\520\0\.cp\lib\testng-remote.jar;C:\Users\abhay\eclipse-workspace\DDFWP1\target\test-classes;C:\Users\abhay\eclipse-workspace\DDFWP1\target\classes;C:\Users\abhay\.m2\repository\junit\junit\3.8.1\junit-3.8.1.jar;C:\Users\abhay\.m2\repository\org\apache\logging\log4j\log4j-core\2.23.1\log4j-core-2.23.1.jar;C:\Users\abhay\.m2\repository\org\apache\logging\log4j\log4j-api\2.23.1\log4j-api-2.23.1.jar;C:\Users\abhay\.m2\repository\org\projectlombok\lombok\1.18.32\lombok-1.18.32.jar;C:\Users\abhay\.m2\repository\org\apache\poi\poi\5.2.5\poi-5.2.5.jar;C:\Users\abhay\.m2\repository\commons-codec\commons-codec\1.16.0\commons-codec-1.16.0.jar;C:\Users\abhay\.m2\repository\org\apache\commons\commons-collections4\4.4\commons-collections4-4.4.jar;C:\Users\abhay\.m2\repository\org\apache\commons\commons-math3\3.6.1\commons-math3-3.6.1.jar;C:\Users\abhay\.m2\repository\com\zaxxer\SparseBitSet\1.3\SparseBitSet-1.3.jar;C:\Users\abhay\.m2\repository\org\apache\poi\poi-ooxml\5.2.5\poi-ooxml-5.2.5.jar;C:\Users\abhay\.m2\repository\org\apache\poi\poi-ooxml-lite\5.2.5\poi-ooxml-lite-5.2.5.jar;C:\Users\abhay\.m2\repository\org\apache\xmlbeans\xmlbeans\5.2.0\xmlbeans-5.2.0.jar;C:\Users\abhay\.m2\repository\org\apache\commons\commons-compress\1.25.0\commons-compress-1.25.0.jar;C:\Users\abhay\.m2\repository\com\github\virtuald\curvesapi\1.08\curvesapi-1.08.jar;C:\Users\abhay\.m2\repository\commons-io\commons-io\2.16.1\commons-io-2.16.1.jar;C:\Users\abhay\.m2\repository\org\seleniumhq\selenium\selenium-java\4.19.1\selenium-java-4.19.1.jar;C:\Users\abhay\.m2\repository\org\seleniumhq\selenium\selenium-api\4.19.1\selenium-api-4.19.1.jar;C:\Users\abhay\.m2\repository\org\seleniumhq\selenium\selenium-chrome-driver\4.19.1\selenium-chrome-driver-4.19.1.jar;C:\Users\abhay\.m2\repository\com\google\auto\service\auto-service-annotations\1.1.1\auto-service-annotations-1.1.1.jar;C:\Users\abhay\.m2\repository\org\seleniumhq\selenium\selenium-chromium-driver\4.19.1\selenium-chromium-driver-4.19.1.jar;C:\Users\abhay\.m2\repository\org\seleniumhq\selenium\selenium-json\4.19.1\selenium-json-4.19.1.jar;C:\Users\abhay\.m2\repository\org\seleniumhq\selenium\selenium-manager\4.19.1\selenium-manager-4.19.1.jar;C:\Users\abhay\.m2\repository\org\seleniumhq\selenium\selenium-devtools-v121\4.19.1\selenium-devtools-v121-4.19.1.jar;C:\Users\abhay\.m2\repository\org\seleniumhq\selenium\selenium-devtools-v122\4.19.1\selenium-devtools-v122-4.19.1.jar;C:\Users\abhay\.m2\repository\org\seleniumhq\selenium\selenium-devtools-v123\4.19.1\selenium-devtools-v123-4.19.1.jar;C:\Users\abhay\.m2\repository\org\seleniumhq\selenium\selenium-devtools-v85\4.19.1\selenium-devtools-v85-4.19.1.jar;C:\Users\abhay\.m2\repository\org\seleniumhq\selenium\selenium-edge-driver\4.19.1\selenium-edge-driver-4.19.1.jar;C:\Users\abhay\.m2\repository\org\seleniumhq\selenium\selenium-firefox-driver\4.19.1\selenium-firefox-driver-4.19.1.jar;C:\Users\abhay\.m2\repository\org\seleniumhq\selenium\selenium-http\4.19.1\selenium-http-4.19.1.jar;C:\Users\abhay\.m2\repository\dev\failsafe\failsafe\3.3.2\failsafe-3.3.2.jar;C:\Users\abhay\.m2\repository\org\seleniumhq\selenium\selenium-ie-driver\4.19.1\selenium-ie-driver-4.19.1.jar;C:\Users\abhay\.m2\repository\org\seleniumhq\selenium\selenium-remote-driver\4.19.1\selenium-remote-driver-4.19.1.jar;C:\Users\abhay\.m2\repository\io\opentelemetry\semconv\opentelemetry-semconv\1.23.1-alpha\opentelemetry-semconv-1.23.1-alpha.jar;C:\Users\abhay\.m2\repository\io\opentelemetry\opentelemetry-api\1.36.0\opentelemetry-api-1.36.0.jar;C:\Users\abhay\.m2\repository\io\opentelemetry\opentelemetry-context\1.36.0\opentelemetry-context-1.36.0.jar;C:\Users\abhay\.m2\repository\io\opentelemetry\opentelemetry-exporter-logging\1.36.0\opentelemetry-exporter-logging-1.36.0.jar;C:\Users\abhay\.m2\repository\io\opentelemetry\opentelemetry-sdk-common\1.36.0\opentelemetry-sdk-common-1.36.0.jar;C:\Users\abhay\.m2\repository\io\opentelemetry\opentelemetry-sdk-extension-autoconfigure-spi\1.36.0\opentelemetry-sdk-extension-autoconfigure-spi-1.36.0.jar;C:\Users\abhay\.m2\repository\io\opentelemetry\opentelemetry-sdk-extension-autoconfigure\1.36.0\opentelemetry-sdk-extension-autoconfigure-1.36.0.jar;C:\Users\abhay\.m2\repository\io\opentelemetry\opentelemetry-api-events\1.36.0-alpha\opentelemetry-api-events-1.36.0-alpha.jar;C:\Users\abhay\.m2\repository\io\opentelemetry\opentelemetry-sdk-trace\1.36.0\opentelemetry-sdk-trace-1.36.0.jar;C:\Users\abhay\.m2\repository\io\opentelemetry\opentelemetry-extension-incubator\1.36.0-alpha\opentelemetry-extension-incubator-1.36.0-alpha.jar;C:\Users\abhay\.m2\repository\io\opentelemetry\opentelemetry-sdk\1.36.0\opentelemetry-sdk-1.36.0.jar;C:\Users\abhay\.m2\repository\io\opentelemetry\opentelemetry-sdk-metrics\1.36.0\opentelemetry-sdk-metrics-1.36.0.jar;C:\Users\abhay\.m2\repository\io\opentelemetry\opentelemetry-sdk-logs\1.36.0\opentelemetry-sdk-logs-1.36.0.jar;C:\Users\abhay\.m2\repository\net\bytebuddy\byte-buddy\1.14.12\byte-buddy-1.14.12.jar;C:\Users\abhay\.m2\repository\org\seleniumhq\selenium\selenium-os\4.19.1\selenium-os-4.19.1.jar;C:\Users\abhay\.m2\repository\org\apache\commons\commons-exec\1.3\commons-exec-1.3.jar;C:\Users\abhay\.m2\repository\org\seleniumhq\selenium\selenium-safari-driver\4.19.1\selenium-safari-driver-4.19.1.jar;C:\Users\abhay\.m2\repository\org\seleniumhq\selenium\selenium-support\4.19.1\selenium-support-4.19.1.jar;C:\Users\abhay\.m2\repository\org\testng\testng\7.10.1\testng-7.10.1.jar;C:\Users\abhay\.m2\repository\org\slf4j\slf4j-api\1.7.36\slf4j-api-1.7.36.jar;C:\Users\abhay\.m2\repository\com\beust\jcommander\1.82\jcommander-1.82.jar;C:\Users\abhay\.m2\repository\org\webjars\jquery\3.7.1\jquery-3.7.1.jar;C:\Users\abhay\.m2\repository\org\catools\extentreport\1.0.1\extentreport-1.0.1.jar;C:\Users\abhay\.m2\repository\org\catools\common.testng\1.0.1\common.testng-1.0.1.jar;C:\Users\abhay\.m2\repository\org\catools\common.logger\1.0.1\common.logger-1.0.1.jar;C:\Users\abhay\.m2\repository\org\catools\common.utils\1.0.1\common.utils-1.0.1.jar;C:\Users\abhay\.m2\repository\org\catools\common.config\1.0.1\common.config-1.0.1.jar;C:\Users\abhay\.m2\repository\org\catools\common.extension\1.0.1\common.extension-1.0.1.jar;C:\Users\abhay\.m2\repository\org\catools\common.security\1.0.1\common.security-1.0.1.jar;C:\Users\abhay\.m2\repository\com\aventstack\extentreports\5.0.9\extentreports-5.0.9.jar;C:\Users\abhay\.m2\repository\io\reactivex\rxjava3\rxjava\3.0.4\rxjava-3.0.4.jar;C:\Users\abhay\.m2\repository\org\reactivestreams\reactive-streams\1.0.3\reactive-streams-1.0.3.jar;C:\Users\abhay\.m2\repository\org\freemarker\freemarker\2.3.30\freemarker-2.3.30.jar;C:\Users\abhay\.m2\repository\com\google\code\gson\gson\2.8.6\gson-2.8.6.jar;C:\Users\abhay\.m2\repository\com\github\lalyos\jfiglet\0.0.8\jfiglet-0.0.8.jar;C:\Users\abhay\.m2\repository\com\diogonunes\JCDP\2.0.3.1\JCDP-2.0.3.1.jar;C:\Users\abhay\.m2\repository\org\fusesource\jansi\jansi\1.15\jansi-1.15.jar;C:\Users\abhay\.m2\repository\org\codehaus\groovy\groovy-jsr223\2.5.7\groovy-jsr223-2.5.7.jar;C:\Users\abhay\.m2\repository\org\codehaus\groovy\groovy\2.5.7\groovy-2.5.7.jar;C:\Users\abhay\.m2\repository\org\apache\logging\log4j\log4j-slf4j-impl\2.17.1\log4j-slf4j-impl-2.17.1.jar;C:\Users\abhay\.m2\repository\javax\xml\bind\jaxb-api\2.3.1\jaxb-api-2.3.1.jar;C:\Users\abhay\.m2\repository\javax\activation\javax.activation-api\1.2.0\javax.activation-api-1.2.0.jar;C:\Users\abhay\.m2\repository\javax\xml\bind\activation\1.0.2\activation-1.0.2.jar;C:\Users\abhay\.m2\repository\org\glassfish\jaxb\jaxb-runtime\2.4.0-b180830.0438\jaxb-runtime-2.4.0-b180830.0438.jar;C:\Users\abhay\.m2\repository\org\glassfish\jaxb\txw2\2.4.0-b180830.0438\txw2-2.4.0-b180830.0438.jar;C:\Users\abhay\.m2\repository\com\sun\istack\istack-commons-runtime\3.0.7\istack-commons-runtime-3.0.7.jar;C:\Users\abhay\.m2\repository\org\jvnet\staxex\stax-ex\1.8\stax-ex-1.8.jar;C:\Users\abhay\.m2\repository\com\sun\xml\fastinfoset\FastInfoset\1.2.15\FastInfoset-1.2.15.jar;C:\Users\abhay\.m2\repository\javax\ws\rs\javax.ws.rs-api\2.1.1\javax.ws.rs-api-2.1.1.jar;C:\Users\abhay\.m2\repository\org\codehaus\jettison\jettison\1.4.0\jettison-1.4.0.jar;C:\Users\abhay\.m2\repository\org\apache\commons\commons-text\1.6\commons-text-1.6.jar;C:\Users\abhay\.m2\repository\org\apache\commons\commons-lang3\3.8.1\commons-lang3-3.8.1.jar;C:\Users\abhay\.m2\repository\org\apache\commons\commons-csv\1.6\commons-csv-1.6.jar;C:\Users\abhay\.m2\repository\com\fasterxml\jackson\core\jackson-core\2.10.2\jackson-core-2.10.2.jar;C:\Users\abhay\.m2\repository\com\fasterxml\jackson\dataformat\jackson-dataformat-yaml\2.10.2\jackson-dataformat-yaml-2.10.2.jar;C:\Users\abhay\.m2\repository\org\yaml\snakeyaml\1.24\snakeyaml-1.24.jar;C:\Users\abhay\.m2\repository\com\fasterxml\jackson\core\jackson-databind\2.10.2\jackson-databind-2.10.2.jar;C:\Users\abhay\.m2\repository\com\fasterxml\jackson\core\jackson-annotations\2.10.2\jackson-annotations-2.10.2.jar;C:\Users\abhay\.m2\repository\commons-collections\commons-collections\3.2.1\commons-collections-3.2.1.jar;C:\Users\abhay\.m2\repository\com\google\guava\guava\31.0.1-jre\guava-31.0.1-jre.jar;C:\Users\abhay\.m2\repository\com\google\guava\failureaccess\1.0.1\failureaccess-1.0.1.jar;C:\Users\abhay\.m2\repository\com\google\guava\listenablefuture\9999.0-empty-to-avoid-conflict-with-guava\listenablefuture-9999.0-empty-to-avoid-conflict-with-guava.jar;C:\Users\abhay\.m2\repository\com\google\code\findbugs\jsr305\3.0.2\jsr305-3.0.2.jar;C:\Users\abhay\.m2\repository\org\checkerframework\checker-qual\3.12.0\checker-qual-3.12.0.jar;C:\Users\abhay\.m2\repository\com\google\errorprone\error_prone_annotations\2.7.1\error_prone_annotations-2.7.1.jar;C:\Users\abhay\.m2\repository\com\google\j2objc\j2objc-annotations\1.3\j2objc-annotations-1.3.jar;C:\Users\abhay\.m2\repository\org\bitbucket\cowwoc\diff-match-patch\1.2\diff-match-patch-1.2.jar;C:\Users\abhay\.m2\repository\uk\com\robust-it\cloning\1.9.12\cloning-1.9.12.jar;C:\Users\abhay\.m2\repository\org\objenesis\objenesis\3.0.1\objenesis-3.0.1.jar
Launcher Type: SUN_STANDARD

[Global flags]
     intx CICompilerCount                          = 3                                         {product} {ergonomic}
     uint ConcGCThreads                            = 1                                         {product} {ergonomic}
     uint G1ConcRefinementThreads                  = 4                                         {product} {ergonomic}
   size_t G1HeapRegionSize                         = 1048576                                   {product} {ergonomic}
    uintx GCDrainStackTargetSize                   = 64                                        {product} {ergonomic}
   size_t InitialHeapSize                          = 67108864                                  {product} {ergonomic}
   size_t MarkStackSize                            = 4194304                                   {product} {ergonomic}
   size_t MaxHeapSize                              = 1046478848                                {product} {ergonomic}
   size_t MaxNewSize                               = 627048448                                 {product} {ergonomic}
   size_t MinHeapDeltaBytes                        = 1048576                                   {product} {ergonomic}
   size_t MinHeapSize                              = 8388608                                   {product} {ergonomic}
    uintx NonNMethodCodeHeapSize                   = 5832780                                {pd product} {ergonomic}
    uintx NonProfiledCodeHeapSize                  = 122912730                              {pd product} {ergonomic}
    uintx ProfiledCodeHeapSize                     = 122912730                              {pd product} {ergonomic}
    uintx ReservedCodeCacheSize                    = 251658240                              {pd product} {ergonomic}
     bool SegmentedCodeCache                       = true                                      {product} {ergonomic}
     bool ShowCodeDetailsInExceptionMessages       = true                                   {manageable} {command line}
   size_t SoftMaxHeapSize                          = 1046478848                             {manageable} {ergonomic}
     bool UseCompressedOops                        = true                           {product lp64_product} {ergonomic}
     bool UseG1GC                                  = true                                      {product} {ergonomic}
     bool UseLargePagesIndividualAllocation        = false                                  {pd product} {ergonomic}

Logging:
Log output configuration:
 #0: stdout all=warning uptime,level,tags foldmultilines=false
 #1: stderr all=off uptime,level,tags foldmultilines=false

Environment Variables:
PATH=C:/Program Files/Java/jdk-21/bin/server;C:/Program Files/Java/jdk-21/bin;C:\Program Files\Common Files\Oracle\Java\javapath;C:\Windows\system32;C:\Windows;C:\Windows\System32\Wbem;C:\Windows\System32\WindowsPowerShell\v1.0\;C:\Windows\System32\OpenSSH\;C:\apache-maven-3.9.6-bin\apache-maven-3.9.6\bin;C:\Program Files\Java\jdk-21\bin;C:\Program Files\MySQL\MySQL Shell 8.0\bin\;C:\Users\abhay\AppData\Local\Microsoft\WindowsApps;;C:\Users\abhay\OneDrive\Desktop;
USERNAME=abhay
OS=Windows_NT
PROCESSOR_IDENTIFIER=Intel64 Family 6 Model 78 Stepping 3, GenuineIntel
TMP=C:\Users\abhay\AppData\Local\Temp
TEMP=C:\Users\abhay\AppData\Local\Temp




Periodic native trim disabled

---------------  S Y S T E M  ---------------

OS:
 Windows 10 , 64 bit Build 19041 (10.0.19041.3636)
OS uptime: 59 days 2:05 hours

CPU: total 4 (initial active 4) (2 cores per cpu, 2 threads per core) family 6 model 78 stepping 3 microcode 0xcc, cx8, cmov, fxsr, ht, mmx, 3dnowpref, sse, sse2, sse3, ssse3, sse4.1, sse4.2, popcnt, lzcnt, tsc, tscinvbit, avx, avx2, aes, erms, clmul, bmi1, bmi2, rtm, adx, fma, vzeroupper, clflush, clflushopt, rdtscp, f16c
Processor Information for all 4 processors :
  Max Mhz: 2301, Current Mhz: 2301, Mhz Limit: 2301

Memory: 4k page, system-wide physical 3987M (274M free)
TotalPageFile size 16275M (AvailPageFile size 3M)
current process WorkingSet (physical memory assigned to process): 77M, peak: 77M
current process commit charge ("private bytes"): 154M, peak: 154M

vm_info: Java HotSpot(TM) 64-Bit Server VM (21.0.1+12-LTS-29) for windows-amd64 JRE (21.0.1+12-LTS-29), built on 2023-10-05T13:27:09Z by "mach5one" with MS VC++ 17.1 (VS2022)

END.
