#
# There is insufficient memory for the Java Runtime Environment to continue.
# Native memory allocation (malloc) failed to allocate 330896 bytes for Chunk::new
# Possible reasons:
#   The system is out of physical RAM or swap space
#   The process is running with CompressedOops enabled, and the Java Heap may be blocking the growth of the native heap
# Possible solutions:
#   Reduce memory load on the system
#   Increase physical memory or swap space
#   Check if swap backing store is full
#   Decrease Java heap size (-Xmx/-Xms)
#   Decrease number of Java threads
#   Decrease Java thread stack sizes (-Xss)
#   Set larger code cache with -XX:ReservedCodeCacheSize=
#   JVM is running with Unscaled Compressed Oops mode in which the Java heap is
#     placed in the first 4GB address space. The Java Heap base address is the
#     maximum limit for the native heap growth. Please use -XX:HeapBaseMinAddress
#     to set the Java Heap base and to place the Java Heap above 4GB virtual address.
# This output file may be truncated or incomplete.
#
#  Out of Memory Error (arena.cpp:168), pid=30484, tid=31572
#
# JRE version: Java(TM) SE Runtime Environment (21.0.1+12) (build 21.0.1+12-LTS-29)
# Java VM: Java HotSpot(TM) 64-Bit Server VM (21.0.1+12-LTS-29, mixed mode, sharing, tiered, compressed oops, compressed class ptrs, g1 gc, windows-amd64)
# No core dump will be written. Minidumps are not enabled by default on client versions of Windows
#

---------------  S U M M A R Y ------------

Command Line: -ea -Dfile.encoding=UTF-8 -Dstdout.encoding=UTF-8 -Dstderr.encoding=UTF-8 -XX:+ShowCodeDetailsInExceptionMessages org.testng.remote.RemoteTestNG -serport 54234 -protocol json -d C:\Users\abhay\eclipse-workspace\DDFWP1\test-output C:\Users\abhay\AppData\Local\Temp\testng-eclipse--576554255\testng-customsuite.xml

Host: Intel(R) Core(TM) i3-6100U CPU @ 2.30GHz, 4 cores, 3G,  Windows 10 , 64 bit Build 19041 (10.0.19041.3636)
Time: Fri Aug 30 16:54:43 2024 India Standard Time elapsed time: 2.714442 seconds (0d 0h 0m 2s)

---------------  T H R E A D  ---------------

Current thread (0x000001d1a64d2160):  JavaThread "C2 CompilerThread0" daemon [_thread_in_native, id=31572, stack(0x00000004ef100000,0x00000004ef200000) (1024K)]


Current CompileTask:
C2:   2714 1242       4       sun.util.locale.BaseLocale::getInstance (150 bytes)

Stack: [0x00000004ef100000,0x00000004ef200000]
Native frames: (J=compiled Java code, j=interpreted, Vv=VM code, C=native code)
V  [jvm.dll+0x6c9029]
V  [jvm.dll+0x854b81]
V  [jvm.dll+0x856e5e]
V  [jvm.dll+0x857543]
V  [jvm.dll+0x280c06]
V  [jvm.dll+0xc3ead]
V  [jvm.dll+0xc43c3]
V  [jvm.dll+0x3b576c]
V  [jvm.dll+0x1e20b9]
V  [jvm.dll+0x249c22]
V  [jvm.dll+0x2490b1]
V  [jvm.dll+0x1c9ca1]
V  [jvm.dll+0x2586b9]
V  [jvm.dll+0x256c9a]
V  [jvm.dll+0x3ef1b6]
V  [jvm.dll+0x7fd728]
V  [jvm.dll+0x6c777d]
C  [ucrtbase.dll+0x21bb2]
C  [KERNEL32.DLL+0x17344]
C  [ntdll.dll+0x526b1]


---------------  P R O C E S S  ---------------

Threads class SMR info:
_java_thread_list=0x000001d1a674f430, length=11, elements={
0x000001d189719f50, 0x000001d1a64ae500, 0x000001d1a64aed70, 0x000001d1a64b05f0,
0x000001d1a64b2ff0, 0x000001d1a64b7670, 0x000001d1a64b9cf0, 0x000001d1a64d2160,
0x000001d1a64f4830, 0x000001d1a67616f0, 0x000001d1a6777a90
}

Java Threads: ( => current thread )
  0x000001d189719f50 JavaThread "main"                              [_thread_in_vm, id=25660, stack(0x00000004ee300000,0x00000004ee400000) (1024K)]
  0x000001d1a64ae500 JavaThread "Reference Handler"          daemon [_thread_blocked, id=34500, stack(0x00000004eeb00000,0x00000004eec00000) (1024K)]
  0x000001d1a64aed70 JavaThread "Finalizer"                  daemon [_thread_blocked, id=19964, stack(0x00000004eec00000,0x00000004eed00000) (1024K)]
  0x000001d1a64b05f0 JavaThread "Signal Dispatcher"          daemon [_thread_blocked, id=14232, stack(0x00000004eed00000,0x00000004eee00000) (1024K)]
  0x000001d1a64b2ff0 JavaThread "Attach Listener"            daemon [_thread_blocked, id=1660, stack(0x00000004eee00000,0x00000004eef00000) (1024K)]
  0x000001d1a64b7670 JavaThread "Service Thread"             daemon [_thread_blocked, id=15040, stack(0x00000004eef00000,0x00000004ef000000) (1024K)]
  0x000001d1a64b9cf0 JavaThread "Monitor Deflation Thread"   daemon [_thread_blocked, id=34940, stack(0x00000004ef000000,0x00000004ef100000) (1024K)]
=>0x000001d1a64d2160 JavaThread "C2 CompilerThread0"         daemon [_thread_in_native, id=31572, stack(0x00000004ef100000,0x00000004ef200000) (1024K)]
  0x000001d1a64f4830 JavaThread "C1 CompilerThread0"         daemon [_thread_in_native, id=34484, stack(0x00000004ef200000,0x00000004ef300000) (1024K)]
  0x000001d1a67616f0 JavaThread "Notification Thread"        daemon [_thread_blocked, id=23556, stack(0x00000004ef300000,0x00000004ef400000) (1024K)]
  0x000001d1a6777a90 JavaThread "Common-Cleaner"             daemon [_thread_blocked, id=32024, stack(0x00000004ef400000,0x00000004ef500000) (1024K)]
Total: 11

Other Threads:
  0x000001d1a6490660 VMThread "VM Thread"                           [id=32312, stack(0x00000004eea00000,0x00000004eeb00000) (1024K)]
  0x000001d1a6476fb0 WatcherThread "VM Periodic Task Thread"        [id=22036, stack(0x00000004ee900000,0x00000004eea00000) (1024K)]
  0x000001d18b84ffd0 WorkerThread "GC Thread#0"                     [id=34148, stack(0x00000004ee400000,0x00000004ee500000) (1024K)]
  0x000001d1ec54eed0 WorkerThread "GC Thread#1"                     [id=25376, stack(0x00000004ef500000,0x00000004ef600000) (1024K)]
  0x000001d1ec88e560 WorkerThread "GC Thread#2"                     [id=24560, stack(0x00000004ef600000,0x00000004ef700000) (1024K)]
  0x000001d1ec7b4a60 WorkerThread "GC Thread#3"                     [id=27932, stack(0x00000004ef700000,0x00000004ef800000) (1024K)]
  0x000001d18b85ad70 ConcurrentGCThread "G1 Main Marker"            [id=29316, stack(0x00000004ee500000,0x00000004ee600000) (1024K)]
  0x000001d18b85b780 WorkerThread "G1 Conc#0"                       [id=34188, stack(0x00000004ee600000,0x00000004ee700000) (1024K)]
  0x000001d18b8d3140 ConcurrentGCThread "G1 Refine#0"               [id=34648, stack(0x00000004ee700000,0x00000004ee800000) (1024K)]
  0x000001d1a63502f0 ConcurrentGCThread "G1 Service"                [id=30300, stack(0x00000004ee800000,0x00000004ee900000) (1024K)]
Total: 10

Threads with active compile tasks:
C2 CompilerThread0     2814 1242       4       sun.util.locale.BaseLocale::getInstance (150 bytes)
Total: 1

VM state: not at safepoint (normal execution)

VM Mutex/Monitor currently owned by a thread: None

Heap address: 0x00000000c1a00000, size: 998 MB, Compressed Oops mode: 32-bit

CDS archive(s) mapped at: [0x000001d1a7000000-0x000001d1a7c90000-0x000001d1a7c90000), size 13172736, SharedBaseAddress: 0x000001d1a7000000, ArchiveRelocationMode: 1.
Compressed class space mapped at: 0x000001d1a8000000-0x000001d1e8000000, reserved size: 1073741824
Narrow klass base: 0x000001d1a7000000, Narrow klass shift: 0, Narrow klass range: 0x100000000

GC Precious Log:
 CardTable entry size: 512
 Card Set container configuration: InlinePtr #cards 5 size 8 Array Of Cards #cards 12 size 40 Howl #buckets 4 coarsen threshold 1843 Howl Bitmap #cards 512 size 80 coarsen threshold 460 Card regions per heap region 1 cards per card region 2048
 CPUs: 4 total, 4 available
 Memory: 3987M
 Large Page Support: Disabled
 NUMA Support: Disabled
 Compressed Oops: Enabled (32-bit)
 Heap Region Size: 1M
 Heap Min Capacity: 8M
 Heap Initial Capacity: 64M
 Heap Max Capacity: 998M
 Pre-touch: Disabled
 Parallel Workers: 4
 Concurrent Workers: 1
 Concurrent Refinement Workers: 4
 Periodic GC: Disabled

Heap:
 garbage-first heap   total 65536K, used 12910K [0x00000000c1a00000, 0x0000000100000000)
  region size 1024K, 9 young (9216K), 2 survivors (2048K)
 Metaspace       used 8172K, committed 8384K, reserved 1114112K
  class space    used 885K, committed 1024K, reserved 1048576K

Heap Regions: E=young(eden), S=young(survivor), O=old, HS=humongous(starts), HC=humongous(continues), CS=collection set, F=free, TAMS=top-at-mark-start, PB=parsable bottom
|   0|0x00000000c1a00000, 0x00000000c1b00000, 0x00000000c1b00000|100%| O|  |TAMS 0x00000000c1a00000| PB 0x00000000c1a00000| Untracked 
|   1|0x00000000c1b00000, 0x00000000c1c00000, 0x00000000c1c00000|100%| O|  |TAMS 0x00000000c1b00000| PB 0x00000000c1b00000| Untracked 
|   2|0x00000000c1c00000, 0x00000000c1d00000, 0x00000000c1d00000|100%| O|  |TAMS 0x00000000c1c00000| PB 0x00000000c1c00000| Untracked 
|   3|0x00000000c1d00000, 0x00000000c1e00000, 0x00000000c1e00000|100%| O|  |TAMS 0x00000000c1d00000| PB 0x00000000c1d00000| Untracked 
|   4|0x00000000c1e00000, 0x00000000c1f00000, 0x00000000c1f00000|100%| O|  |TAMS 0x00000000c1e00000| PB 0x00000000c1e00000| Untracked 
|   5|0x00000000c1f00000, 0x00000000c2000000, 0x00000000c2000000|100%| O|  |TAMS 0x00000000c1f00000| PB 0x00000000c1f00000| Untracked 
|   6|0x00000000c2000000, 0x00000000c204c568, 0x00000000c2100000| 29%| O|  |TAMS 0x00000000c2000000| PB 0x00000000c2000000| Untracked 
|   7|0x00000000c2100000, 0x00000000c2100000, 0x00000000c2200000|  0%| F|  |TAMS 0x00000000c2100000| PB 0x00000000c2100000| Untracked 
|   8|0x00000000c2200000, 0x00000000c2200000, 0x00000000c2300000|  0%| F|  |TAMS 0x00000000c2200000| PB 0x00000000c2200000| Untracked 
|   9|0x00000000c2300000, 0x00000000c2300000, 0x00000000c2400000|  0%| F|  |TAMS 0x00000000c2300000| PB 0x00000000c2300000| Untracked 
|  10|0x00000000c2400000, 0x00000000c2400000, 0x00000000c2500000|  0%| F|  |TAMS 0x00000000c2400000| PB 0x00000000c2400000| Untracked 
|  11|0x00000000c2500000, 0x00000000c2500000, 0x00000000c2600000|  0%| F|  |TAMS 0x00000000c2500000| PB 0x00000000c2500000| Untracked 
|  12|0x00000000c2600000, 0x00000000c2600000, 0x00000000c2700000|  0%| F|  |TAMS 0x00000000c2600000| PB 0x00000000c2600000| Untracked 
|  13|0x00000000c2700000, 0x00000000c2700000, 0x00000000c2800000|  0%| F|  |TAMS 0x00000000c2700000| PB 0x00000000c2700000| Untracked 
|  14|0x00000000c2800000, 0x00000000c2800000, 0x00000000c2900000|  0%| F|  |TAMS 0x00000000c2800000| PB 0x00000000c2800000| Untracked 
|  15|0x00000000c2900000, 0x00000000c2900000, 0x00000000c2a00000|  0%| F|  |TAMS 0x00000000c2900000| PB 0x00000000c2900000| Untracked 
|  16|0x00000000c2a00000, 0x00000000c2a00000, 0x00000000c2b00000|  0%| F|  |TAMS 0x00000000c2a00000| PB 0x00000000c2a00000| Untracked 
|  17|0x00000000c2b00000, 0x00000000c2b00000, 0x00000000c2c00000|  0%| F|  |TAMS 0x00000000c2b00000| PB 0x00000000c2b00000| Untracked 
|  18|0x00000000c2c00000, 0x00000000c2c00000, 0x00000000c2d00000|  0%| F|  |TAMS 0x00000000c2c00000| PB 0x00000000c2c00000| Untracked 
|  19|0x00000000c2d00000, 0x00000000c2d00000, 0x00000000c2e00000|  0%| F|  |TAMS 0x00000000c2d00000| PB 0x00000000c2d00000| Untracked 
|  20|0x00000000c2e00000, 0x00000000c2e00000, 0x00000000c2f00000|  0%| F|  |TAMS 0x00000000c2e00000| PB 0x00000000c2e00000| Untracked 
|  21|0x00000000c2f00000, 0x00000000c2f00000, 0x00000000c3000000|  0%| F|  |TAMS 0x00000000c2f00000| PB 0x00000000c2f00000| Untracked 
|  22|0x00000000c3000000, 0x00000000c3000000, 0x00000000c3100000|  0%| F|  |TAMS 0x00000000c3000000| PB 0x00000000c3000000| Untracked 
|  23|0x00000000c3100000, 0x00000000c3100000, 0x00000000c3200000|  0%| F|  |TAMS 0x00000000c3100000| PB 0x00000000c3100000| Untracked 
|  24|0x00000000c3200000, 0x00000000c3200000, 0x00000000c3300000|  0%| F|  |TAMS 0x00000000c3200000| PB 0x00000000c3200000| Untracked 
|  25|0x00000000c3300000, 0x00000000c3300000, 0x00000000c3400000|  0%| F|  |TAMS 0x00000000c3300000| PB 0x00000000c3300000| Untracked 
|  26|0x00000000c3400000, 0x00000000c3400000, 0x00000000c3500000|  0%| F|  |TAMS 0x00000000c3400000| PB 0x00000000c3400000| Untracked 
|  27|0x00000000c3500000, 0x00000000c3500000, 0x00000000c3600000|  0%| F|  |TAMS 0x00000000c3500000| PB 0x00000000c3500000| Untracked 
|  28|0x00000000c3600000, 0x00000000c3600000, 0x00000000c3700000|  0%| F|  |TAMS 0x00000000c3600000| PB 0x00000000c3600000| Untracked 
|  29|0x00000000c3700000, 0x00000000c3700000, 0x00000000c3800000|  0%| F|  |TAMS 0x00000000c3700000| PB 0x00000000c3700000| Untracked 
|  30|0x00000000c3800000, 0x00000000c3800000, 0x00000000c3900000|  0%| F|  |TAMS 0x00000000c3800000| PB 0x00000000c3800000| Untracked 
|  31|0x00000000c3900000, 0x00000000c3900000, 0x00000000c3a00000|  0%| F|  |TAMS 0x00000000c3900000| PB 0x00000000c3900000| Untracked 
|  32|0x00000000c3a00000, 0x00000000c3a00000, 0x00000000c3b00000|  0%| F|  |TAMS 0x00000000c3a00000| PB 0x00000000c3a00000| Untracked 
|  33|0x00000000c3b00000, 0x00000000c3b00000, 0x00000000c3c00000|  0%| F|  |TAMS 0x00000000c3b00000| PB 0x00000000c3b00000| Untracked 
|  34|0x00000000c3c00000, 0x00000000c3c00000, 0x00000000c3d00000|  0%| F|  |TAMS 0x00000000c3c00000| PB 0x00000000c3c00000| Untracked 
|  35|0x00000000c3d00000, 0x00000000c3d00000, 0x00000000c3e00000|  0%| F|  |TAMS 0x00000000c3d00000| PB 0x00000000c3d00000| Untracked 
|  36|0x00000000c3e00000, 0x00000000c3e00000, 0x00000000c3f00000|  0%| F|  |TAMS 0x00000000c3e00000| PB 0x00000000c3e00000| Untracked 
|  37|0x00000000c3f00000, 0x00000000c3f00000, 0x00000000c4000000|  0%| F|  |TAMS 0x00000000c3f00000| PB 0x00000000c3f00000| Untracked 
|  38|0x00000000c4000000, 0x00000000c4000000, 0x00000000c4100000|  0%| F|  |TAMS 0x00000000c4000000| PB 0x00000000c4000000| Untracked 
|  39|0x00000000c4100000, 0x00000000c4100000, 0x00000000c4200000|  0%| F|  |TAMS 0x00000000c4100000| PB 0x00000000c4100000| Untracked 
|  40|0x00000000c4200000, 0x00000000c4200000, 0x00000000c4300000|  0%| F|  |TAMS 0x00000000c4200000| PB 0x00000000c4200000| Untracked 
|  41|0x00000000c4300000, 0x00000000c4300000, 0x00000000c4400000|  0%| F|  |TAMS 0x00000000c4300000| PB 0x00000000c4300000| Untracked 
|  42|0x00000000c4400000, 0x00000000c4400000, 0x00000000c4500000|  0%| F|  |TAMS 0x00000000c4400000| PB 0x00000000c4400000| Untracked 
|  43|0x00000000c4500000, 0x00000000c4500000, 0x00000000c4600000|  0%| F|  |TAMS 0x00000000c4500000| PB 0x00000000c4500000| Untracked 
|  44|0x00000000c4600000, 0x00000000c4600000, 0x00000000c4700000|  0%| F|  |TAMS 0x00000000c4600000| PB 0x00000000c4600000| Untracked 
|  45|0x00000000c4700000, 0x00000000c4700000, 0x00000000c4800000|  0%| F|  |TAMS 0x00000000c4700000| PB 0x00000000c4700000| Untracked 
|  46|0x00000000c4800000, 0x00000000c4800000, 0x00000000c4900000|  0%| F|  |TAMS 0x00000000c4800000| PB 0x00000000c4800000| Untracked 
|  47|0x00000000c4900000, 0x00000000c4900000, 0x00000000c4a00000|  0%| F|  |TAMS 0x00000000c4900000| PB 0x00000000c4900000| Untracked 
|  48|0x00000000c4a00000, 0x00000000c4a00000, 0x00000000c4b00000|  0%| F|  |TAMS 0x00000000c4a00000| PB 0x00000000c4a00000| Untracked 
|  49|0x00000000c4b00000, 0x00000000c4b00000, 0x00000000c4c00000|  0%| F|  |TAMS 0x00000000c4b00000| PB 0x00000000c4b00000| Untracked 
|  50|0x00000000c4c00000, 0x00000000c4c00000, 0x00000000c4d00000|  0%| F|  |TAMS 0x00000000c4c00000| PB 0x00000000c4c00000| Untracked 
|  51|0x00000000c4d00000, 0x00000000c4d4f2a8, 0x00000000c4e00000| 30%| S|CS|TAMS 0x00000000c4d00000| PB 0x00000000c4d00000| Complete 
|  52|0x00000000c4e00000, 0x00000000c4f00000, 0x00000000c4f00000|100%| S|CS|TAMS 0x00000000c4e00000| PB 0x00000000c4e00000| Complete 
|  53|0x00000000c4f00000, 0x00000000c4f00000, 0x00000000c5000000|  0%| F|  |TAMS 0x00000000c4f00000| PB 0x00000000c4f00000| Untracked 
|  54|0x00000000c5000000, 0x00000000c5000000, 0x00000000c5100000|  0%| F|  |TAMS 0x00000000c5000000| PB 0x00000000c5000000| Untracked 
|  55|0x00000000c5100000, 0x00000000c5100000, 0x00000000c5200000|  0%| F|  |TAMS 0x00000000c5100000| PB 0x00000000c5100000| Untracked 
|  56|0x00000000c5200000, 0x00000000c5200000, 0x00000000c5300000|  0%| F|  |TAMS 0x00000000c5200000| PB 0x00000000c5200000| Untracked 
|  57|0x00000000c5300000, 0x00000000c53a1ba8, 0x00000000c5400000| 63%| E|  |TAMS 0x00000000c5300000| PB 0x00000000c5300000| Complete 
|  58|0x00000000c5400000, 0x00000000c5500000, 0x00000000c5500000|100%| E|CS|TAMS 0x00000000c5400000| PB 0x00000000c5400000| Complete 
|  59|0x00000000c5500000, 0x00000000c5600000, 0x00000000c5600000|100%| E|CS|TAMS 0x00000000c5500000| PB 0x00000000c5500000| Complete 
|  60|0x00000000c5600000, 0x00000000c5700000, 0x00000000c5700000|100%| E|CS|TAMS 0x00000000c5600000| PB 0x00000000c5600000| Complete 
|  61|0x00000000c5700000, 0x00000000c5800000, 0x00000000c5800000|100%| E|  |TAMS 0x00000000c5700000| PB 0x00000000c5700000| Complete 
|  62|0x00000000c5800000, 0x00000000c5900000, 0x00000000c5900000|100%| E|CS|TAMS 0x00000000c5800000| PB 0x00000000c5800000| Complete 
|  63|0x00000000c5900000, 0x00000000c5a00000, 0x00000000c5a00000|100%| E|CS|TAMS 0x00000000c5900000| PB 0x00000000c5900000| Complete 

Card table byte_map: [0x000001d1a2e70000,0x000001d1a3070000] _byte_map_base: 0x000001d1a2863000

Marking Bits: (CMBitMap*) 0x000001d18b850df0
 Bits: [0x000001d1a3070000, 0x000001d1a4008000)

Polling page: 0x000001d189660000

Metaspace:

Usage:
  Non-class:      7.19 MB used.
      Class:    890.77 KB used.
       Both:      8.06 MB used.

Virtual space:
  Non-class space:       64.00 MB reserved,       7.25 MB ( 11%) committed,  1 nodes.
      Class space:        1.00 GB reserved,       1.00 MB ( <1%) committed,  1 nodes.
             Both:        1.06 GB reserved,       8.25 MB ( <1%) committed. 

Chunk freelists:
   Non-Class:  7.70 MB
       Class:  15.05 MB
        Both:  22.75 MB

MaxMetaspaceSize: unlimited
CompressedClassSpaceSize: 1.00 GB
Initial GC threshold: 21.00 MB
Current GC threshold: 21.00 MB
CDS: on
 - commit_granule_bytes: 65536.
 - commit_granule_words: 8192.
 - virtual_space_node_default_size: 8388608.
 - enlarge_chunks_in_place: 1.
 - use_allocation_guard: 0.


Internal statistics:

num_allocs_failed_limit: 0.
num_arena_births: 130.
num_arena_deaths: 0.
num_vsnodes_births: 2.
num_vsnodes_deaths: 0.
num_space_committed: 133.
num_space_uncommitted: 0.
num_chunks_returned_to_freelist: 0.
num_chunks_taken_from_freelist: 344.
num_chunk_merges: 0.
num_chunk_splits: 239.
num_chunks_enlarged: 183.
num_inconsistent_stats: 0.

CodeHeap 'non-profiled nmethods': size=120000Kb used=424Kb max_used=424Kb free=119575Kb
 bounds [0x000001d19b740000, 0x000001d19b9b0000, 0x000001d1a2c70000]
CodeHeap 'profiled nmethods': size=120000Kb used=2383Kb max_used=2383Kb free=117617Kb
 bounds [0x000001d193c70000, 0x000001d193ee0000, 0x000001d19b1a0000]
CodeHeap 'non-nmethods': size=5760Kb used=1369Kb max_used=1381Kb free=4390Kb
 bounds [0x000001d19b1a0000, 0x000001d19b410000, 0x000001d19b740000]
 total_blobs=1751 nmethods=1281 adapters=375
 compilation: enabled
              stopped_count=0, restarted_count=0
 full_count=0

Compilation events (20 events):
Event: 2.674 Thread 0x000001d1a64f4830 nmethod 1262 0x000001d193eb3790 code [0x000001d193eb3940, 0x000001d193eb3a60]
Event: 2.674 Thread 0x000001d1a64f4830 1263       3       java.lang.invoke.MethodHandle::asTypeUncached (54 bytes)
Event: 2.675 Thread 0x000001d1a64f4830 nmethod 1263 0x000001d193eb3b10 code [0x000001d193eb3de0, 0x000001d193eb4890]
Event: 2.675 Thread 0x000001d1a64f4830 1265       3       java.util.regex.Matcher::search (154 bytes)
Event: 2.676 Thread 0x000001d1a64f4830 nmethod 1265 0x000001d193eb4d10 code [0x000001d193eb4f00, 0x000001d193eb5498]
Event: 2.676 Thread 0x000001d1a64f4830 1264       3       java.lang.invoke.MethodType::isConvertibleTo (164 bytes)
Event: 2.677 Thread 0x000001d1a64f4830 nmethod 1264 0x000001d193eb5690 code [0x000001d193eb58e0, 0x000001d193eb6260]
Event: 2.686 Thread 0x000001d1a64f4830 1267       3       jdk.internal.loader.BuiltinClassLoader::hasClassPath (13 bytes)
Event: 2.686 Thread 0x000001d1a64f4830 nmethod 1267 0x000001d193eb6510 code [0x000001d193eb66a0, 0x000001d193eb6810]
Event: 2.697 Thread 0x000001d1a64f4830 1269       3       jdk.internal.module.Resources::toPackageName (39 bytes)
Event: 2.697 Thread 0x000001d1a64f4830 nmethod 1269 0x000001d193eb6890 code [0x000001d193eb6ac0, 0x000001d193eb7160]
Event: 2.697 Thread 0x000001d1a64f4830 1270   !   3       jdk.internal.loader.BuiltinClassLoader::findMiscResource (122 bytes)
Event: 2.699 Thread 0x000001d1a64f4830 nmethod 1270 0x000001d193eb7410 code [0x000001d193eb76e0, 0x000001d193eb8a70]
Event: 2.700 Thread 0x000001d1a64f4830 1271       3       jdk.internal.loader.BuiltinClassLoader::checkURL (5 bytes)
Event: 2.700 Thread 0x000001d1a64f4830 nmethod 1271 0x000001d193eb8f90 code [0x000001d193eb9140, 0x000001d193eb9338]
Event: 2.701 Thread 0x000001d1a64f4830 1272   !   3       jdk.internal.loader.URLClassPath::checkURL (16 bytes)
Event: 2.701 Thread 0x000001d1a64f4830 nmethod 1272 0x000001d193eb9410 code [0x000001d193eb95c0, 0x000001d193eb9788]
Event: 2.701 Thread 0x000001d1a64f4830 1273   !   3       jdk.internal.loader.BuiltinClassLoader::findResource (154 bytes)
Event: 2.703 Thread 0x000001d1a64f4830 nmethod 1273 0x000001d193eb9890 code [0x000001d193eb9c20, 0x000001d193ebb0e8]
Event: 2.703 Thread 0x000001d1a64f4830 1274       3       jdk.internal.loader.BuiltinClassLoader::findResourceOnClassPath (41 bytes)

GC Heap History (4 events):
Event: 1.890 GC heap before
{Heap before GC invocations=0 (full 0):
 garbage-first heap   total 65536K, used 12288K [0x00000000c1a00000, 0x0000000100000000)
  region size 1024K, 13 young (13312K), 0 survivors (0K)
 Metaspace       used 2965K, committed 3072K, reserved 1114112K
  class space    used 286K, committed 320K, reserved 1048576K
}
Event: 1.899 GC heap after
{Heap after GC invocations=1 (full 0):
 garbage-first heap   total 65536K, used 6761K [0x00000000c1a00000, 0x0000000100000000)
  region size 1024K, 2 young (2048K), 2 survivors (2048K)
 Metaspace       used 2965K, committed 3072K, reserved 1114112K
  class space    used 286K, committed 320K, reserved 1048576K
}
Event: 2.486 GC heap before
{Heap before GC invocations=1 (full 0):
 garbage-first heap   total 65536K, used 18025K [0x00000000c1a00000, 0x0000000100000000)
  region size 1024K, 13 young (13312K), 2 survivors (2048K)
 Metaspace       used 5924K, committed 6144K, reserved 1114112K
  class space    used 684K, committed 768K, reserved 1048576K
}
Event: 2.492 GC heap after
{Heap after GC invocations=2 (full 0):
 garbage-first heap   total 65536K, used 7790K [0x00000000c1a00000, 0x0000000100000000)
  region size 1024K, 2 young (2048K), 2 survivors (2048K)
 Metaspace       used 5924K, committed 6144K, reserved 1114112K
  class space    used 684K, committed 768K, reserved 1048576K
}

Dll operation events (9 events):
Event: 0.039 Loaded shared library C:\Program Files\Java\jdk-21\bin\java.dll
Event: 0.104 Loaded shared library C:\Program Files\Java\jdk-21\bin\jsvml.dll
Event: 0.274 Loaded shared library C:\Program Files\Java\jdk-21\bin\net.dll
Event: 0.285 Loaded shared library C:\Program Files\Java\jdk-21\bin\nio.dll
Event: 0.321 Loaded shared library C:\Program Files\Java\jdk-21\bin\zip.dll
Event: 1.160 Loaded shared library C:\Program Files\Java\jdk-21\bin\jimage.dll
Event: 1.536 Loaded shared library C:\Program Files\Java\jdk-21\bin\verify.dll
Event: 2.270 Loaded shared library C:\Program Files\Java\jdk-21\bin\management.dll
Event: 2.286 Loaded shared library C:\Program Files\Java\jdk-21\bin\management_ext.dll

Deoptimization events (20 events):
Event: 2.611 Thread 0x000001d189719f50 Uncommon trap: trap_request=0xffffff45 fr.pc=0x000001d19b797e74 relative=0x0000000000000054
Event: 2.611 Thread 0x000001d189719f50 Uncommon trap: reason=unstable_if action=reinterpret pc=0x000001d19b797e74 method=java.lang.CharacterData.of(I)Ljava/lang/CharacterData; @ 4 c2
Event: 2.611 Thread 0x000001d189719f50 DEOPT PACKING pc=0x000001d19b797e74 sp=0x00000004ee3fb8c0
Event: 2.611 Thread 0x000001d189719f50 DEOPT UNPACKING pc=0x000001d19b1f46a2 sp=0x00000004ee3fb860 mode 2
Event: 2.668 Thread 0x000001d189719f50 Uncommon trap: trap_request=0xffffffde fr.pc=0x000001d19b7a2de4 relative=0x00000000000005a4
Event: 2.669 Thread 0x000001d189719f50 Uncommon trap: reason=class_check action=maybe_recompile pc=0x000001d19b7a2de4 method=java.util.regex.Pattern$Start.match(Ljava/util/regex/Matcher;ILjava/lang/CharSequence;)Z @ 44 c2
Event: 2.669 Thread 0x000001d189719f50 DEOPT PACKING pc=0x000001d19b7a2de4 sp=0x00000004ee3fdd30
Event: 2.669 Thread 0x000001d189719f50 DEOPT UNPACKING pc=0x000001d19b1f46a2 sp=0x00000004ee3fdc90 mode 2
Event: 2.669 Thread 0x000001d189719f50 Uncommon trap: trap_request=0xffffffde fr.pc=0x000001d19b7a2de4 relative=0x00000000000005a4
Event: 2.669 Thread 0x000001d189719f50 Uncommon trap: reason=class_check action=maybe_recompile pc=0x000001d19b7a2de4 method=java.util.regex.Pattern$Start.match(Ljava/util/regex/Matcher;ILjava/lang/CharSequence;)Z @ 44 c2
Event: 2.669 Thread 0x000001d189719f50 DEOPT PACKING pc=0x000001d19b7a2de4 sp=0x00000004ee3fdd30
Event: 2.669 Thread 0x000001d189719f50 DEOPT UNPACKING pc=0x000001d19b1f46a2 sp=0x00000004ee3fdc90 mode 2
Event: 2.669 Thread 0x000001d189719f50 Uncommon trap: trap_request=0xffffffde fr.pc=0x000001d19b7a2de4 relative=0x00000000000005a4
Event: 2.669 Thread 0x000001d189719f50 Uncommon trap: reason=class_check action=maybe_recompile pc=0x000001d19b7a2de4 method=java.util.regex.Pattern$Start.match(Ljava/util/regex/Matcher;ILjava/lang/CharSequence;)Z @ 44 c2
Event: 2.669 Thread 0x000001d189719f50 DEOPT PACKING pc=0x000001d19b7a2de4 sp=0x00000004ee3fdd30
Event: 2.669 Thread 0x000001d189719f50 DEOPT UNPACKING pc=0x000001d19b1f46a2 sp=0x00000004ee3fdc90 mode 2
Event: 2.669 Thread 0x000001d189719f50 Uncommon trap: trap_request=0xffffff45 fr.pc=0x000001d19b7a2fbc relative=0x000000000000077c
Event: 2.669 Thread 0x000001d189719f50 Uncommon trap: reason=unstable_if action=reinterpret pc=0x000001d19b7a2fbc method=java.util.regex.Pattern$Start.match(Ljava/util/regex/Matcher;ILjava/lang/CharSequence;)Z @ 10 c2
Event: 2.669 Thread 0x000001d189719f50 DEOPT PACKING pc=0x000001d19b7a2fbc sp=0x00000004ee3fdd30
Event: 2.669 Thread 0x000001d189719f50 DEOPT UNPACKING pc=0x000001d19b1f46a2 sp=0x00000004ee3fdca0 mode 2

Classes loaded (20 events):
Event: 2.438 Loading class java/util/regex/Pattern$BnM done
Event: 2.450 Loading class java/io/StringWriter
Event: 2.451 Loading class java/io/StringWriter done
Event: 2.456 Loading class java/io/UnsupportedEncodingException
Event: 2.456 Loading class java/io/UnsupportedEncodingException done
Event: 2.574 Loading class java/beans/Transient
Event: 2.575 Loading class java/beans/Transient done
Event: 2.575 Loading class java/beans/ConstructorProperties
Event: 2.575 Loading class java/beans/ConstructorProperties done
Event: 2.591 Loading class java/text/ParseException
Event: 2.591 Loading class java/text/ParseException done
Event: 2.604 Loading class sun/text/resources/cldr/FormatData_en
Event: 2.605 Loading class sun/text/resources/cldr/FormatData_en done
Event: 2.606 Loading class sun/text/resources/cldr/FormatData_en_US
Event: 2.606 Loading class sun/text/resources/cldr/FormatData_en_US done
Event: 2.646 Loading class java/io/CharArrayReader
Event: 2.646 Loading class java/io/CharArrayReader done
Event: 2.647 Loading class java/io/StringReader
Event: 2.647 Loading class java/io/StringReader done
Event: 2.702 Loading class jdk/internal/loader/URLClassPath$FileLoader$1

Classes unloaded (0 events):
No events

Classes redefined (0 events):
No events

Internal exceptions (19 events):
Event: 1.079 Thread 0x000001d189719f50 Exception <a 'java/lang/NoSuchMethodError'{0x00000000c53eba78}: 'int java.lang.invoke.DirectMethodHandle$Holder.invokeSpecial(java.lang.Object, java.lang.Object, java.lang.Object)'> (0x00000000c53eba78) 
thrown [s\open\src\hotspot\share\interpreter\linkResolver.cpp, line 773]
Event: 1.081 Thread 0x000001d189719f50 Exception <a 'java/lang/NoSuchMethodError'{0x00000000c53f6140}: 'void java.lang.invoke.DelegatingMethodHandle$Holder.reinvoke_L(java.lang.Object, java.lang.Object, int)'> (0x00000000c53f6140) 
thrown [s\open\src\hotspot\share\interpreter\linkResolver.cpp, line 773]
Event: 1.083 Thread 0x000001d189719f50 Exception <a 'java/lang/NoSuchMethodError'{0x00000000c53fca00}: 'int java.lang.invoke.Invokers$Holder.invokeExact_MT(java.lang.Object, java.lang.Object, java.lang.Object)'> (0x00000000c53fca00) 
thrown [s\open\src\hotspot\share\interpreter\linkResolver.cpp, line 773]
Event: 1.111 Thread 0x000001d189719f50 Exception <a 'java/lang/NoSuchMethodError'{0x00000000c522a5e0}: 'void java.lang.invoke.Invokers$Holder.invokeExact_MT(java.lang.Object, java.lang.Object, java.lang.Object, java.lang.Object)'> (0x00000000c522a5e0) 
thrown [s\open\src\hotspot\share\interpreter\linkResolver.cpp, line 773]
Event: 1.643 Thread 0x000001d189719f50 Exception <a 'java/lang/NoSuchMethodError'{0x00000000c4ffc5f0}: 'void java.lang.invoke.DirectMethodHandle$Holder.invokeStatic(java.lang.Object, java.lang.Object, java.lang.Object, java.lang.Object)'> (0x00000000c4ffc5f0) 
thrown [s\open\src\hotspot\share\interpreter\linkResolver.cpp, line 773]
Event: 1.690 Thread 0x000001d189719f50 Exception <a 'java/lang/NoSuchMethodError'{0x00000000c4e494b0}: 'int java.lang.invoke.DirectMethodHandle$Holder.invokeStatic(java.lang.Object)'> (0x00000000c4e494b0) 
thrown [s\open\src\hotspot\share\interpreter\linkResolver.cpp, line 773]
Event: 1.690 Thread 0x000001d189719f50 Exception <a 'java/lang/NoSuchMethodError'{0x00000000c4e4c8b8}: 'int java.lang.invoke.DirectMethodHandle$Holder.invokeStaticInit(java.lang.Object)'> (0x00000000c4e4c8b8) 
thrown [s\open\src\hotspot\share\interpreter\linkResolver.cpp, line 773]
Event: 1.706 Thread 0x000001d189719f50 Exception <a 'java/lang/NoSuchMethodError'{0x00000000c4e5a290}: 'int java.lang.invoke.DirectMethodHandle$Holder.invokeStaticInit(java.lang.Object, java.lang.Object)'> (0x00000000c4e5a290) 
thrown [s\open\src\hotspot\share\interpreter\linkResolver.cpp, line 773]
Event: 1.736 Thread 0x000001d189719f50 Exception <a 'java/lang/NoSuchMethodError'{0x00000000c4e989f0}: 'void java.lang.invoke.DirectMethodHandle$Holder.invokeStatic(java.lang.Object, java.lang.Object, java.lang.Object)'> (0x00000000c4e989f0) 
thrown [s\open\src\hotspot\share\interpreter\linkResolver.cpp, line 773]
Event: 1.757 Thread 0x000001d189719f50 Exception <a 'java/lang/NoSuchMethodError'{0x00000000c4eb8ea8}: 'java.lang.Object java.lang.invoke.DirectMethodHandle$Holder.invokeStatic(java.lang.Object, java.lang.Object, int)'> (0x00000000c4eb8ea8) 
thrown [s\open\src\hotspot\share\interpreter\linkResolver.cpp, line 773]
Event: 1.762 Thread 0x000001d189719f50 Exception <a 'java/lang/NoSuchMethodError'{0x00000000c4ec42f8}: 'void java.lang.invoke.DelegatingMethodHandle$Holder.delegate(java.lang.Object, java.lang.Object, int, java.lang.Object)'> (0x00000000c4ec42f8) 
thrown [s\open\src\hotspot\share\interpreter\linkResolver.cpp, line 773]
Event: 1.789 Thread 0x000001d189719f50 Exception <a 'java/lang/NoSuchMethodError'{0x00000000c4d05258}: 'java.lang.Object java.lang.invoke.DirectMethodHandle$Holder.invokeInterface(java.lang.Object, java.lang.Object)'> (0x00000000c4d05258) 
thrown [s\open\src\hotspot\share\interpreter\linkResolver.cpp, line 773]
Event: 1.791 Thread 0x000001d189719f50 Exception <a 'java/lang/IncompatibleClassChangeError'{0x00000000c4d08770}: Found class java.lang.Object, but interface was expected> (0x00000000c4d08770) 
thrown [s\open\src\hotspot\share\interpreter\linkResolver.cpp, line 840]
Event: 1.797 Thread 0x000001d189719f50 Exception <a 'java/lang/NoSuchMethodError'{0x00000000c4d11c40}: 'void java.lang.invoke.DirectMethodHandle$Holder.invokeSpecial(java.lang.Object, java.lang.Object, java.lang.Object)'> (0x00000000c4d11c40) 
thrown [s\open\src\hotspot\share\interpreter\linkResolver.cpp, line 773]
Event: 1.810 Thread 0x000001d189719f50 Exception <a 'java/lang/NoSuchMethodError'{0x00000000c4d2bd08}: 'java.lang.Object java.lang.invoke.DirectMethodHandle$Holder.newInvokeSpecial(java.lang.Object, java.lang.Object, java.lang.Object, int, java.lang.Object)'> (0x00000000c4d2bd08) 
thrown [s\open\src\hotspot\share\interpreter\linkResolver.cpp, line 773]
Event: 1.811 Thread 0x000001d189719f50 Exception <a 'java/lang/NoSuchMethodError'{0x00000000c4d333b0}: 'java.lang.Object java.lang.invoke.Invokers$Holder.linkToTargetMethod(java.lang.Object, java.lang.Object, int, java.lang.Object, java.lang.Object)'> (0x00000000c4d333b0) 
thrown [s\open\src\hotspot\share\interpreter\linkResolver.cpp, line 773]
Event: 2.226 Thread 0x000001d189719f50 Exception <a 'java/lang/NoSuchMethodError'{0x00000000c5365a70}: 'java.lang.Object java.lang.invoke.DirectMethodHandle$Holder.newInvokeSpecial(java.lang.Object, long, int, java.lang.Object)'> (0x00000000c5365a70) 
thrown [s\open\src\hotspot\share\interpreter\linkResolver.cpp, line 773]
Event: 2.245 Thread 0x000001d189719f50 Exception <a 'java/lang/NoSuchMethodError'{0x00000000c53b70d8}: 'void java.lang.invoke.DirectMethodHandle$Holder.invokeStaticInit(java.lang.Object, java.lang.Object, java.lang.Object, java.lang.Object)'> (0x00000000c53b70d8) 
thrown [s\open\src\hotspot\share\interpreter\linkResolver.cpp, line 773]
Event: 2.448 Thread 0x000001d189719f50 Exception <a 'java/lang/NoSuchMethodError'{0x00000000c50d9278}: 'java.lang.Object java.lang.invoke.Invokers$Holder.invokeExact_MT(java.lang.Object, java.lang.Object, java.lang.Object, java.lang.Object, java.lang.Object)'> (0x00000000c50d9278) 
thrown [s\open\src\hotspot\share\interpreter\linkResolver.cpp, line 773]

ZGC Phase Switch (0 events):
No events

VM Operations (20 events):
Event: 1.149 Executing VM operation: Cleanup
Event: 1.149 Executing VM operation: Cleanup done
Event: 1.298 Executing VM operation: HandshakeAllThreads (Deoptimize)
Event: 1.298 Executing VM operation: HandshakeAllThreads (Deoptimize) done
Event: 1.453 Executing VM operation: HandshakeAllThreads (Deoptimize)
Event: 1.453 Executing VM operation: HandshakeAllThreads (Deoptimize) done
Event: 1.632 Executing VM operation: HandshakeAllThreads (Deoptimize)
Event: 1.632 Executing VM operation: HandshakeAllThreads (Deoptimize) done
Event: 1.756 Executing VM operation: HandshakeAllThreads (Deoptimize)
Event: 1.756 Executing VM operation: HandshakeAllThreads (Deoptimize) done
Event: 1.890 Executing VM operation: G1CollectForAllocation (G1 Evacuation Pause)
Event: 1.899 Executing VM operation: G1CollectForAllocation (G1 Evacuation Pause) done
Event: 2.254 Executing VM operation: HandshakeAllThreads (Deoptimize)
Event: 2.254 Executing VM operation: HandshakeAllThreads (Deoptimize) done
Event: 2.375 Executing VM operation: HandshakeAllThreads (Deoptimize)
Event: 2.375 Executing VM operation: HandshakeAllThreads (Deoptimize) done
Event: 2.486 Executing VM operation: G1CollectForAllocation (G1 Evacuation Pause)
Event: 2.493 Executing VM operation: G1CollectForAllocation (G1 Evacuation Pause) done
Event: 2.611 Executing VM operation: HandshakeAllThreads (Deoptimize)
Event: 2.611 Executing VM operation: HandshakeAllThreads (Deoptimize) done

Events (11 events):
Event: 0.069 Thread 0x000001d189719f50 Thread added: 0x000001d189719f50
Event: 0.100 Thread 0x000001d1a64ae500 Thread added: 0x000001d1a64ae500
Event: 0.101 Thread 0x000001d1a64aed70 Thread added: 0x000001d1a64aed70
Event: 0.101 Thread 0x000001d1a64b05f0 Thread added: 0x000001d1a64b05f0
Event: 0.101 Thread 0x000001d1a64b2ff0 Thread added: 0x000001d1a64b2ff0
Event: 0.101 Thread 0x000001d1a64b7670 Thread added: 0x000001d1a64b7670
Event: 0.101 Thread 0x000001d1a64b9cf0 Thread added: 0x000001d1a64b9cf0
Event: 0.102 Thread 0x000001d1a64d2160 Thread added: 0x000001d1a64d2160
Event: 0.102 Thread 0x000001d1a64f4830 Thread added: 0x000001d1a64f4830
Event: 0.251 Thread 0x000001d1a67616f0 Thread added: 0x000001d1a67616f0
Event: 0.260 Thread 0x000001d1a6777a90 Thread added: 0x000001d1a6777a90


Dynamic libraries:
0x00007ff7540f0000 - 0x00007ff754100000 	C:\Program Files\Java\jdk-21\bin\javaw.exe
0x00007ffebd930000 - 0x00007ffebdb28000 	C:\Windows\SYSTEM32\ntdll.dll
0x00007ffebcbf0000 - 0x00007ffebccad000 	C:\Windows\System32\KERNEL32.DLL
0x00007ffebb470000 - 0x00007ffebb766000 	C:\Windows\System32\KERNELBASE.dll
0x00007ffebb190000 - 0x00007ffebb290000 	C:\Windows\System32\ucrtbase.dll
0x00007ffe9d9b0000 - 0x00007ffe9d9c9000 	C:\Program Files\Java\jdk-21\bin\jli.dll
0x00007ffebbad0000 - 0x00007ffebbb80000 	C:\Windows\System32\ADVAPI32.dll
0x00007ffebbb80000 - 0x00007ffebbc1e000 	C:\Windows\System32\msvcrt.dll
0x00007ffebd420000 - 0x00007ffebd4c0000 	C:\Windows\System32\sechost.dll
0x00007ffe9d9d0000 - 0x00007ffe9d9eb000 	C:\Program Files\Java\jdk-21\bin\VCRUNTIME140.dll
0x00007ffebd670000 - 0x00007ffebd793000 	C:\Windows\System32\RPCRT4.dll
0x00007ffebaff0000 - 0x00007ffebb017000 	C:\Windows\System32\bcrypt.dll
0x00007ffebc530000 - 0x00007ffebc6cf000 	C:\Windows\System32\USER32.dll
0x00007ffebb020000 - 0x00007ffebb042000 	C:\Windows\System32\win32u.dll
0x00007ffebcbc0000 - 0x00007ffebcbeb000 	C:\Windows\System32\GDI32.dll
0x00007ffebb300000 - 0x00007ffebb417000 	C:\Windows\System32\gdi32full.dll
0x00007ffea3e90000 - 0x00007ffea412a000 	C:\Windows\WinSxS\amd64_microsoft.windows.common-controls_6595b64144ccf1df_6.0.19041.4355_none_60b8b9eb71f62e16\COMCTL32.dll
0x00007ffebb8d0000 - 0x00007ffebb96d000 	C:\Windows\System32\msvcp_win.dll
0x00007ffeb50d0000 - 0x00007ffeb50da000 	C:\Windows\SYSTEM32\VERSION.dll
0x00007ffebb970000 - 0x00007ffebb99f000 	C:\Windows\System32\IMM32.DLL
0x00007ffe9d970000 - 0x00007ffe9d97c000 	C:\Program Files\Java\jdk-21\bin\vcruntime140_1.dll
0x00007ffe9d8e0000 - 0x00007ffe9d96e000 	C:\Program Files\Java\jdk-21\bin\msvcp140.dll
0x00007ffe9cbc0000 - 0x00007ffe9d8d5000 	C:\Program Files\Java\jdk-21\bin\server\jvm.dll
0x00007ffebc840000 - 0x00007ffebc8ab000 	C:\Windows\System32\WS2_32.dll
0x00007ffebae40000 - 0x00007ffebae8b000 	C:\Windows\SYSTEM32\POWRPROF.dll
0x00007ffeaf500000 - 0x00007ffeaf527000 	C:\Windows\SYSTEM32\WINMM.dll
0x00007ffebae20000 - 0x00007ffebae32000 	C:\Windows\SYSTEM32\UMPDC.dll
0x00007ffeb8e70000 - 0x00007ffeb8e82000 	C:\Windows\SYSTEM32\kernel.appcore.dll
0x00007ffe9c5f0000 - 0x00007ffe9c5fa000 	C:\Program Files\Java\jdk-21\bin\jimage.dll
0x00007ffea7140000 - 0x00007ffea7324000 	C:\Windows\SYSTEM32\DBGHELP.DLL
0x00007ffea6a60000 - 0x00007ffea6a94000 	C:\Windows\SYSTEM32\dbgcore.DLL
0x00007ffebb050000 - 0x00007ffebb0d2000 	C:\Windows\System32\bcryptPrimitives.dll
0x00007ffe9c5d0000 - 0x00007ffe9c5ef000 	C:\Program Files\Java\jdk-21\bin\java.dll
0x00007ffebccb0000 - 0x00007ffebd41a000 	C:\Windows\System32\SHELL32.dll
0x00007ffeb9070000 - 0x00007ffeb980d000 	C:\Windows\SYSTEM32\windows.storage.dll
0x00007ffebbcb0000 - 0x00007ffebc003000 	C:\Windows\System32\combase.dll
0x00007ffeba940000 - 0x00007ffeba96e000 	C:\Windows\SYSTEM32\Wldp.dll
0x00007ffebd800000 - 0x00007ffebd8cd000 	C:\Windows\System32\OLEAUT32.dll
0x00007ffebc010000 - 0x00007ffebc0bd000 	C:\Windows\System32\SHCORE.dll
0x00007ffebcac0000 - 0x00007ffebcb15000 	C:\Windows\System32\shlwapi.dll
0x00007ffebaf20000 - 0x00007ffebaf44000 	C:\Windows\SYSTEM32\profapi.dll
0x00007ffe9c4f0000 - 0x00007ffe9c5c7000 	C:\Program Files\Java\jdk-21\bin\jsvml.dll
0x00007ffea7ad0000 - 0x00007ffea7ae0000 	C:\Program Files\Java\jdk-21\bin\net.dll
0x00007ffeb29b0000 - 0x00007ffeb2aba000 	C:\Windows\SYSTEM32\WINHTTP.dll
0x00007ffeba6a0000 - 0x00007ffeba70a000 	C:\Windows\system32\mswsock.dll
0x00007ffea7ab0000 - 0x00007ffea7ac6000 	C:\Program Files\Java\jdk-21\bin\nio.dll
0x00007ffe9c4d0000 - 0x00007ffe9c4e8000 	C:\Program Files\Java\jdk-21\bin\zip.dll
0x00007ffe9a390000 - 0x00007ffe9a3a0000 	C:\Program Files\Java\jdk-21\bin\verify.dll
0x00007ffe98650000 - 0x00007ffe9865a000 	C:\Program Files\Java\jdk-21\bin\management.dll
0x00007ffe98640000 - 0x00007ffe9864b000 	C:\Program Files\Java\jdk-21\bin\management_ext.dll
0x00007ffebcb20000 - 0x00007ffebcb28000 	C:\Windows\System32\PSAPI.DLL

dbghelp: loaded successfully - version: 4.0.5 - missing functions: none
symbol engine: initialized successfully - sym options: 0x614 - pdb path: .;C:\Program Files\Java\jdk-21\bin;C:\Windows\SYSTEM32;C:\Windows\WinSxS\amd64_microsoft.windows.common-controls_6595b64144ccf1df_6.0.19041.4355_none_60b8b9eb71f62e16;C:\Program Files\Java\jdk-21\bin\server

VM Arguments:
jvm_args: -ea -Dfile.encoding=UTF-8 -Dstdout.encoding=UTF-8 -Dstderr.encoding=UTF-8 -XX:+ShowCodeDetailsInExceptionMessages 
java_command: org.testng.remote.RemoteTestNG -serport 54234 -protocol json -d C:\Users\abhay\eclipse-workspace\DDFWP1\test-output C:\Users\abhay\AppData\Local\Temp\testng-eclipse--576554255\testng-customsuite.xml
java_class_path (initial): C:\Users\abhay\eclipse\java-2023-12\eclipse\configuration\org.eclipse.osgi\520\0\.cp\lib\testng-remote.jar;C:\Users\abhay\eclipse-workspace\DDFWP1\target\test-classes;C:\Users\abhay\eclipse-workspace\DDFWP1\target\classes;C:\Users\abhay\.m2\repository\junit\junit\3.8.1\junit-3.8.1.jar;C:\Users\abhay\.m2\repository\org\apache\logging\log4j\log4j-core\2.23.1\log4j-core-2.23.1.jar;C:\Users\abhay\.m2\repository\org\apache\logging\log4j\log4j-api\2.23.1\log4j-api-2.23.1.jar;C:\Users\abhay\.m2\repository\org\projectlombok\lombok\1.18.32\lombok-1.18.32.jar;C:\Users\abhay\.m2\repository\org\apache\poi\poi\5.2.5\poi-5.2.5.jar;C:\Users\abhay\.m2\repository\commons-codec\commons-codec\1.16.0\commons-codec-1.16.0.jar;C:\Users\abhay\.m2\repository\org\apache\commons\commons-collections4\4.4\commons-collections4-4.4.jar;C:\Users\abhay\.m2\repository\org\apache\commons\commons-math3\3.6.1\commons-math3-3.6.1.jar;C:\Users\abhay\.m2\repository\com\zaxxer\SparseBitSet\1.3\SparseBitSet-1.3.jar;C:\Users\abhay\.m2\repository\org\apache\poi\poi-ooxml\5.2.5\poi-ooxml-5.2.5.jar;C:\Users\abhay\.m2\repository\org\apache\poi\poi-ooxml-lite\5.2.5\poi-ooxml-lite-5.2.5.jar;C:\Users\abhay\.m2\repository\org\apache\xmlbeans\xmlbeans\5.2.0\xmlbeans-5.2.0.jar;C:\Users\abhay\.m2\repository\org\apache\commons\commons-compress\1.25.0\commons-compress-1.25.0.jar;C:\Users\abhay\.m2\repository\com\github\virtuald\curvesapi\1.08\curvesapi-1.08.jar;C:\Users\abhay\.m2\repository\commons-io\commons-io\2.16.1\commons-io-2.16.1.jar;C:\Users\abhay\.m2\repository\org\seleniumhq\selenium\selenium-java\4.19.1\selenium-java-4.19.1.jar;C:\Users\abhay\.m2\repository\org\seleniumhq\selenium\selenium-api\4.19.1\selenium-api-4.19.1.jar;C:\Users\abhay\.m2\repository\org\seleniumhq\selenium\selenium-chrome-driver\4.19.1\selenium-chrome-driver-4.19.1.jar;C:\Users\abhay\.m2\repository\com\google\auto\service\auto-service-annotations\1.1.1\auto-service-annotations-1.1.1.jar;C:\Users\abhay\.m2\repository\org\seleniumhq\selenium\selenium-chromium-driver\4.19.1\selenium-chromium-driver-4.19.1.jar;C:\Users\abhay\.m2\repository\org\seleniumhq\selenium\selenium-json\4.19.1\selenium-json-4.19.1.jar;C:\Users\abhay\.m2\repository\org\seleniumhq\selenium\selenium-manager\4.19.1\selenium-manager-4.19.1.jar;C:\Users\abhay\.m2\repository\org\seleniumhq\selenium\selenium-devtools-v121\4.19.1\selenium-devtools-v121-4.19.1.jar;C:\Users\abhay\.m2\repository\org\seleniumhq\selenium\selenium-devtools-v122\4.19.1\selenium-devtools-v122-4.19.1.jar;C:\Users\abhay\.m2\repository\org\seleniumhq\selenium\selenium-devtools-v123\4.19.1\selenium-devtools-v123-4.19.1.jar;C:\Users\abhay\.m2\repository\org\seleniumhq\selenium\selenium-devtools-v85\4.19.1\selenium-devtools-v85-4.19.1.jar;C:\Users\abhay\.m2\repository\org\seleniumhq\selenium\selenium-edge-driver\4.19.1\selenium-edge-driver-4.19.1.jar;C:\Users\abhay\.m2\repository\org\seleniumhq\selenium\selenium-firefox-driver\4.19.1\selenium-firefox-driver-4.19.1.jar;C:\Users\abhay\.m2\repository\org\seleniumhq\selenium\selenium-http\4.19.1\selenium-http-4.19.1.jar;C:\Users\abhay\.m2\repository\dev\failsafe\failsafe\3.3.2\failsafe-3.3.2.jar;C:\Users\abhay\.m2\repository\org\seleniumhq\selenium\selenium-ie-driver\4.19.1\selenium-ie-driver-4.19.1.jar;C:\Users\abhay\.m2\repository\org\seleniumhq\selenium\selenium-remote-driver\4.19.1\selenium-remote-driver-4.19.1.jar;C:\Users\abhay\.m2\repository\io\opentelemetry\semconv\opentelemetry-semconv\1.23.1-alpha\opentelemetry-semconv-1.23.1-alpha.jar;C:\Users\abhay\.m2\repository\io\opentelemetry\opentelemetry-api\1.36.0\opentelemetry-api-1.36.0.jar;C:\Users\abhay\.m2\repository\io\opentelemetry\opentelemetry-context\1.36.0\opentelemetry-context-1.36.0.jar;C:\Users\abhay\.m2\repository\io\opentelemetry\opentelemetry-exporter-logging\1.36.0\opentelemetry-exporter-logging-1.36.0.jar;C:\Users\abhay\.m2\repository\io\opentelemetry\opentelemetry-sdk-common\1.36.0\opentelemetry-sdk-common-1.36.0.jar;C:\Users\abhay\.m2\repository\io\opentelemetry\opentelemetry-sdk-extension-autoconfigure-spi\1.36.0\opentelemetry-sdk-extension-autoconfigure-spi-1.36.0.jar;C:\Users\abhay\.m2\repository\io\opentelemetry\opentelemetry-sdk-extension-autoconfigure\1.36.0\opentelemetry-sdk-extension-autoconfigure-1.36.0.jar;C:\Users\abhay\.m2\repository\io\opentelemetry\opentelemetry-api-events\1.36.0-alpha\opentelemetry-api-events-1.36.0-alpha.jar;C:\Users\abhay\.m2\repository\io\opentelemetry\opentelemetry-sdk-trace\1.36.0\opentelemetry-sdk-trace-1.36.0.jar;C:\Users\abhay\.m2\repository\io\opentelemetry\opentelemetry-extension-incubator\1.36.0-alpha\opentelemetry-extension-incubator-1.36.0-alpha.jar;C:\Users\abhay\.m2\repository\io\opentelemetry\opentelemetry-sdk\1.36.0\opentelemetry-sdk-1.36.0.jar;C:\Users\abhay\.m2\repository\io\opentelemetry\opentelemetry-sdk-metrics\1.36.0\opentelemetry-sdk-metrics-1.36.0.jar;C:\Users\abhay\.m2\repository\io\opentelemetry\opentelemetry-sdk-logs\1.36.0\opentelemetry-sdk-logs-1.36.0.jar;C:\Users\abhay\.m2\repository\net\bytebuddy\byte-buddy\1.14.12\byte-buddy-1.14.12.jar;C:\Users\abhay\.m2\repository\org\seleniumhq\selenium\selenium-os\4.19.1\selenium-os-4.19.1.jar;C:\Users\abhay\.m2\repository\org\apache\commons\commons-exec\1.3\commons-exec-1.3.jar;C:\Users\abhay\.m2\repository\org\seleniumhq\selenium\selenium-safari-driver\4.19.1\selenium-safari-driver-4.19.1.jar;C:\Users\abhay\.m2\repository\org\seleniumhq\selenium\selenium-support\4.19.1\selenium-support-4.19.1.jar;C:\Users\abhay\.m2\repository\org\testng\testng\7.10.1\testng-7.10.1.jar;C:\Users\abhay\.m2\repository\org\slf4j\slf4j-api\1.7.36\slf4j-api-1.7.36.jar;C:\Users\abhay\.m2\repository\com\beust\jcommander\1.82\jcommander-1.82.jar;C:\Users\abhay\.m2\repository\org\webjars\jquery\3.7.1\jquery-3.7.1.jar;C:\Users\abhay\.m2\repository\org\catools\extentreport\1.0.1\extentreport-1.0.1.jar;C:\Users\abhay\.m2\repository\org\catools\common.testng\1.0.1\common.testng-1.0.1.jar;C:\Users\abhay\.m2\repository\org\catools\common.logger\1.0.1\common.logger-1.0.1.jar;C:\Users\abhay\.m2\repository\org\catools\common.utils\1.0.1\common.utils-1.0.1.jar;C:\Users\abhay\.m2\repository\org\catools\common.config\1.0.1\common.config-1.0.1.jar;C:\Users\abhay\.m2\repository\org\catools\common.extension\1.0.1\common.extension-1.0.1.jar;C:\Users\abhay\.m2\repository\org\catools\common.security\1.0.1\common.security-1.0.1.jar;C:\Users\abhay\.m2\repository\com\aventstack\extentreports\5.0.9\extentreports-5.0.9.jar;C:\Users\abhay\.m2\repository\io\reactivex\rxjava3\rxjava\3.0.4\rxjava-3.0.4.jar;C:\Users\abhay\.m2\repository\org\reactivestreams\reactive-streams\1.0.3\reactive-streams-1.0.3.jar;C:\Users\abhay\.m2\repository\org\freemarker\freemarker\2.3.30\freemarker-2.3.30.jar;C:\Users\abhay\.m2\repository\com\google\code\gson\gson\2.8.6\gson-2.8.6.jar;C:\Users\abhay\.m2\repository\com\github\lalyos\jfiglet\0.0.8\jfiglet-0.0.8.jar;C:\Users\abhay\.m2\repository\com\diogonunes\JCDP\2.0.3.1\JCDP-2.0.3.1.jar;C:\Users\abhay\.m2\repository\org\fusesource\jansi\jansi\1.15\jansi-1.15.jar;C:\Users\abhay\.m2\repository\org\codehaus\groovy\groovy-jsr223\2.5.7\groovy-jsr223-2.5.7.jar;C:\Users\abhay\.m2\repository\org\codehaus\groovy\groovy\2.5.7\groovy-2.5.7.jar;C:\Users\abhay\.m2\repository\org\apache\logging\log4j\log4j-slf4j-impl\2.17.1\log4j-slf4j-impl-2.17.1.jar;C:\Users\abhay\.m2\repository\javax\xml\bind\jaxb-api\2.3.1\jaxb-api-2.3.1.jar;C:\Users\abhay\.m2\repository\javax\activation\javax.activation-api\1.2.0\javax.activation-api-1.2.0.jar;C:\Users\abhay\.m2\repository\javax\xml\bind\activation\1.0.2\activation-1.0.2.jar;C:\Users\abhay\.m2\repository\org\glassfish\jaxb\jaxb-runtime\2.4.0-b180830.0438\jaxb-runtime-2.4.0-b180830.0438.jar;C:\Users\abhay\.m2\repository\org\glassfish\jaxb\txw2\2.4.0-b180830.0438\txw2-2.4.0-b180830.0438.jar;C:\Users\abhay\.m2\repository\com\sun\istack\istack-commons-runtime\3.0.7\istack-commons-runtime-3.0.7.jar;C:\Users\abhay\.m2\repository\org\jvnet\staxex\stax-ex\1.8\stax-ex-1.8.jar;C:\Users\abhay\.m2\repository\com\sun\xml\fastinfoset\FastInfoset\1.2.15\FastInfoset-1.2.15.jar;C:\Users\abhay\.m2\repository\javax\ws\rs\javax.ws.rs-api\2.1.1\javax.ws.rs-api-2.1.1.jar;C:\Users\abhay\.m2\repository\org\codehaus\jettison\jettison\1.4.0\jettison-1.4.0.jar;C:\Users\abhay\.m2\repository\org\apache\commons\commons-text\1.6\commons-text-1.6.jar;C:\Users\abhay\.m2\repository\org\apache\commons\commons-lang3\3.8.1\commons-lang3-3.8.1.jar;C:\Users\abhay\.m2\repository\org\apache\commons\commons-csv\1.6\commons-csv-1.6.jar;C:\Users\abhay\.m2\repository\com\fasterxml\jackson\core\jackson-core\2.10.2\jackson-core-2.10.2.jar;C:\Users\abhay\.m2\repository\com\fasterxml\jackson\dataformat\jackson-dataformat-yaml\2.10.2\jackson-dataformat-yaml-2.10.2.jar;C:\Users\abhay\.m2\repository\org\yaml\snakeyaml\1.24\snakeyaml-1.24.jar;C:\Users\abhay\.m2\repository\com\fasterxml\jackson\core\jackson-databind\2.10.2\jackson-databind-2.10.2.jar;C:\Users\abhay\.m2\repository\com\fasterxml\jackson\core\jackson-annotations\2.10.2\jackson-annotations-2.10.2.jar;C:\Users\abhay\.m2\repository\commons-collections\commons-collections\3.2.1\commons-collections-3.2.1.jar;C:\Users\abhay\.m2\repository\com\google\guava\guava\31.0.1-jre\guava-31.0.1-jre.jar;C:\Users\abhay\.m2\repository\com\google\guava\failureaccess\1.0.1\failureaccess-1.0.1.jar;C:\Users\abhay\.m2\repository\com\google\guava\listenablefuture\9999.0-empty-to-avoid-conflict-with-guava\listenablefuture-9999.0-empty-to-avoid-conflict-with-guava.jar;C:\Users\abhay\.m2\repository\com\google\code\findbugs\jsr305\3.0.2\jsr305-3.0.2.jar;C:\Users\abhay\.m2\repository\org\checkerframework\checker-qual\3.12.0\checker-qual-3.12.0.jar;C:\Users\abhay\.m2\repository\com\google\errorprone\error_prone_annotations\2.7.1\error_prone_annotations-2.7.1.jar;C:\Users\abhay\.m2\repository\com\google\j2objc\j2objc-annotations\1.3\j2objc-annotations-1.3.jar;C:\Users\abhay\.m2\repository\org\bitbucket\cowwoc\diff-match-patch\1.2\diff-match-patch-1.2.jar;C:\Users\abhay\.m2\repository\uk\com\robust-it\cloning\1.9.12\cloning-1.9.12.jar;C:\Users\abhay\.m2\repository\org\objenesis\objenesis\3.0.1\objenesis-3.0.1.jar
Launcher Type: SUN_STANDARD

[Global flags]
     intx CICompilerCount                          = 3                                         {product} {ergonomic}
     uint ConcGCThreads                            = 1                                         {product} {ergonomic}
     uint G1ConcRefinementThreads                  = 4                                         {product} {ergonomic}
   size_t G1HeapRegionSize                         = 1048576                                   {product} {ergonomic}
    uintx GCDrainStackTargetSize                   = 64                                        {product} {ergonomic}
   size_t InitialHeapSize                          = 67108864                                  {product} {ergonomic}
   size_t MarkStackSize                            = 4194304                                   {product} {ergonomic}
   size_t MaxHeapSize                              = 1046478848                                {product} {ergonomic}
   size_t MaxNewSize                               = 627048448                                 {product} {ergonomic}
   size_t MinHeapDeltaBytes                        = 1048576                                   {product} {ergonomic}
   size_t MinHeapSize                              = 8388608                                   {product} {ergonomic}
    uintx NonNMethodCodeHeapSize                   = 5832780                                {pd product} {ergonomic}
    uintx NonProfiledCodeHeapSize                  = 122912730                              {pd product} {ergonomic}
    uintx ProfiledCodeHeapSize                     = 122912730                              {pd product} {ergonomic}
    uintx ReservedCodeCacheSize                    = 251658240                              {pd product} {ergonomic}
     bool SegmentedCodeCache                       = true                                      {product} {ergonomic}
     bool ShowCodeDetailsInExceptionMessages       = true                                   {manageable} {command line}
   size_t SoftMaxHeapSize                          = 1046478848                             {manageable} {ergonomic}
     bool UseCompressedOops                        = true                           {product lp64_product} {ergonomic}
     bool UseG1GC                                  = true                                      {product} {ergonomic}
     bool UseLargePagesIndividualAllocation        = false                                  {pd product} {ergonomic}

Logging:
Log output configuration:
 #0: stdout all=warning uptime,level,tags foldmultilines=false
 #1: stderr all=off uptime,level,tags foldmultilines=false

Environment Variables:
PATH=C:/Program Files/Java/jdk-21/bin/server;C:/Program Files/Java/jdk-21/bin;C:\Program Files\Common Files\Oracle\Java\javapath;C:\Windows\system32;C:\Windows;C:\Windows\System32\Wbem;C:\Windows\System32\WindowsPowerShell\v1.0\;C:\Windows\System32\OpenSSH\;C:\apache-maven-3.9.6-bin\apache-maven-3.9.6\bin;C:\Program Files\Java\jdk-21\bin;C:\Program Files\MySQL\MySQL Shell 8.0\bin\;C:\Users\abhay\AppData\Local\Microsoft\WindowsApps;;C:\Users\abhay\OneDrive\Desktop;
USERNAME=abhay
OS=Windows_NT
PROCESSOR_IDENTIFIER=Intel64 Family 6 Model 78 Stepping 3, GenuineIntel
TMP=C:\Users\abhay\AppData\Local\Temp
TEMP=C:\Users\abhay\AppData\Local\Temp




Periodic native trim disabled

---------------  S Y S T E M  ---------------

OS:
 Windows 10 , 64 bit Build 19041 (10.0.19041.3636)
OS uptime: 59 days 2:02 hours

CPU: total 4 (initial active 4) (2 cores per cpu, 2 threads per core) family 6 model 78 stepping 3 microcode 0xcc, cx8, cmov, fxsr, ht, mmx, 3dnowpref, sse, sse2, sse3, ssse3, sse4.1, sse4.2, popcnt, lzcnt, tsc, tscinvbit, avx, avx2, aes, erms, clmul, bmi1, bmi2, rtm, adx, fma, vzeroupper, clflush, clflushopt, rdtscp, f16c
Processor Information for all 4 processors :
  Max Mhz: 2301, Current Mhz: 2301, Mhz Limit: 2301

Memory: 4k page, system-wide physical 3987M (213M free)
TotalPageFile size 16275M (AvailPageFile size 0M)
current process WorkingSet (physical memory assigned to process): 80M, peak: 80M
current process commit charge ("private bytes"): 158M, peak: 158M

vm_info: Java HotSpot(TM) 64-Bit Server VM (21.0.1+12-LTS-29) for windows-amd64 JRE (21.0.1+12-LTS-29), built on 2023-10-05T13:27:09Z by "mach5one" with MS VC++ 17.1 (VS2022)

END.
